Using pre-set license
Built from '2020.3/staging' branch; Version is '2020.3.25f1 (9b9180224418) revision 10195328'; Using compiler version '192528614'; Build Type 'Release'
OS: 'Windows 11  (10.0.22621) 64bit Core' Language: 'ko' Physical Memory: 32693 MB
BatchMode: 1, IsHumanControllingUs: 0, StartBugReporterOnCrash: 0, Is64bit: 1, IsPro: 0

COMMAND LINE ARGUMENTS:
C:\Program Files\Unity\Hub\Editor\2020.3.25f1\Editor\Unity.exe
-adb2
-batchMode
-noUpm
-name
AssetImportWorker0
-projectPath
C:/Users/Javis.JAVIS/Documents/GitHub/Elemental Survival
-logFile
Logs/AssetImportWorker0.log
-srvPort
60000
Successfully changed project path to: C:/Users/Javis.JAVIS/Documents/GitHub/Elemental Survival
C:/Users/Javis.JAVIS/Documents/GitHub/Elemental Survival
Using Asset Import Pipeline V2.
Refreshing native plugins compatible for Editor in 455.62 ms, found 6 plugins.
Preloading 0 native plugins for Editor in 0.00 ms.
Initialize engine version: 2020.3.25f1 (9b9180224418)
[Subsystems] Discovering subsystems at path C:/Program Files/Unity/Hub/Editor/2020.3.25f1/Editor/Data/Resources/UnitySubsystems
[Subsystems] Discovering subsystems at path C:/Users/Javis.JAVIS/Documents/GitHub/Elemental Survival/Assets
GfxDevice: creating device client; threaded=0
Direct3D:
    Version:  Direct3D 11.0 [level 11.1]
    Renderer: NVIDIA GeForce RTX 2080 Ti (ID=0x1e07)
    Vendor:   
    VRAM:     11041 MB
    Driver:   31.0.15.2849
Initialize mono
Mono path[0] = 'C:/Program Files/Unity/Hub/Editor/2020.3.25f1/Editor/Data/Managed'
Mono path[1] = 'C:/Program Files/Unity/Hub/Editor/2020.3.25f1/Editor/Data/MonoBleedingEdge/lib/mono/unityjit'
Mono config path = 'C:/Program Files/Unity/Hub/Editor/2020.3.25f1/Editor/Data/MonoBleedingEdge/etc'
Using monoOptions --debugger-agent=transport=dt_socket,embedding=1,server=y,suspend=n,address=127.0.0.1:56580
Begin MonoManager ReloadAssembly
Registering precompiled unity dll's ...
Register platform support module: C:/Program Files/Unity/Hub/Editor/2020.3.25f1/Editor/Data/PlaybackEngines/WindowsStandaloneSupport/UnityEditor.WindowsStandalone.Extensions.dll
Registered in 0.003159 seconds.
Native extension for WindowsStandalone target not found
Refreshing native plugins compatible for Editor in 460.52 ms, found 6 plugins.
Preloading 0 native plugins for Editor in 0.00 ms.
Mono: successfully reloaded assembly
- Completed reload, in  1.111 seconds
Domain Reload Profiling:
	ReloadAssembly (1111ms)
		BeginReloadAssembly (78ms)
			ExecutionOrderSort (0ms)
			DisableScriptedObjects (0ms)
			BackupInstance (0ms)
			ReleaseScriptingObjects (0ms)
			CreateAndSetChildDomain (1ms)
		EndReloadAssembly (942ms)
			LoadAssemblies (73ms)
			RebuildTransferFunctionScriptingTraits (0ms)
			SetupTypeCache (167ms)
			ReleaseScriptCaches (0ms)
			RebuildScriptCaches (38ms)
			SetupLoadedEditorAssemblies (605ms)
				LogAssemblyErrors (0ms)
				InitializePlatformSupportModulesInManaged (5ms)
				SetLoadedEditorAssemblies (0ms)
				RefreshPlugins (461ms)
				BeforeProcessingInitializeOnLoad (15ms)
				ProcessInitializeOnLoadAttributes (92ms)
				ProcessInitializeOnLoadMethodAttributes (31ms)
				AfterProcessingInitializeOnLoad (0ms)
				EditorAssembliesLoaded (0ms)
			ExecutionOrderSort2 (0ms)
			AwakeInstancesAfterBackupRestoration (0ms)
Platform modules already initialized, skipping
Registering precompiled user dll's ...
Registered in 0.018608 seconds.
Begin MonoManager ReloadAssembly
Native extension for WindowsStandalone target not found
Refreshing native plugins compatible for Editor in 469.38 ms, found 6 plugins.
Preloading 0 native plugins for Editor in 0.00 ms.
Mono: successfully reloaded assembly
- Completed reload, in  2.185 seconds
Domain Reload Profiling:
	ReloadAssembly (2186ms)
		BeginReloadAssembly (177ms)
			ExecutionOrderSort (0ms)
			DisableScriptedObjects (5ms)
			BackupInstance (0ms)
			ReleaseScriptingObjects (0ms)
			CreateAndSetChildDomain (19ms)
		EndReloadAssembly (1922ms)
			LoadAssemblies (172ms)
			RebuildTransferFunctionScriptingTraits (0ms)
			SetupTypeCache (457ms)
			ReleaseScriptCaches (1ms)
			RebuildScriptCaches (117ms)
			SetupLoadedEditorAssemblies (1029ms)
				LogAssemblyErrors (0ms)
				InitializePlatformSupportModulesInManaged (4ms)
				SetLoadedEditorAssemblies (0ms)
				RefreshPlugins (469ms)
				BeforeProcessingInitializeOnLoad (173ms)
				ProcessInitializeOnLoadAttributes (343ms)
				ProcessInitializeOnLoadMethodAttributes (26ms)
				AfterProcessingInitializeOnLoad (12ms)
				EditorAssembliesLoaded (0ms)
			ExecutionOrderSort2 (0ms)
			AwakeInstancesAfterBackupRestoration (7ms)
Platform modules already initialized, skipping
========================================================================
Worker process is ready to serve import requests
Launched and connected shader compiler UnityShaderCompiler.exe after 0.07 seconds
Refreshing native plugins compatible for Editor in 3.65 ms, found 6 plugins.
Preloading 0 native plugins for Editor in 0.00 ms.
Unloading 4935 Unused Serialized files (Serialized files now loaded: 0)
System memory in use before: 326.3 MB.
System memory in use after: 326.5 MB.

Unloading 44 unused Assets to reduce memory usage. Loaded Objects now: 5394.
Total: 4.738800 ms (FindLiveObjects: 0.409900 ms CreateObjectMapping: 0.117700 ms MarkObjects: 4.070800 ms  DeleteObjects: 0.138800 ms)

AssetImportParameters requested are different than current active one (requested -> active):
  custom:framework-win-MediaFoundation: 216162199b28c13a410421893ffa2e32 -> 
  custom:video-decoder-ogg-theora: a1e56fd34408186e4bbccfd4996cb3dc -> 
  custom:container-muxer-webm: aa71ff27fc2769a1b78a27578f13a17b -> 
  custom:container-demuxer-webm: 4f35f7cbe854078d1ac9338744f61a02 -> 
  custom:container-demuxer-ogg: 62fdf1f143b41e24485cea50d1cbac27 -> 
  custom:video-encoder-webm-vp8: eb34c28f22e8b96e1ab97ce403110664 -> 
  custom:video-codec-MediaFoundation-h265: 746d11721c4dcdbdad8f713fa42b33f4 -> 
  custom:video-decoder-webm-vp8: 9c59270c3fd7afecdb556c50c9e8de78 -> 
  custom:audio-decoder-ogg-vorbis: bf7c407c2cedff20999df2af8eb42d56 -> 
  custom:audio-encoder-webm-vorbis: bf7c407c2cedff20999df2af8eb42d56 -> 
========================================================================
Received Import Request.
  path: Assets/Resources/Effect/Shader/RadialFill 1.shader
  artifactKey: Guid(15e8548f209978043b32ea892e24e4fa) Importer(815301076,1909f56bfc062723c751e8b465ee728b)
Start importing Assets/Resources/Effect/Shader/RadialFill 1.shader using Guid(15e8548f209978043b32ea892e24e4fa) Importer(815301076,1909f56bfc062723c751e8b465ee728b)  -> (artifact id: '5e7f4426d4667b5dabb95907bba88e6d') in 0.087364 seconds 
  Import took 0.098547 seconds .

========================================================================
Received Import Request.
  Time since last request: 2.222852 seconds.
  path: Assets/Resources/Effect/Shader/RadialFill.shader
  artifactKey: Guid(c23391987a0ff7744b2a217a458e2636) Importer(815301076,1909f56bfc062723c751e8b465ee728b)
Start importing Assets/Resources/Effect/Shader/RadialFill.shader using Guid(c23391987a0ff7744b2a217a458e2636) Importer(815301076,1909f56bfc062723c751e8b465ee728b)  -> (artifact id: '744eb850a504bce3e3b81c2ee15bd9d7') in 0.007796 seconds 
  Import took 0.015987 seconds .

========================================================================
Received Import Request.
  Time since last request: 11.506885 seconds.
  path: Assets/Resources/Effect/Shader/Ripple.shader
  artifactKey: Guid(15e8548f209978043b32ea892e24e4fa) Importer(815301076,1909f56bfc062723c751e8b465ee728b)
Start importing Assets/Resources/Effect/Shader/Ripple.shader using Guid(15e8548f209978043b32ea892e24e4fa) Importer(815301076,1909f56bfc062723c751e8b465ee728b)  -> (artifact id: '324619fc991f62b1c5fc673c79f9f435') in 0.010970 seconds 
  Import took 0.020210 seconds .

========================================================================
Received Import Request.
  Time since last request: 3024.312327 seconds.
  path: Assets/Resources/Effect/Shader/RadialFill 1.shader
  artifactKey: Guid(159632d24df3694469586d85f34a8218) Importer(815301076,1909f56bfc062723c751e8b465ee728b)
Start importing Assets/Resources/Effect/Shader/RadialFill 1.shader using Guid(159632d24df3694469586d85f34a8218) Importer(815301076,1909f56bfc062723c751e8b465ee728b)  -> (artifact id: 'cecd3b342542a04a49067a4d8c4701f4') in 0.004909 seconds 
  Import took 0.015000 seconds .

========================================================================
Received Import Request.
  Time since last request: 8.530301 seconds.
  path: Assets/Resources/Effect/Shader/Ripple.shader
  artifactKey: Guid(159632d24df3694469586d85f34a8218) Importer(815301076,1909f56bfc062723c751e8b465ee728b)
Start importing Assets/Resources/Effect/Shader/Ripple.shader using Guid(159632d24df3694469586d85f34a8218) Importer(815301076,1909f56bfc062723c751e8b465ee728b)  -> (artifact id: '1b04f542acf1f0f5a141cfe98d8db1bd') in 0.005207 seconds 
  Import took 0.013848 seconds .

========================================================================
Received Import Request.
  Time since last request: 27.633682 seconds.
  path: Assets/Resources/Effect/Shader/Ripple.shader
  artifactKey: Guid(159632d24df3694469586d85f34a8218) Importer(815301076,1909f56bfc062723c751e8b465ee728b)
Start importing Assets/Resources/Effect/Shader/Ripple.shader using Guid(159632d24df3694469586d85f34a8218) Importer(815301076,1909f56bfc062723c751e8b465ee728b)  -> (artifact id: '2a707284f71e5885ef23d61cd77ccc3f') in 0.007125 seconds 
  Import took 0.016186 seconds .

========================================================================
Received Import Request.
  Time since last request: 15.807114 seconds.
  path: Assets/Resources/Effect/Shader/RippleDistortion.shader
  artifactKey: Guid(159632d24df3694469586d85f34a8218) Importer(815301076,1909f56bfc062723c751e8b465ee728b)
Start importing Assets/Resources/Effect/Shader/RippleDistortion.shader using Guid(159632d24df3694469586d85f34a8218) Importer(815301076,1909f56bfc062723c751e8b465ee728b)  -> (artifact id: '539dc96390a9265a0012bffccbbaa398') in 0.010968 seconds 
  Import took 0.020961 seconds .

========================================================================
Received Import Request.
  Time since last request: 19.473269 seconds.
  path: Assets/Resources/Effect/Shader/Custom_RippleDistortion.mat
  artifactKey: Guid(b9a188941e8dcac41ad89e86d4caec3c) Importer(815301076,1909f56bfc062723c751e8b465ee728b)
Start importing Assets/Resources/Effect/Shader/Custom_RippleDistortion.mat using Guid(b9a188941e8dcac41ad89e86d4caec3c) Importer(815301076,1909f56bfc062723c751e8b465ee728b)  -> (artifact id: '6a41c390773e63c1a1c7275d0c850e2b') in 0.309744 seconds 
  Import took 0.318121 seconds .

========================================================================
Received Import Request.
  Time since last request: 312.183857 seconds.
  path: Assets/Resources/Effect/Shader/RippleTexture.mat
  artifactKey: Guid(b9a188941e8dcac41ad89e86d4caec3c) Importer(815301076,1909f56bfc062723c751e8b465ee728b)
Start importing Assets/Resources/Effect/Shader/RippleTexture.mat using Guid(b9a188941e8dcac41ad89e86d4caec3c) Importer(815301076,1909f56bfc062723c751e8b465ee728b)  -> (artifact id: 'dd7153bbcbf32888a93819f1bc368a86') in 0.024656 seconds 
  Import took 0.035547 seconds .

========================================================================
Received Import Request.
  Time since last request: 6.171205 seconds.
  path: Assets/Resources/Effect/Shader/RippleTexture.shader
  artifactKey: Guid(159632d24df3694469586d85f34a8218) Importer(815301076,1909f56bfc062723c751e8b465ee728b)
Start importing Assets/Resources/Effect/Shader/RippleTexture.shader using Guid(159632d24df3694469586d85f34a8218) Importer(815301076,1909f56bfc062723c751e8b465ee728b)  -> (artifact id: '3b5857a26ee470913d1dc20e45b16d48') in 0.007462 seconds 
  Import took 0.017960 seconds .

========================================================================
Received Import Request.
  Time since last request: 11.392867 seconds.
  path: Assets/Resources/Effect/Shader/RippleTexture.shader
  artifactKey: Guid(159632d24df3694469586d85f34a8218) Importer(815301076,1909f56bfc062723c751e8b465ee728b)
Start importing Assets/Resources/Effect/Shader/RippleTexture.shader using Guid(159632d24df3694469586d85f34a8218) Importer(815301076,1909f56bfc062723c751e8b465ee728b)  -> (artifact id: 'acb40b4848782feef126b7067a0daf43') in 0.005898 seconds 
  Import took 0.015697 seconds .

========================================================================
Received Import Request.
  Time since last request: 24.261443 seconds.
  path: Assets/Resources/Effect/Shader/RippleTexture 1.shader
  artifactKey: Guid(63bd42bcd7fe7094182ecd1c4074f2b7) Importer(815301076,1909f56bfc062723c751e8b465ee728b)
Start importing Assets/Resources/Effect/Shader/RippleTexture 1.shader using Guid(63bd42bcd7fe7094182ecd1c4074f2b7) Importer(815301076,1909f56bfc062723c751e8b465ee728b)  -> (artifact id: 'fe87ae985c45321ea777f805a9186a13') in 0.011396 seconds 
  Import took 0.020243 seconds .

========================================================================
Received Import Request.
  Time since last request: 10.649210 seconds.
  path: Assets/Resources/Effect/Shader/RippleBack.shader
  artifactKey: Guid(63bd42bcd7fe7094182ecd1c4074f2b7) Importer(815301076,1909f56bfc062723c751e8b465ee728b)
Start importing Assets/Resources/Effect/Shader/RippleBack.shader using Guid(63bd42bcd7fe7094182ecd1c4074f2b7) Importer(815301076,1909f56bfc062723c751e8b465ee728b)  -> (artifact id: '875da77b21c255915360056d7596b829') in 0.009444 seconds 
  Import took 0.018521 seconds .

========================================================================
Received Import Request.
  Time since last request: 24.077036 seconds.
  path: Assets/Resources/Effect/Shader/RippleBack.shader
  artifactKey: Guid(63bd42bcd7fe7094182ecd1c4074f2b7) Importer(815301076,1909f56bfc062723c751e8b465ee728b)
Start importing Assets/Resources/Effect/Shader/RippleBack.shader using Guid(63bd42bcd7fe7094182ecd1c4074f2b7) Importer(815301076,1909f56bfc062723c751e8b465ee728b)  -> (artifact id: 'd5b6c024487995f0ff710574a92a069b') in 0.007065 seconds 
  Import took 0.016752 seconds .

========================================================================
Received Import Request.
  Time since last request: 22.132396 seconds.
  path: Assets/Resources/Effect/Material/HotDog_Effect_Mat.mat
  artifactKey: Guid(f5184fbd598b8494ab81b39906e0fa1b) Importer(815301076,1909f56bfc062723c751e8b465ee728b)
Start importing Assets/Resources/Effect/Material/HotDog_Effect_Mat.mat using Guid(f5184fbd598b8494ab81b39906e0fa1b) Importer(815301076,1909f56bfc062723c751e8b465ee728b)  -> (artifact id: '09bb3d690b1d2d5daf3a0c38776b6982') in 0.019745 seconds 
  Import took 0.029107 seconds .

========================================================================
Received Import Request.
  Time since last request: 237.651821 seconds.
  path: Assets/Resources/Effect/Shader/RippleBack.mat
  artifactKey: Guid(41b15974cbf8a6944b09216593722f2f) Importer(815301076,1909f56bfc062723c751e8b465ee728b)
Start importing Assets/Resources/Effect/Shader/RippleBack.mat using Guid(41b15974cbf8a6944b09216593722f2f) Importer(815301076,1909f56bfc062723c751e8b465ee728b)  -> (artifact id: 'c632fe6911d117505b453ccb2e008442') in 0.018865 seconds 
  Import took 0.027476 seconds .

========================================================================
Received Import Request.
  Time since last request: 320.099885 seconds.
  path: Assets/Resources/Effect/Shader/RippleBack.shader
  artifactKey: Guid(63bd42bcd7fe7094182ecd1c4074f2b7) Importer(815301076,1909f56bfc062723c751e8b465ee728b)
Start importing Assets/Resources/Effect/Shader/RippleBack.shader using Guid(63bd42bcd7fe7094182ecd1c4074f2b7) Importer(815301076,1909f56bfc062723c751e8b465ee728b)  -> (artifact id: '766b7c833cd6ed4a4f38512b2b258fb2') in 0.006068 seconds 
  Import took 0.016076 seconds .

========================================================================
Received Import Request.
  Time since last request: 181.458602 seconds.
  path: Assets/Resources/Effect/Prefab/BallScatterEffect.prefab
  artifactKey: Guid(b1f8fdf5bca385d41801b77f0301a682) Importer(815301076,1909f56bfc062723c751e8b465ee728b)
Start importing Assets/Resources/Effect/Prefab/BallScatterEffect.prefab using Guid(b1f8fdf5bca385d41801b77f0301a682) Importer(815301076,1909f56bfc062723c751e8b465ee728b)  -> (artifact id: '4d64e5ff367f19cd6471d3be37139357') in 0.050374 seconds 
  Import took 0.060026 seconds .

========================================================================
Received Import Request.
  Time since last request: 0.000300 seconds.
  path: Assets/Resources/Effect/Prefab/BeamParticle.prefab
  artifactKey: Guid(18d54cd49b3de9645a05bddce5f0210c) Importer(815301076,1909f56bfc062723c751e8b465ee728b)
Start importing Assets/Resources/Effect/Prefab/BeamParticle.prefab using Guid(18d54cd49b3de9645a05bddce5f0210c) Importer(815301076,1909f56bfc062723c751e8b465ee728b)  -> (artifact id: '97a44402b1f1093a6a48645822315321') in 0.018855 seconds 
  Import took 0.027345 seconds .

========================================================================
Received Import Request.
  Time since last request: 0.000331 seconds.
  path: Assets/Resources/Effect/Prefab/BlastCircleAtk.prefab
  artifactKey: Guid(0c4b89cb023439f4fbb6e27f9db5b895) Importer(815301076,1909f56bfc062723c751e8b465ee728b)
Start importing Assets/Resources/Effect/Prefab/BlastCircleAtk.prefab using Guid(0c4b89cb023439f4fbb6e27f9db5b895) Importer(815301076,1909f56bfc062723c751e8b465ee728b)  -> (artifact id: '2d1394fea23d8a5846a7e8484d1774f6') in 0.035811 seconds 
  Import took 0.046003 seconds .

========================================================================
Received Import Request.
  Time since last request: 0.000283 seconds.
  path: Assets/Resources/Effect/Prefab/BombExplosion.prefab
  artifactKey: Guid(054a87e3cf0906f49bf1363bf2c9070b) Importer(815301076,1909f56bfc062723c751e8b465ee728b)
Start importing Assets/Resources/Effect/Prefab/BombExplosion.prefab using Guid(054a87e3cf0906f49bf1363bf2c9070b) Importer(815301076,1909f56bfc062723c751e8b465ee728b)  -> (artifact id: '093a0b940f8d8b370e12c00608db773f') in 0.077121 seconds 
  Import took 0.086552 seconds .

========================================================================
Received Import Request.
  Time since last request: 74.869523 seconds.
  path: Assets/Resources/Effect/Shader/RippleBack.shader
  artifactKey: Guid(63bd42bcd7fe7094182ecd1c4074f2b7) Importer(815301076,1909f56bfc062723c751e8b465ee728b)
Start importing Assets/Resources/Effect/Shader/RippleBack.shader using Guid(63bd42bcd7fe7094182ecd1c4074f2b7) Importer(815301076,1909f56bfc062723c751e8b465ee728b)  -> (artifact id: '1c74e07a1172b6967f9180d9220fb6e5') in 0.004974 seconds 
  Import took 0.015066 seconds .

========================================================================
Received Import Request.
  Time since last request: 414.430232 seconds.
  path: Assets/Resources/Effect/Shader/RippleBack.shader
  artifactKey: Guid(63bd42bcd7fe7094182ecd1c4074f2b7) Importer(815301076,1909f56bfc062723c751e8b465ee728b)
Start importing Assets/Resources/Effect/Shader/RippleBack.shader using Guid(63bd42bcd7fe7094182ecd1c4074f2b7) Importer(815301076,1909f56bfc062723c751e8b465ee728b)  -> (artifact id: '981c653b61b17830399462f8fa448a66') in 0.006219 seconds 
  Import took 0.019239 seconds .

========================================================================
Received Import Request.
  Time since last request: 12.467798 seconds.
  path: Assets/Resources/Effect/Shader/RippleBack.shader
  artifactKey: Guid(63bd42bcd7fe7094182ecd1c4074f2b7) Importer(815301076,1909f56bfc062723c751e8b465ee728b)
Start importing Assets/Resources/Effect/Shader/RippleBack.shader using Guid(63bd42bcd7fe7094182ecd1c4074f2b7) Importer(815301076,1909f56bfc062723c751e8b465ee728b)  -> (artifact id: 'bf5d1a8eb8445230623ba42d8a54672a') in 0.006419 seconds 
  Import took 0.017350 seconds .

========================================================================
Received Prepare
Registering precompiled user dll's ...
Registered in 0.020476 seconds.
Begin MonoManager ReloadAssembly
Native extension for WindowsStandalone target not found
Refreshing native plugins compatible for Editor in 3.05 ms, found 6 plugins.
Preloading 0 native plugins for Editor in 0.00 ms.
Mono: successfully reloaded assembly
- Completed reload, in  1.749 seconds
Domain Reload Profiling:
	ReloadAssembly (1750ms)
		BeginReloadAssembly (214ms)
			ExecutionOrderSort (0ms)
			DisableScriptedObjects (10ms)
			BackupInstance (0ms)
			ReleaseScriptingObjects (0ms)
			CreateAndSetChildDomain (59ms)
		EndReloadAssembly (1448ms)
			LoadAssemblies (180ms)
			RebuildTransferFunctionScriptingTraits (0ms)
			SetupTypeCache (457ms)
			ReleaseScriptCaches (2ms)
			RebuildScriptCaches (80ms)
			SetupLoadedEditorAssemblies (544ms)
				LogAssemblyErrors (0ms)
				InitializePlatformSupportModulesInManaged (6ms)
				SetLoadedEditorAssemblies (1ms)
				RefreshPlugins (3ms)
				BeforeProcessingInitializeOnLoad (179ms)
				ProcessInitializeOnLoadAttributes (321ms)
				ProcessInitializeOnLoadMethodAttributes (20ms)
				AfterProcessingInitializeOnLoad (13ms)
				EditorAssembliesLoaded (0ms)
			ExecutionOrderSort2 (0ms)
			AwakeInstancesAfterBackupRestoration (24ms)
Platform modules already initialized, skipping
Refreshing native plugins compatible for Editor in 3.33 ms, found 6 plugins.
Preloading 0 native plugins for Editor in 0.00 ms.
Unloading 4717 Unused Serialized files (Serialized files now loaded: 0)
System memory in use before: 315.0 MB.
System memory in use after: 315.4 MB.

Unloading 31 unused Assets to reduce memory usage. Loaded Objects now: 5476.
Total: 4.652600 ms (FindLiveObjects: 0.450800 ms CreateObjectMapping: 0.136000 ms MarkObjects: 4.041300 ms  DeleteObjects: 0.022900 ms)

AssetImportParameters requested are different than current active one (requested -> active):
  custom:framework-win-MediaFoundation: 216162199b28c13a410421893ffa2e32 -> 
  custom:video-decoder-ogg-theora: a1e56fd34408186e4bbccfd4996cb3dc -> 
  custom:container-muxer-webm: aa71ff27fc2769a1b78a27578f13a17b -> 
  custom:container-demuxer-webm: 4f35f7cbe854078d1ac9338744f61a02 -> 
  custom:container-demuxer-ogg: 62fdf1f143b41e24485cea50d1cbac27 -> 
  custom:video-encoder-webm-vp8: eb34c28f22e8b96e1ab97ce403110664 -> 
  custom:video-codec-MediaFoundation-h265: 746d11721c4dcdbdad8f713fa42b33f4 -> 
  custom:video-decoder-webm-vp8: 9c59270c3fd7afecdb556c50c9e8de78 -> 
  custom:audio-decoder-ogg-vorbis: bf7c407c2cedff20999df2af8eb42d56 -> 
  custom:audio-encoder-webm-vorbis: bf7c407c2cedff20999df2af8eb42d56 -> 
========================================================================
Received Import Request.
  Time since last request: 868.608734 seconds.
  path: Assets/Resources/Effect/Shader/RippleBack.shader
  artifactKey: Guid(63bd42bcd7fe7094182ecd1c4074f2b7) Importer(815301076,1909f56bfc062723c751e8b465ee728b)
Start importing Assets/Resources/Effect/Shader/RippleBack.shader using Guid(63bd42bcd7fe7094182ecd1c4074f2b7) Importer(815301076,1909f56bfc062723c751e8b465ee728b)  -> (artifact id: '32e3359caff58a3b2aece9f9314a0839') in 0.050335 seconds 
  Import took 0.060871 seconds .

========================================================================
Received Import Request.
  Time since last request: 16.643728 seconds.
  path: Assets/MyAssets/[Sound]/[SFX] Ultimate SFX Bundle - HD Remaster/Ultimate Retro Sounds/Going Through Portal - 10/Going Through Portal 1.wav
  artifactKey: Guid(ef0111f8ca6a0a94c8da4b00442ecdcb) Importer(815301076,1909f56bfc062723c751e8b465ee728b)
Start importing Assets/MyAssets/[Sound]/[SFX] Ultimate SFX Bundle - HD Remaster/Ultimate Retro Sounds/Going Through Portal - 10/Going Through Portal 1.wav using Guid(ef0111f8ca6a0a94c8da4b00442ecdcb) Importer(815301076,1909f56bfc062723c751e8b465ee728b)  -> (artifact id: 'b408ad66a951862bccd90462b7a77045') in 0.111394 seconds 
  Import took 0.120145 seconds .

========================================================================
Received Import Request.
  Time since last request: 0.000224 seconds.
  path: Assets/MyAssets/[Sound]/[SFX] Ultimate SFX Bundle - HD Remaster/Ultimate Retro Sounds/Going Through Portal - 10/Going Through Portal 2.wav
  artifactKey: Guid(0b9146fa9ee1f7c4cb31fc11979dd1f9) Importer(815301076,1909f56bfc062723c751e8b465ee728b)
Start importing Assets/MyAssets/[Sound]/[SFX] Ultimate SFX Bundle - HD Remaster/Ultimate Retro Sounds/Going Through Portal - 10/Going Through Portal 2.wav using Guid(0b9146fa9ee1f7c4cb31fc11979dd1f9) Importer(815301076,1909f56bfc062723c751e8b465ee728b)  -> (artifact id: 'be8ded99faacc4691d4ce015b386f0b9') in 0.022926 seconds 
  Import took 0.031283 seconds .

========================================================================
Received Import Request.
  Time since last request: 0.000335 seconds.
  path: Assets/MyAssets/[Sound]/[SFX] Ultimate SFX Bundle - HD Remaster/Ultimate Retro Sounds/Going Through Portal - 10/Going Through Portal 4.wav
  artifactKey: Guid(02566b12cd104474bb4624ff63584509) Importer(815301076,1909f56bfc062723c751e8b465ee728b)
Start importing Assets/MyAssets/[Sound]/[SFX] Ultimate SFX Bundle - HD Remaster/Ultimate Retro Sounds/Going Through Portal - 10/Going Through Portal 4.wav using Guid(02566b12cd104474bb4624ff63584509) Importer(815301076,1909f56bfc062723c751e8b465ee728b)  -> (artifact id: '805eb3ec9db3cafd7ce52e3f1799940c') in 0.023006 seconds 
  Import took 0.031690 seconds .

========================================================================
Received Import Request.
  Time since last request: 0.000262 seconds.
  path: Assets/MyAssets/[Sound]/[SFX] Ultimate SFX Bundle - HD Remaster/Ultimate Retro Sounds/Going Through Portal - 10/Going Through Portal 3.wav
  artifactKey: Guid(08430734815befc46a5bfc3eca4b828a) Importer(815301076,1909f56bfc062723c751e8b465ee728b)
Start importing Assets/MyAssets/[Sound]/[SFX] Ultimate SFX Bundle - HD Remaster/Ultimate Retro Sounds/Going Through Portal - 10/Going Through Portal 3.wav using Guid(08430734815befc46a5bfc3eca4b828a) Importer(815301076,1909f56bfc062723c751e8b465ee728b)  -> (artifact id: '103721e5e2c1c8cd86ebcab3578f7b8d') in 0.024937 seconds 
  Import took 0.035178 seconds .

========================================================================
Received Prepare
Registering precompiled user dll's ...
Registered in 0.017935 seconds.
Begin MonoManager ReloadAssembly
Native extension for WindowsStandalone target not found
Refreshing native plugins compatible for Editor in 3.81 ms, found 6 plugins.
Preloading 0 native plugins for Editor in 0.00 ms.
Mono: successfully reloaded assembly
- Completed reload, in  1.774 seconds
Domain Reload Profiling:
	ReloadAssembly (1775ms)
		BeginReloadAssembly (256ms)
			ExecutionOrderSort (0ms)
			DisableScriptedObjects (9ms)
			BackupInstance (0ms)
			ReleaseScriptingObjects (0ms)
			CreateAndSetChildDomain (64ms)
		EndReloadAssembly (1413ms)
			LoadAssemblies (211ms)
			RebuildTransferFunctionScriptingTraits (0ms)
			SetupTypeCache (447ms)
			ReleaseScriptCaches (2ms)
			RebuildScriptCaches (80ms)
			SetupLoadedEditorAssemblies (538ms)
				LogAssemblyErrors (0ms)
				InitializePlatformSupportModulesInManaged (5ms)
				SetLoadedEditorAssemblies (1ms)
				RefreshPlugins (4ms)
				BeforeProcessingInitializeOnLoad (182ms)
				ProcessInitializeOnLoadAttributes (313ms)
				ProcessInitializeOnLoadMethodAttributes (20ms)
				AfterProcessingInitializeOnLoad (13ms)
				EditorAssembliesLoaded (0ms)
			ExecutionOrderSort2 (0ms)
			AwakeInstancesAfterBackupRestoration (23ms)
Platform modules already initialized, skipping
Refreshing native plugins compatible for Editor in 4.51 ms, found 6 plugins.
Preloading 0 native plugins for Editor in 0.00 ms.
Unloading 4715 Unused Serialized files (Serialized files now loaded: 0)
System memory in use before: 314.8 MB.
System memory in use after: 315.2 MB.

Unloading 31 unused Assets to reduce memory usage. Loaded Objects now: 5481.
Total: 5.559000 ms (FindLiveObjects: 0.455400 ms CreateObjectMapping: 0.126700 ms MarkObjects: 4.949900 ms  DeleteObjects: 0.025600 ms)

AssetImportParameters requested are different than current active one (requested -> active):
  custom:framework-win-MediaFoundation: 216162199b28c13a410421893ffa2e32 -> 
  custom:video-decoder-ogg-theora: a1e56fd34408186e4bbccfd4996cb3dc -> 
  custom:container-muxer-webm: aa71ff27fc2769a1b78a27578f13a17b -> 
  custom:container-demuxer-webm: 4f35f7cbe854078d1ac9338744f61a02 -> 
  custom:container-demuxer-ogg: 62fdf1f143b41e24485cea50d1cbac27 -> 
  custom:video-encoder-webm-vp8: eb34c28f22e8b96e1ab97ce403110664 -> 
  custom:video-codec-MediaFoundation-h265: 746d11721c4dcdbdad8f713fa42b33f4 -> 
  custom:video-decoder-webm-vp8: 9c59270c3fd7afecdb556c50c9e8de78 -> 
  custom:audio-decoder-ogg-vorbis: bf7c407c2cedff20999df2af8eb42d56 -> 
  custom:audio-encoder-webm-vorbis: bf7c407c2cedff20999df2af8eb42d56 -> 
========================================================================
Received Prepare
Registering precompiled user dll's ...
Registered in 0.021882 seconds.
Begin MonoManager ReloadAssembly
Native extension for WindowsStandalone target not found
Refreshing native plugins compatible for Editor in 3.65 ms, found 6 plugins.
Preloading 0 native plugins for Editor in 0.00 ms.
Mono: successfully reloaded assembly
- Completed reload, in  1.676 seconds
Domain Reload Profiling:
	ReloadAssembly (1677ms)
		BeginReloadAssembly (180ms)
			ExecutionOrderSort (0ms)
			DisableScriptedObjects (8ms)
			BackupInstance (0ms)
			ReleaseScriptingObjects (0ms)
			CreateAndSetChildDomain (49ms)
		EndReloadAssembly (1415ms)
			LoadAssemblies (170ms)
			RebuildTransferFunctionScriptingTraits (0ms)
			SetupTypeCache (423ms)
			ReleaseScriptCaches (2ms)
			RebuildScriptCaches (79ms)
			SetupLoadedEditorAssemblies (536ms)
				LogAssemblyErrors (0ms)
				InitializePlatformSupportModulesInManaged (5ms)
				SetLoadedEditorAssemblies (1ms)
				RefreshPlugins (4ms)
				BeforeProcessingInitializeOnLoad (176ms)
				ProcessInitializeOnLoadAttributes (318ms)
				ProcessInitializeOnLoadMethodAttributes (20ms)
				AfterProcessingInitializeOnLoad (13ms)
				EditorAssembliesLoaded (0ms)
			ExecutionOrderSort2 (0ms)
			AwakeInstancesAfterBackupRestoration (24ms)
Platform modules already initialized, skipping
Refreshing native plugins compatible for Editor in 3.57 ms, found 6 plugins.
Preloading 0 native plugins for Editor in 0.00 ms.
Unloading 4715 Unused Serialized files (Serialized files now loaded: 0)
System memory in use before: 314.8 MB.
System memory in use after: 315.3 MB.

Unloading 31 unused Assets to reduce memory usage. Loaded Objects now: 5483.
Total: 4.420000 ms (FindLiveObjects: 0.438200 ms CreateObjectMapping: 0.130300 ms MarkObjects: 3.828400 ms  DeleteObjects: 0.022200 ms)

AssetImportParameters requested are different than current active one (requested -> active):
  custom:framework-win-MediaFoundation: 216162199b28c13a410421893ffa2e32 -> 
  custom:video-decoder-ogg-theora: a1e56fd34408186e4bbccfd4996cb3dc -> 
  custom:container-muxer-webm: aa71ff27fc2769a1b78a27578f13a17b -> 
  custom:container-demuxer-webm: 4f35f7cbe854078d1ac9338744f61a02 -> 
  custom:container-demuxer-ogg: 62fdf1f143b41e24485cea50d1cbac27 -> 
  custom:video-encoder-webm-vp8: eb34c28f22e8b96e1ab97ce403110664 -> 
  custom:video-codec-MediaFoundation-h265: 746d11721c4dcdbdad8f713fa42b33f4 -> 
  custom:video-decoder-webm-vp8: 9c59270c3fd7afecdb556c50c9e8de78 -> 
  custom:audio-decoder-ogg-vorbis: bf7c407c2cedff20999df2af8eb42d56 -> 
  custom:audio-encoder-webm-vorbis: bf7c407c2cedff20999df2af8eb42d56 -> 
========================================================================
Received Prepare
Registering precompiled user dll's ...
Registered in 0.017440 seconds.
Begin MonoManager ReloadAssembly
Native extension for WindowsStandalone target not found
Refreshing native plugins compatible for Editor in 3.27 ms, found 6 plugins.
Preloading 0 native plugins for Editor in 0.00 ms.
Mono: successfully reloaded assembly
- Completed reload, in  1.647 seconds
Domain Reload Profiling:
	ReloadAssembly (1648ms)
		BeginReloadAssembly (166ms)
			ExecutionOrderSort (0ms)
			DisableScriptedObjects (8ms)
			BackupInstance (0ms)
			ReleaseScriptingObjects (0ms)
			CreateAndSetChildDomain (43ms)
		EndReloadAssembly (1399ms)
			LoadAssemblies (155ms)
			RebuildTransferFunctionScriptingTraits (0ms)
			SetupTypeCache (419ms)
			ReleaseScriptCaches (2ms)
			RebuildScriptCaches (80ms)
			SetupLoadedEditorAssemblies (552ms)
				LogAssemblyErrors (0ms)
				InitializePlatformSupportModulesInManaged (5ms)
				SetLoadedEditorAssemblies (1ms)
				RefreshPlugins (3ms)
				BeforeProcessingInitializeOnLoad (185ms)
				ProcessInitializeOnLoadAttributes (324ms)
				ProcessInitializeOnLoadMethodAttributes (20ms)
				AfterProcessingInitializeOnLoad (14ms)
				EditorAssembliesLoaded (0ms)
			ExecutionOrderSort2 (0ms)
			AwakeInstancesAfterBackupRestoration (24ms)
Platform modules already initialized, skipping
Refreshing native plugins compatible for Editor in 3.88 ms, found 6 plugins.
Preloading 0 native plugins for Editor in 0.00 ms.
Unloading 4715 Unused Serialized files (Serialized files now loaded: 0)
System memory in use before: 314.9 MB.
System memory in use after: 315.3 MB.

Unloading 31 unused Assets to reduce memory usage. Loaded Objects now: 5485.
Total: 5.351600 ms (FindLiveObjects: 0.460000 ms CreateObjectMapping: 0.129300 ms MarkObjects: 4.736600 ms  DeleteObjects: 0.023900 ms)

AssetImportParameters requested are different than current active one (requested -> active):
  custom:framework-win-MediaFoundation: 216162199b28c13a410421893ffa2e32 -> 
  custom:video-decoder-ogg-theora: a1e56fd34408186e4bbccfd4996cb3dc -> 
  custom:container-muxer-webm: aa71ff27fc2769a1b78a27578f13a17b -> 
  custom:container-demuxer-webm: 4f35f7cbe854078d1ac9338744f61a02 -> 
  custom:container-demuxer-ogg: 62fdf1f143b41e24485cea50d1cbac27 -> 
  custom:video-encoder-webm-vp8: eb34c28f22e8b96e1ab97ce403110664 -> 
  custom:video-codec-MediaFoundation-h265: 746d11721c4dcdbdad8f713fa42b33f4 -> 
  custom:video-decoder-webm-vp8: 9c59270c3fd7afecdb556c50c9e8de78 -> 
  custom:audio-decoder-ogg-vorbis: bf7c407c2cedff20999df2af8eb42d56 -> 
  custom:audio-encoder-webm-vorbis: bf7c407c2cedff20999df2af8eb42d56 -> 
========================================================================
Received Prepare
Registering precompiled user dll's ...
Registered in 0.017873 seconds.
Begin MonoManager ReloadAssembly
Native extension for WindowsStandalone target not found
Refreshing native plugins compatible for Editor in 3.47 ms, found 6 plugins.
Preloading 0 native plugins for Editor in 0.00 ms.
Mono: successfully reloaded assembly
- Completed reload, in  1.588 seconds
Domain Reload Profiling:
	ReloadAssembly (1589ms)
		BeginReloadAssembly (159ms)
			ExecutionOrderSort (0ms)
			DisableScriptedObjects (8ms)
			BackupInstance (0ms)
			ReleaseScriptingObjects (0ms)
			CreateAndSetChildDomain (44ms)
		EndReloadAssembly (1343ms)
			LoadAssemblies (161ms)
			RebuildTransferFunctionScriptingTraits (0ms)
			SetupTypeCache (416ms)
			ReleaseScriptCaches (2ms)
			RebuildScriptCaches (77ms)
			SetupLoadedEditorAssemblies (509ms)
				LogAssemblyErrors (0ms)
				InitializePlatformSupportModulesInManaged (4ms)
				SetLoadedEditorAssemblies (1ms)
				RefreshPlugins (4ms)
				BeforeProcessingInitializeOnLoad (168ms)
				ProcessInitializeOnLoadAttributes (301ms)
				ProcessInitializeOnLoadMethodAttributes (19ms)
				AfterProcessingInitializeOnLoad (12ms)
				EditorAssembliesLoaded (0ms)
			ExecutionOrderSort2 (0ms)
			AwakeInstancesAfterBackupRestoration (21ms)
Platform modules already initialized, skipping
Refreshing native plugins compatible for Editor in 3.15 ms, found 6 plugins.
Preloading 0 native plugins for Editor in 0.00 ms.
Unloading 4715 Unused Serialized files (Serialized files now loaded: 0)
System memory in use before: 314.7 MB.
System memory in use after: 315.1 MB.

Unloading 31 unused Assets to reduce memory usage. Loaded Objects now: 5487.
Total: 5.278300 ms (FindLiveObjects: 0.420900 ms CreateObjectMapping: 0.125800 ms MarkObjects: 4.702500 ms  DeleteObjects: 0.027200 ms)

AssetImportParameters requested are different than current active one (requested -> active):
  custom:framework-win-MediaFoundation: 216162199b28c13a410421893ffa2e32 -> 
  custom:video-decoder-ogg-theora: a1e56fd34408186e4bbccfd4996cb3dc -> 
  custom:container-muxer-webm: aa71ff27fc2769a1b78a27578f13a17b -> 
  custom:container-demuxer-webm: 4f35f7cbe854078d1ac9338744f61a02 -> 
  custom:container-demuxer-ogg: 62fdf1f143b41e24485cea50d1cbac27 -> 
  custom:video-encoder-webm-vp8: eb34c28f22e8b96e1ab97ce403110664 -> 
  custom:video-codec-MediaFoundation-h265: 746d11721c4dcdbdad8f713fa42b33f4 -> 
  custom:video-decoder-webm-vp8: 9c59270c3fd7afecdb556c50c9e8de78 -> 
  custom:audio-decoder-ogg-vorbis: bf7c407c2cedff20999df2af8eb42d56 -> 
  custom:audio-encoder-webm-vorbis: bf7c407c2cedff20999df2af8eb42d56 -> 
========================================================================
Received Prepare
Registering precompiled user dll's ...
Registered in 0.018624 seconds.
Begin MonoManager ReloadAssembly
Native extension for WindowsStandalone target not found
Refreshing native plugins compatible for Editor in 3.41 ms, found 6 plugins.
Preloading 0 native plugins for Editor in 0.00 ms.
Mono: successfully reloaded assembly
- Completed reload, in  1.668 seconds
Domain Reload Profiling:
	ReloadAssembly (1669ms)
		BeginReloadAssembly (169ms)
			ExecutionOrderSort (0ms)
			DisableScriptedObjects (7ms)
			BackupInstance (0ms)
			ReleaseScriptingObjects (0ms)
			CreateAndSetChildDomain (45ms)
		EndReloadAssembly (1416ms)
			LoadAssemblies (167ms)
			RebuildTransferFunctionScriptingTraits (0ms)
			SetupTypeCache (405ms)
			ReleaseScriptCaches (2ms)
			RebuildScriptCaches (81ms)
			SetupLoadedEditorAssemblies (571ms)
				LogAssemblyErrors (0ms)
				InitializePlatformSupportModulesInManaged (5ms)
				SetLoadedEditorAssemblies (1ms)
				RefreshPlugins (4ms)
				BeforeProcessingInitializeOnLoad (198ms)
				ProcessInitializeOnLoadAttributes (331ms)
				ProcessInitializeOnLoadMethodAttributes (19ms)
				AfterProcessingInitializeOnLoad (13ms)
				EditorAssembliesLoaded (0ms)
			ExecutionOrderSort2 (0ms)
			AwakeInstancesAfterBackupRestoration (23ms)
Platform modules already initialized, skipping
Refreshing native plugins compatible for Editor in 3.19 ms, found 6 plugins.
Preloading 0 native plugins for Editor in 0.00 ms.
Unloading 4715 Unused Serialized files (Serialized files now loaded: 0)
System memory in use before: 314.9 MB.
System memory in use after: 315.3 MB.

Unloading 31 unused Assets to reduce memory usage. Loaded Objects now: 5489.
Total: 4.416200 ms (FindLiveObjects: 0.457300 ms CreateObjectMapping: 0.131300 ms MarkObjects: 3.804100 ms  DeleteObjects: 0.022300 ms)

AssetImportParameters requested are different than current active one (requested -> active):
  custom:framework-win-MediaFoundation: 216162199b28c13a410421893ffa2e32 -> 
  custom:video-decoder-ogg-theora: a1e56fd34408186e4bbccfd4996cb3dc -> 
  custom:container-muxer-webm: aa71ff27fc2769a1b78a27578f13a17b -> 
  custom:container-demuxer-webm: 4f35f7cbe854078d1ac9338744f61a02 -> 
  custom:container-demuxer-ogg: 62fdf1f143b41e24485cea50d1cbac27 -> 
  custom:video-encoder-webm-vp8: eb34c28f22e8b96e1ab97ce403110664 -> 
  custom:video-codec-MediaFoundation-h265: 746d11721c4dcdbdad8f713fa42b33f4 -> 
  custom:video-decoder-webm-vp8: 9c59270c3fd7afecdb556c50c9e8de78 -> 
  custom:audio-decoder-ogg-vorbis: bf7c407c2cedff20999df2af8eb42d56 -> 
  custom:audio-encoder-webm-vorbis: bf7c407c2cedff20999df2af8eb42d56 -> 
========================================================================
Received Prepare
Registering precompiled user dll's ...
Registered in 0.017273 seconds.
Begin MonoManager ReloadAssembly
Native extension for WindowsStandalone target not found
Refreshing native plugins compatible for Editor in 3.52 ms, found 6 plugins.
Preloading 0 native plugins for Editor in 0.00 ms.
Mono: successfully reloaded assembly
- Completed reload, in  1.704 seconds
Domain Reload Profiling:
	ReloadAssembly (1704ms)
		BeginReloadAssembly (168ms)
			ExecutionOrderSort (0ms)
			DisableScriptedObjects (9ms)
			BackupInstance (0ms)
			ReleaseScriptingObjects (0ms)
			CreateAndSetChildDomain (41ms)
		EndReloadAssembly (1442ms)
			LoadAssemblies (179ms)
			RebuildTransferFunctionScriptingTraits (0ms)
			SetupTypeCache (418ms)
			ReleaseScriptCaches (2ms)
			RebuildScriptCaches (84ms)
			SetupLoadedEditorAssemblies (571ms)
				LogAssemblyErrors (0ms)
				InitializePlatformSupportModulesInManaged (5ms)
				SetLoadedEditorAssemblies (1ms)
				RefreshPlugins (4ms)
				BeforeProcessingInitializeOnLoad (203ms)
				ProcessInitializeOnLoadAttributes (321ms)
				ProcessInitializeOnLoadMethodAttributes (25ms)
				AfterProcessingInitializeOnLoad (14ms)
				EditorAssembliesLoaded (0ms)
			ExecutionOrderSort2 (0ms)
			AwakeInstancesAfterBackupRestoration (26ms)
Platform modules already initialized, skipping
Refreshing native plugins compatible for Editor in 3.36 ms, found 6 plugins.
Preloading 0 native plugins for Editor in 0.00 ms.
Unloading 4715 Unused Serialized files (Serialized files now loaded: 0)
System memory in use before: 314.9 MB.
System memory in use after: 315.4 MB.

Unloading 31 unused Assets to reduce memory usage. Loaded Objects now: 5491.
Total: 7.178400 ms (FindLiveObjects: 0.537400 ms CreateObjectMapping: 0.179800 ms MarkObjects: 6.432200 ms  DeleteObjects: 0.027300 ms)

AssetImportParameters requested are different than current active one (requested -> active):
  custom:framework-win-MediaFoundation: 216162199b28c13a410421893ffa2e32 -> 
  custom:video-decoder-ogg-theora: a1e56fd34408186e4bbccfd4996cb3dc -> 
  custom:container-muxer-webm: aa71ff27fc2769a1b78a27578f13a17b -> 
  custom:container-demuxer-webm: 4f35f7cbe854078d1ac9338744f61a02 -> 
  custom:container-demuxer-ogg: 62fdf1f143b41e24485cea50d1cbac27 -> 
  custom:video-encoder-webm-vp8: eb34c28f22e8b96e1ab97ce403110664 -> 
  custom:video-codec-MediaFoundation-h265: 746d11721c4dcdbdad8f713fa42b33f4 -> 
  custom:video-decoder-webm-vp8: 9c59270c3fd7afecdb556c50c9e8de78 -> 
  custom:audio-decoder-ogg-vorbis: bf7c407c2cedff20999df2af8eb42d56 -> 
  custom:audio-encoder-webm-vorbis: bf7c407c2cedff20999df2af8eb42d56 -> 
========================================================================
Received Prepare
Registering precompiled user dll's ...
Registered in 0.022510 seconds.
Begin MonoManager ReloadAssembly
Native extension for WindowsStandalone target not found
Refreshing native plugins compatible for Editor in 3.05 ms, found 6 plugins.
Preloading 0 native plugins for Editor in 0.00 ms.
Mono: successfully reloaded assembly
- Completed reload, in  1.661 seconds
Domain Reload Profiling:
	ReloadAssembly (1662ms)
		BeginReloadAssembly (191ms)
			ExecutionOrderSort (0ms)
			DisableScriptedObjects (8ms)
			BackupInstance (0ms)
			ReleaseScriptingObjects (0ms)
			CreateAndSetChildDomain (52ms)
		EndReloadAssembly (1381ms)
			LoadAssemblies (176ms)
			RebuildTransferFunctionScriptingTraits (0ms)
			SetupTypeCache (415ms)
			ReleaseScriptCaches (2ms)
			RebuildScriptCaches (78ms)
			SetupLoadedEditorAssemblies (529ms)
				LogAssemblyErrors (0ms)
				InitializePlatformSupportModulesInManaged (6ms)
				SetLoadedEditorAssemblies (1ms)
				RefreshPlugins (3ms)
				BeforeProcessingInitializeOnLoad (179ms)
				ProcessInitializeOnLoadAttributes (308ms)
				ProcessInitializeOnLoadMethodAttributes (19ms)
				AfterProcessingInitializeOnLoad (13ms)
				EditorAssembliesLoaded (0ms)
			ExecutionOrderSort2 (0ms)
			AwakeInstancesAfterBackupRestoration (22ms)
Platform modules already initialized, skipping
Refreshing native plugins compatible for Editor in 3.26 ms, found 6 plugins.
Preloading 0 native plugins for Editor in 0.00 ms.
Unloading 4715 Unused Serialized files (Serialized files now loaded: 0)
System memory in use before: 314.9 MB.
System memory in use after: 315.4 MB.

Unloading 31 unused Assets to reduce memory usage. Loaded Objects now: 5493.
Total: 5.039300 ms (FindLiveObjects: 0.422100 ms CreateObjectMapping: 0.124300 ms MarkObjects: 4.468100 ms  DeleteObjects: 0.023700 ms)

AssetImportParameters requested are different than current active one (requested -> active):
  custom:framework-win-MediaFoundation: 216162199b28c13a410421893ffa2e32 -> 
  custom:video-decoder-ogg-theora: a1e56fd34408186e4bbccfd4996cb3dc -> 
  custom:container-muxer-webm: aa71ff27fc2769a1b78a27578f13a17b -> 
  custom:container-demuxer-webm: 4f35f7cbe854078d1ac9338744f61a02 -> 
  custom:container-demuxer-ogg: 62fdf1f143b41e24485cea50d1cbac27 -> 
  custom:video-encoder-webm-vp8: eb34c28f22e8b96e1ab97ce403110664 -> 
  custom:video-codec-MediaFoundation-h265: 746d11721c4dcdbdad8f713fa42b33f4 -> 
  custom:video-decoder-webm-vp8: 9c59270c3fd7afecdb556c50c9e8de78 -> 
  custom:audio-decoder-ogg-vorbis: bf7c407c2cedff20999df2af8eb42d56 -> 
  custom:audio-encoder-webm-vorbis: bf7c407c2cedff20999df2af8eb42d56 -> 
========================================================================
Received Prepare
Registering precompiled user dll's ...
Registered in 0.020092 seconds.
Begin MonoManager ReloadAssembly
Native extension for WindowsStandalone target not found
Refreshing native plugins compatible for Editor in 3.86 ms, found 6 plugins.
Preloading 0 native plugins for Editor in 0.00 ms.
Mono: successfully reloaded assembly
- Completed reload, in  1.668 seconds
Domain Reload Profiling:
	ReloadAssembly (1669ms)
		BeginReloadAssembly (183ms)
			ExecutionOrderSort (0ms)
			DisableScriptedObjects (7ms)
			BackupInstance (0ms)
			ReleaseScriptingObjects (0ms)
			CreateAndSetChildDomain (43ms)
		EndReloadAssembly (1403ms)
			LoadAssemblies (161ms)
			RebuildTransferFunctionScriptingTraits (0ms)
			SetupTypeCache (427ms)
			ReleaseScriptCaches (2ms)
			RebuildScriptCaches (80ms)
			SetupLoadedEditorAssemblies (546ms)
				LogAssemblyErrors (0ms)
				InitializePlatformSupportModulesInManaged (5ms)
				SetLoadedEditorAssemblies (1ms)
				RefreshPlugins (4ms)
				BeforeProcessingInitializeOnLoad (184ms)
				ProcessInitializeOnLoadAttributes (320ms)
				ProcessInitializeOnLoadMethodAttributes (19ms)
				AfterProcessingInitializeOnLoad (13ms)
				EditorAssembliesLoaded (0ms)
			ExecutionOrderSort2 (0ms)
			AwakeInstancesAfterBackupRestoration (24ms)
Platform modules already initialized, skipping
Refreshing native plugins compatible for Editor in 3.24 ms, found 6 plugins.
Preloading 0 native plugins for Editor in 0.00 ms.
Unloading 4715 Unused Serialized files (Serialized files now loaded: 0)
System memory in use before: 314.9 MB.
System memory in use after: 315.4 MB.

Unloading 31 unused Assets to reduce memory usage. Loaded Objects now: 5495.
Total: 5.166900 ms (FindLiveObjects: 0.428300 ms CreateObjectMapping: 0.141400 ms MarkObjects: 4.563300 ms  DeleteObjects: 0.031800 ms)

AssetImportParameters requested are different than current active one (requested -> active):
  custom:framework-win-MediaFoundation: 216162199b28c13a410421893ffa2e32 -> 
  custom:video-decoder-ogg-theora: a1e56fd34408186e4bbccfd4996cb3dc -> 
  custom:container-muxer-webm: aa71ff27fc2769a1b78a27578f13a17b -> 
  custom:container-demuxer-webm: 4f35f7cbe854078d1ac9338744f61a02 -> 
  custom:container-demuxer-ogg: 62fdf1f143b41e24485cea50d1cbac27 -> 
  custom:video-encoder-webm-vp8: eb34c28f22e8b96e1ab97ce403110664 -> 
  custom:video-codec-MediaFoundation-h265: 746d11721c4dcdbdad8f713fa42b33f4 -> 
  custom:video-decoder-webm-vp8: 9c59270c3fd7afecdb556c50c9e8de78 -> 
  custom:audio-decoder-ogg-vorbis: bf7c407c2cedff20999df2af8eb42d56 -> 
  custom:audio-encoder-webm-vorbis: bf7c407c2cedff20999df2af8eb42d56 -> 
========================================================================
Received Import Request.
  Time since last request: 2137.783152 seconds.
  path: Assets/MyAssets/[Sound]/[SFX] Ultimate SFX Bundle - HD Remaster/Casual Game Announcer/Eighth level.wav
  artifactKey: Guid(42dec3a477cb63c4e93bd6fd63915ca7) Importer(815301076,1909f56bfc062723c751e8b465ee728b)
Start importing Assets/MyAssets/[Sound]/[SFX] Ultimate SFX Bundle - HD Remaster/Casual Game Announcer/Eighth level.wav using Guid(42dec3a477cb63c4e93bd6fd63915ca7) Importer(815301076,1909f56bfc062723c751e8b465ee728b)  -> (artifact id: '0e9ca6fb85e9fd9cf2f04874a252ba38') in 0.116651 seconds 
  Import took 0.126036 seconds .

========================================================================
Received Import Request.
  Time since last request: 0.000290 seconds.
  path: Assets/MyAssets/[Sound]/[SFX] Ultimate SFX Bundle - HD Remaster/Casual Game Announcer/Next level 1.wav
  artifactKey: Guid(1766614f2dfaa5e4d87bfb440b23c392) Importer(815301076,1909f56bfc062723c751e8b465ee728b)
Start importing Assets/MyAssets/[Sound]/[SFX] Ultimate SFX Bundle - HD Remaster/Casual Game Announcer/Next level 1.wav using Guid(1766614f2dfaa5e4d87bfb440b23c392) Importer(815301076,1909f56bfc062723c751e8b465ee728b)  -> (artifact id: '791f60d1d4237de531eab8baee657446') in 0.024889 seconds 
  Import took 0.033272 seconds .

========================================================================
Received Import Request.
  Time since last request: 0.000307 seconds.
  path: Assets/MyAssets/[Sound]/[SFX] Ultimate SFX Bundle - HD Remaster/Casual Game Announcer/Second level.wav
  artifactKey: Guid(d69dc23a5a0d1c34fa9f4794ddc9c1c6) Importer(815301076,1909f56bfc062723c751e8b465ee728b)
Start importing Assets/MyAssets/[Sound]/[SFX] Ultimate SFX Bundle - HD Remaster/Casual Game Announcer/Second level.wav using Guid(d69dc23a5a0d1c34fa9f4794ddc9c1c6) Importer(815301076,1909f56bfc062723c751e8b465ee728b)  -> (artifact id: 'fc94d085e6f190ffc388a6d606602dd3') in 0.022398 seconds 
  Import took 0.030883 seconds .

========================================================================
Received Import Request.
  Time since last request: 0.000282 seconds.
  path: Assets/MyAssets/[Sound]/[SFX] Ultimate SFX Bundle - HD Remaster/Casual Game Announcer/Previous level 1.wav
  artifactKey: Guid(e505cb787ca2067439480cb5f6749329) Importer(815301076,1909f56bfc062723c751e8b465ee728b)
Start importing Assets/MyAssets/[Sound]/[SFX] Ultimate SFX Bundle - HD Remaster/Casual Game Announcer/Previous level 1.wav using Guid(e505cb787ca2067439480cb5f6749329) Importer(815301076,1909f56bfc062723c751e8b465ee728b)  -> (artifact id: 'b354651f6f6017e37728305a96d0841d') in 0.023443 seconds 
  Import took 0.031717 seconds .

========================================================================
Received Import Request.
  Time since last request: 0.000298 seconds.
  path: Assets/MyAssets/[Sound]/[SFX] Ultimate SFX Bundle - HD Remaster/Casual Game Announcer/Level.wav
  artifactKey: Guid(d47677491e2a2bf45b44362428175faa) Importer(815301076,1909f56bfc062723c751e8b465ee728b)
Start importing Assets/MyAssets/[Sound]/[SFX] Ultimate SFX Bundle - HD Remaster/Casual Game Announcer/Level.wav using Guid(d47677491e2a2bf45b44362428175faa) Importer(815301076,1909f56bfc062723c751e8b465ee728b)  -> (artifact id: 'aa1fa89daa10cfa10f11e4cbb663f9d4') in 0.024970 seconds 
  Import took 0.033701 seconds .

========================================================================
Received Import Request.
  Time since last request: 0.000333 seconds.
  path: Assets/MyAssets/[Sound]/[SFX] Ultimate SFX Bundle - HD Remaster/Casual Game Announcer/Ninth level.wav
  artifactKey: Guid(ed830845981a10e4c9644c33d708e869) Importer(815301076,1909f56bfc062723c751e8b465ee728b)
Start importing Assets/MyAssets/[Sound]/[SFX] Ultimate SFX Bundle - HD Remaster/Casual Game Announcer/Ninth level.wav using Guid(ed830845981a10e4c9644c33d708e869) Importer(815301076,1909f56bfc062723c751e8b465ee728b)  -> (artifact id: '7c2f111c6615de695086da57dea9281a') in 0.022485 seconds 
  Import took 0.030698 seconds .

========================================================================
Received Import Request.
  Time since last request: 0.000262 seconds.
  path: Assets/MyAssets/[Sound]/[SFX] Ultimate SFX Bundle - HD Remaster/Casual Game Announcer/Last level.wav
  artifactKey: Guid(48655893e9f434b498f24f209387376d) Importer(815301076,1909f56bfc062723c751e8b465ee728b)
Start importing Assets/MyAssets/[Sound]/[SFX] Ultimate SFX Bundle - HD Remaster/Casual Game Announcer/Last level.wav using Guid(48655893e9f434b498f24f209387376d) Importer(815301076,1909f56bfc062723c751e8b465ee728b)  -> (artifact id: 'bee289777222f7e4530f49412c89bed5') in 0.024827 seconds 
  Import took 0.033414 seconds .

========================================================================
Received Import Request.
  Time since last request: 0.000277 seconds.
  path: Assets/MyAssets/[Sound]/[SFX] Ultimate SFX Bundle - HD Remaster/Casual Game Announcer/Previous level 2.wav
  artifactKey: Guid(017e4538c365de944b22c3eb4905df96) Importer(815301076,1909f56bfc062723c751e8b465ee728b)
Start importing Assets/MyAssets/[Sound]/[SFX] Ultimate SFX Bundle - HD Remaster/Casual Game Announcer/Previous level 2.wav using Guid(017e4538c365de944b22c3eb4905df96) Importer(815301076,1909f56bfc062723c751e8b465ee728b)  -> (artifact id: 'f9333f1955256bd57857202afe25b16f') in 0.021413 seconds 
  Import took 0.030928 seconds .

========================================================================
Received Import Request.
  Time since last request: 0.000303 seconds.
  path: Assets/MyAssets/[Sound]/[SFX] Ultimate SFX Bundle - HD Remaster/Casual Game Announcer/Final level.wav
  artifactKey: Guid(c91bc47272802634f953ea6ed90597a5) Importer(815301076,1909f56bfc062723c751e8b465ee728b)
Start importing Assets/MyAssets/[Sound]/[SFX] Ultimate SFX Bundle - HD Remaster/Casual Game Announcer/Final level.wav using Guid(c91bc47272802634f953ea6ed90597a5) Importer(815301076,1909f56bfc062723c751e8b465ee728b)  -> (artifact id: '5b0e9780b38e473c74662fa95cc048ff') in 0.022942 seconds 
  Import took 0.033987 seconds .

========================================================================
Received Import Request.
  Time since last request: 0.000307 seconds.
  path: Assets/MyAssets/[Sound]/[SFX] Ultimate SFX Bundle - HD Remaster/Casual Game Announcer/Next level 2.wav
  artifactKey: Guid(89c1cee33f333e948af057f52f7daa5f) Importer(815301076,1909f56bfc062723c751e8b465ee728b)
Start importing Assets/MyAssets/[Sound]/[SFX] Ultimate SFX Bundle - HD Remaster/Casual Game Announcer/Next level 2.wav using Guid(89c1cee33f333e948af057f52f7daa5f) Importer(815301076,1909f56bfc062723c751e8b465ee728b)  -> (artifact id: '1e486c13ddd66fca02e29786ab48c787') in 0.023452 seconds 
  Import took 0.032000 seconds .

========================================================================
Received Import Request.
  Time since last request: 0.000281 seconds.
  path: Assets/MyAssets/[Sound]/[SFX] Ultimate SFX Bundle - HD Remaster/Casual Game Announcer/Next level 3.wav
  artifactKey: Guid(0dad84afede022842a4353c08ca6dbcd) Importer(815301076,1909f56bfc062723c751e8b465ee728b)
Start importing Assets/MyAssets/[Sound]/[SFX] Ultimate SFX Bundle - HD Remaster/Casual Game Announcer/Next level 3.wav using Guid(0dad84afede022842a4353c08ca6dbcd) Importer(815301076,1909f56bfc062723c751e8b465ee728b)  -> (artifact id: 'e0cb855162c5aafb10bde83a58b852aa') in 0.022732 seconds 
  Import took 0.031320 seconds .

========================================================================
Received Import Request.
  Time since last request: 0.000338 seconds.
  path: Assets/MyAssets/[Sound]/[SFX] Ultimate SFX Bundle - HD Remaster/Casual Game Announcer/Fifth level.wav
  artifactKey: Guid(f0d20e61b15fa3841a7e63f82f45fbe4) Importer(815301076,1909f56bfc062723c751e8b465ee728b)
Start importing Assets/MyAssets/[Sound]/[SFX] Ultimate SFX Bundle - HD Remaster/Casual Game Announcer/Fifth level.wav using Guid(f0d20e61b15fa3841a7e63f82f45fbe4) Importer(815301076,1909f56bfc062723c751e8b465ee728b)  -> (artifact id: 'cf1a5e4efa6e2c28f962993a253de290') in 0.022061 seconds 
  Import took 0.031599 seconds .

========================================================================
Received Import Request.
  Time since last request: 0.000320 seconds.
  path: Assets/MyAssets/[Sound]/[SFX] Ultimate SFX Bundle - HD Remaster/Casual Game Announcer/Fourth level.wav
  artifactKey: Guid(0dc4743a069b0e5449a1bd1b6cfa4fc2) Importer(815301076,1909f56bfc062723c751e8b465ee728b)
Start importing Assets/MyAssets/[Sound]/[SFX] Ultimate SFX Bundle - HD Remaster/Casual Game Announcer/Fourth level.wav using Guid(0dc4743a069b0e5449a1bd1b6cfa4fc2) Importer(815301076,1909f56bfc062723c751e8b465ee728b)  -> (artifact id: '0a687bbe126a9ad6681734d3f2e7b28a') in 0.021407 seconds 
  Import took 0.029944 seconds .

========================================================================
Received Import Request.
  Time since last request: 0.000312 seconds.
  path: Assets/MyAssets/[Sound]/[SFX] Ultimate SFX Bundle - HD Remaster/Casual Game Announcer/Seventh level.wav
  artifactKey: Guid(b3837f2a5fd178f42873c0980b527977) Importer(815301076,1909f56bfc062723c751e8b465ee728b)
Start importing Assets/MyAssets/[Sound]/[SFX] Ultimate SFX Bundle - HD Remaster/Casual Game Announcer/Seventh level.wav using Guid(b3837f2a5fd178f42873c0980b527977) Importer(815301076,1909f56bfc062723c751e8b465ee728b)  -> (artifact id: 'fcc10e404962af1fc0a70e332a5e14e6') in 0.022505 seconds 
  Import took 0.031193 seconds .

========================================================================
Received Import Request.
  Time since last request: 0.000263 seconds.
  path: Assets/MyAssets/[Sound]/[SFX] Ultimate SFX Bundle - HD Remaster/Casual Game Announcer/Sixth level.wav
  artifactKey: Guid(2040d1f739a4b574bad0f792da636f45) Importer(815301076,1909f56bfc062723c751e8b465ee728b)
Start importing Assets/MyAssets/[Sound]/[SFX] Ultimate SFX Bundle - HD Remaster/Casual Game Announcer/Sixth level.wav using Guid(2040d1f739a4b574bad0f792da636f45) Importer(815301076,1909f56bfc062723c751e8b465ee728b)  -> (artifact id: 'cfcb17150d477e5351faf19dfcda82f8') in 0.022087 seconds 
  Import took 0.031267 seconds .

========================================================================
Received Import Request.
  Time since last request: 28.559085 seconds.
  path: Assets/Resources/Effect/Prefab/LevelupEffect.prefab
  artifactKey: Guid(a7e9f27a61d99f54d9f62e0f68263ab1) Importer(815301076,1909f56bfc062723c751e8b465ee728b)
Start importing Assets/Resources/Effect/Prefab/LevelupEffect.prefab using Guid(a7e9f27a61d99f54d9f62e0f68263ab1) Importer(815301076,1909f56bfc062723c751e8b465ee728b)  -> (artifact id: '05f8f0934ce07b7170e93d4f413f8167') in 0.192785 seconds 
  Import took 0.207154 seconds .

========================================================================
Received Prepare
Registering precompiled user dll's ...
Registered in 0.019173 seconds.
Begin MonoManager ReloadAssembly
Native extension for WindowsStandalone target not found
Refreshing native plugins compatible for Editor in 3.18 ms, found 6 plugins.
Preloading 0 native plugins for Editor in 0.00 ms.
Mono: successfully reloaded assembly
- Completed reload, in  1.770 seconds
Domain Reload Profiling:
	ReloadAssembly (1771ms)
		BeginReloadAssembly (178ms)
			ExecutionOrderSort (0ms)
			DisableScriptedObjects (10ms)
			BackupInstance (0ms)
			ReleaseScriptingObjects (0ms)
			CreateAndSetChildDomain (51ms)
		EndReloadAssembly (1504ms)
			LoadAssemblies (201ms)
			RebuildTransferFunctionScriptingTraits (0ms)
			SetupTypeCache (421ms)
			ReleaseScriptCaches (2ms)
			RebuildScriptCaches (79ms)
			SetupLoadedEditorAssemblies (582ms)
				LogAssemblyErrors (0ms)
				InitializePlatformSupportModulesInManaged (5ms)
				SetLoadedEditorAssemblies (1ms)
				RefreshPlugins (3ms)
				BeforeProcessingInitializeOnLoad (178ms)
				ProcessInitializeOnLoadAttributes (356ms)
				ProcessInitializeOnLoadMethodAttributes (24ms)
				AfterProcessingInitializeOnLoad (13ms)
				EditorAssembliesLoaded (0ms)
			ExecutionOrderSort2 (0ms)
			AwakeInstancesAfterBackupRestoration (25ms)
Platform modules already initialized, skipping
Refreshing native plugins compatible for Editor in 7.78 ms, found 6 plugins.
Preloading 0 native plugins for Editor in 0.00 ms.
Unloading 4715 Unused Serialized files (Serialized files now loaded: 0)
System memory in use before: 314.9 MB.
System memory in use after: 315.3 MB.

Unloading 31 unused Assets to reduce memory usage. Loaded Objects now: 5534.
Total: 7.093700 ms (FindLiveObjects: 0.562600 ms CreateObjectMapping: 0.201900 ms MarkObjects: 6.293300 ms  DeleteObjects: 0.034600 ms)

AssetImportParameters requested are different than current active one (requested -> active):
  custom:framework-win-MediaFoundation: 216162199b28c13a410421893ffa2e32 -> 
  custom:video-decoder-ogg-theora: a1e56fd34408186e4bbccfd4996cb3dc -> 
  custom:container-muxer-webm: aa71ff27fc2769a1b78a27578f13a17b -> 
  custom:container-demuxer-webm: 4f35f7cbe854078d1ac9338744f61a02 -> 
  custom:container-demuxer-ogg: 62fdf1f143b41e24485cea50d1cbac27 -> 
  custom:video-encoder-webm-vp8: eb34c28f22e8b96e1ab97ce403110664 -> 
  custom:video-codec-MediaFoundation-h265: 746d11721c4dcdbdad8f713fa42b33f4 -> 
  custom:video-decoder-webm-vp8: 9c59270c3fd7afecdb556c50c9e8de78 -> 
  custom:audio-decoder-ogg-vorbis: bf7c407c2cedff20999df2af8eb42d56 -> 
  custom:audio-encoder-webm-vorbis: bf7c407c2cedff20999df2af8eb42d56 -> 
========================================================================
Received Import Request.
  Time since last request: 149.887686 seconds.
  path: Assets/Resources/Map/Script/GatePortal.cs
  artifactKey: Guid(fcac8a48acedb9948807b81d071515c6) Importer(815301076,1909f56bfc062723c751e8b465ee728b)
Start importing Assets/Resources/Map/Script/GatePortal.cs using Guid(fcac8a48acedb9948807b81d071515c6) Importer(815301076,1909f56bfc062723c751e8b465ee728b)  -> (artifact id: '67cb90409d419ef57e08c36ba8e82304') in 0.023120 seconds 
  Import took 0.033180 seconds .

========================================================================
Received Prepare
Registering precompiled user dll's ...
Registered in 0.018773 seconds.
Begin MonoManager ReloadAssembly
Native extension for WindowsStandalone target not found
Refreshing native plugins compatible for Editor in 3.82 ms, found 6 plugins.
Preloading 0 native plugins for Editor in 0.00 ms.
Mono: successfully reloaded assembly
- Completed reload, in  1.651 seconds
Domain Reload Profiling:
	ReloadAssembly (1652ms)
		BeginReloadAssembly (183ms)
			ExecutionOrderSort (0ms)
			DisableScriptedObjects (8ms)
			BackupInstance (0ms)
			ReleaseScriptingObjects (0ms)
			CreateAndSetChildDomain (48ms)
		EndReloadAssembly (1378ms)
			LoadAssemblies (168ms)
			RebuildTransferFunctionScriptingTraits (0ms)
			SetupTypeCache (400ms)
			ReleaseScriptCaches (2ms)
			RebuildScriptCaches (77ms)
			SetupLoadedEditorAssemblies (520ms)
				LogAssemblyErrors (0ms)
				InitializePlatformSupportModulesInManaged (5ms)
				SetLoadedEditorAssemblies (1ms)
				RefreshPlugins (4ms)
				BeforeProcessingInitializeOnLoad (176ms)
				ProcessInitializeOnLoadAttributes (303ms)
				ProcessInitializeOnLoadMethodAttributes (18ms)
				AfterProcessingInitializeOnLoad (13ms)
				EditorAssembliesLoaded (0ms)
			ExecutionOrderSort2 (0ms)
			AwakeInstancesAfterBackupRestoration (23ms)
Platform modules already initialized, skipping
Refreshing native plugins compatible for Editor in 3.22 ms, found 6 plugins.
Preloading 0 native plugins for Editor in 0.00 ms.
Unloading 4715 Unused Serialized files (Serialized files now loaded: 0)
System memory in use before: 315.1 MB.
System memory in use after: 315.5 MB.

Unloading 31 unused Assets to reduce memory usage. Loaded Objects now: 5536.
Total: 4.688300 ms (FindLiveObjects: 0.425200 ms CreateObjectMapping: 0.123700 ms MarkObjects: 4.112700 ms  DeleteObjects: 0.025400 ms)

AssetImportParameters requested are different than current active one (requested -> active):
  custom:framework-win-MediaFoundation: 216162199b28c13a410421893ffa2e32 -> 
  custom:video-decoder-ogg-theora: a1e56fd34408186e4bbccfd4996cb3dc -> 
  custom:container-muxer-webm: aa71ff27fc2769a1b78a27578f13a17b -> 
  custom:container-demuxer-webm: 4f35f7cbe854078d1ac9338744f61a02 -> 
  custom:container-demuxer-ogg: 62fdf1f143b41e24485cea50d1cbac27 -> 
  custom:video-encoder-webm-vp8: eb34c28f22e8b96e1ab97ce403110664 -> 
  custom:video-codec-MediaFoundation-h265: 746d11721c4dcdbdad8f713fa42b33f4 -> 
  custom:video-decoder-webm-vp8: 9c59270c3fd7afecdb556c50c9e8de78 -> 
  custom:audio-decoder-ogg-vorbis: bf7c407c2cedff20999df2af8eb42d56 -> 
  custom:audio-encoder-webm-vorbis: bf7c407c2cedff20999df2af8eb42d56 -> 
========================================================================
Received Import Request.
  Time since last request: 524.356949 seconds.
  path: Assets/Resources/Map/Prefab/PortalGate.prefab
  artifactKey: Guid(522326153cdc83b4aa21d2b8b0622959) Importer(815301076,1909f56bfc062723c751e8b465ee728b)
Start importing Assets/Resources/Map/Prefab/PortalGate.prefab using Guid(522326153cdc83b4aa21d2b8b0622959) Importer(815301076,1909f56bfc062723c751e8b465ee728b)  -> (artifact id: 'df4dace6f243bcb9081d10d8c7f5ad29') in 0.387033 seconds 
  Import took 0.414638 seconds .

========================================================================
Received Import Request.
  Time since last request: 1197.064433 seconds.
  path: Assets/Resources/Map/Prefab/PortalGate.prefab
  artifactKey: Guid(522326153cdc83b4aa21d2b8b0622959) Importer(815301076,1909f56bfc062723c751e8b465ee728b)
Start importing Assets/Resources/Map/Prefab/PortalGate.prefab using Guid(522326153cdc83b4aa21d2b8b0622959) Importer(815301076,1909f56bfc062723c751e8b465ee728b)  -> (artifact id: 'ee79c009a70b2e4eb179b512f56e8a6f') in 0.096673 seconds 
  Import took 0.109776 seconds .

========================================================================
Received Prepare
Registering precompiled user dll's ...
Registered in 0.016882 seconds.
Begin MonoManager ReloadAssembly
Native extension for WindowsStandalone target not found
Refreshing native plugins compatible for Editor in 3.04 ms, found 6 plugins.
Preloading 0 native plugins for Editor in 0.00 ms.
Mono: successfully reloaded assembly
- Completed reload, in  1.568 seconds
Domain Reload Profiling:
	ReloadAssembly (1569ms)
		BeginReloadAssembly (168ms)
			ExecutionOrderSort (0ms)
			DisableScriptedObjects (10ms)
			BackupInstance (0ms)
			ReleaseScriptingObjects (0ms)
			CreateAndSetChildDomain (49ms)
		EndReloadAssembly (1321ms)
			LoadAssemblies (147ms)
			RebuildTransferFunctionScriptingTraits (0ms)
			SetupTypeCache (393ms)
			ReleaseScriptCaches (2ms)
			RebuildScriptCaches (80ms)
			SetupLoadedEditorAssemblies (513ms)
				LogAssemblyErrors (0ms)
				InitializePlatformSupportModulesInManaged (5ms)
				SetLoadedEditorAssemblies (1ms)
				RefreshPlugins (3ms)
				BeforeProcessingInitializeOnLoad (174ms)
				ProcessInitializeOnLoadAttributes (301ms)
				ProcessInitializeOnLoadMethodAttributes (19ms)
				AfterProcessingInitializeOnLoad (12ms)
				EditorAssembliesLoaded (0ms)
			ExecutionOrderSort2 (0ms)
			AwakeInstancesAfterBackupRestoration (25ms)
Platform modules already initialized, skipping
Refreshing native plugins compatible for Editor in 3.07 ms, found 6 plugins.
Preloading 0 native plugins for Editor in 0.00 ms.
Unloading 4715 Unused Serialized files (Serialized files now loaded: 0)
System memory in use before: 316.1 MB.
System memory in use after: 316.6 MB.

Unloading 33 unused Assets to reduce memory usage. Loaded Objects now: 5602.
Total: 5.765200 ms (FindLiveObjects: 0.440400 ms CreateObjectMapping: 0.127800 ms MarkObjects: 5.164000 ms  DeleteObjects: 0.031400 ms)

AssetImportParameters requested are different than current active one (requested -> active):
  custom:framework-win-MediaFoundation: 216162199b28c13a410421893ffa2e32 -> 
  custom:video-decoder-ogg-theora: a1e56fd34408186e4bbccfd4996cb3dc -> 
  custom:container-muxer-webm: aa71ff27fc2769a1b78a27578f13a17b -> 
  custom:container-demuxer-webm: 4f35f7cbe854078d1ac9338744f61a02 -> 
  custom:container-demuxer-ogg: 62fdf1f143b41e24485cea50d1cbac27 -> 
  custom:video-encoder-webm-vp8: eb34c28f22e8b96e1ab97ce403110664 -> 
  custom:video-codec-MediaFoundation-h265: 746d11721c4dcdbdad8f713fa42b33f4 -> 
  custom:video-decoder-webm-vp8: 9c59270c3fd7afecdb556c50c9e8de78 -> 
  custom:audio-decoder-ogg-vorbis: bf7c407c2cedff20999df2af8eb42d56 -> 
  custom:audio-encoder-webm-vorbis: bf7c407c2cedff20999df2af8eb42d56 -> 
========================================================================
Received Import Request.
  Time since last request: 219.924928 seconds.
  path: Assets/Resources/Map/Prefab/PortalGate.prefab
  artifactKey: Guid(522326153cdc83b4aa21d2b8b0622959) Importer(815301076,1909f56bfc062723c751e8b465ee728b)
Start importing Assets/Resources/Map/Prefab/PortalGate.prefab using Guid(522326153cdc83b4aa21d2b8b0622959) Importer(815301076,1909f56bfc062723c751e8b465ee728b)  -> (artifact id: 'a53dd530d70506af0077b04f926a412d') in 0.331888 seconds 
  Import took 0.346610 seconds .

========================================================================
Received Prepare
Registering precompiled user dll's ...
Registered in 0.016082 seconds.
Begin MonoManager ReloadAssembly
Native extension for WindowsStandalone target not found
Refreshing native plugins compatible for Editor in 3.48 ms, found 6 plugins.
Preloading 0 native plugins for Editor in 0.00 ms.
Mono: successfully reloaded assembly
- Completed reload, in  1.615 seconds
Domain Reload Profiling:
	ReloadAssembly (1615ms)
		BeginReloadAssembly (168ms)
			ExecutionOrderSort (0ms)
			DisableScriptedObjects (11ms)
			BackupInstance (0ms)
			ReleaseScriptingObjects (0ms)
			CreateAndSetChildDomain (50ms)
		EndReloadAssembly (1366ms)
			LoadAssemblies (149ms)
			RebuildTransferFunctionScriptingTraits (0ms)
			SetupTypeCache (399ms)
			ReleaseScriptCaches (2ms)
			RebuildScriptCaches (81ms)
			SetupLoadedEditorAssemblies (515ms)
				LogAssemblyErrors (0ms)
				InitializePlatformSupportModulesInManaged (5ms)
				SetLoadedEditorAssemblies (1ms)
				RefreshPlugins (4ms)
				BeforeProcessingInitializeOnLoad (171ms)
				ProcessInitializeOnLoadAttributes (304ms)
				ProcessInitializeOnLoadMethodAttributes (18ms)
				AfterProcessingInitializeOnLoad (12ms)
				EditorAssembliesLoaded (0ms)
			ExecutionOrderSort2 (0ms)
			AwakeInstancesAfterBackupRestoration (26ms)
Platform modules already initialized, skipping
Refreshing native plugins compatible for Editor in 3.17 ms, found 6 plugins.
Preloading 0 native plugins for Editor in 0.00 ms.
Unloading 4715 Unused Serialized files (Serialized files now loaded: 0)
System memory in use before: 316.2 MB.
System memory in use after: 316.7 MB.

Unloading 33 unused Assets to reduce memory usage. Loaded Objects now: 5640.
Total: 5.649700 ms (FindLiveObjects: 0.435100 ms CreateObjectMapping: 0.125100 ms MarkObjects: 5.056300 ms  DeleteObjects: 0.031500 ms)

AssetImportParameters requested are different than current active one (requested -> active):
  custom:framework-win-MediaFoundation: 216162199b28c13a410421893ffa2e32 -> 
  custom:video-decoder-ogg-theora: a1e56fd34408186e4bbccfd4996cb3dc -> 
  custom:container-muxer-webm: aa71ff27fc2769a1b78a27578f13a17b -> 
  custom:container-demuxer-webm: 4f35f7cbe854078d1ac9338744f61a02 -> 
  custom:container-demuxer-ogg: 62fdf1f143b41e24485cea50d1cbac27 -> 
  custom:video-encoder-webm-vp8: eb34c28f22e8b96e1ab97ce403110664 -> 
  custom:video-codec-MediaFoundation-h265: 746d11721c4dcdbdad8f713fa42b33f4 -> 
  custom:video-decoder-webm-vp8: 9c59270c3fd7afecdb556c50c9e8de78 -> 
  custom:audio-decoder-ogg-vorbis: bf7c407c2cedff20999df2af8eb42d56 -> 
  custom:audio-encoder-webm-vorbis: bf7c407c2cedff20999df2af8eb42d56 -> 
========================================================================
Received Prepare
Registering precompiled user dll's ...
Registered in 0.016209 seconds.
Begin MonoManager ReloadAssembly
Native extension for WindowsStandalone target not found
Refreshing native plugins compatible for Editor in 3.22 ms, found 6 plugins.
Preloading 0 native plugins for Editor in 0.00 ms.
Mono: successfully reloaded assembly
- Completed reload, in  2.003 seconds
Domain Reload Profiling:
	ReloadAssembly (2003ms)
		BeginReloadAssembly (165ms)
			ExecutionOrderSort (0ms)
			DisableScriptedObjects (8ms)
			BackupInstance (0ms)
			ReleaseScriptingObjects (0ms)
			CreateAndSetChildDomain (43ms)
		EndReloadAssembly (1756ms)
			LoadAssemblies (215ms)
			RebuildTransferFunctionScriptingTraits (0ms)
			SetupTypeCache (613ms)
			ReleaseScriptCaches (2ms)
			RebuildScriptCaches (104ms)
			SetupLoadedEditorAssemblies (570ms)
				LogAssemblyErrors (0ms)
				InitializePlatformSupportModulesInManaged (4ms)
				SetLoadedEditorAssemblies (1ms)
				RefreshPlugins (3ms)
				BeforeProcessingInitializeOnLoad (180ms)
				ProcessInitializeOnLoadAttributes (347ms)
				ProcessInitializeOnLoadMethodAttributes (21ms)
				AfterProcessingInitializeOnLoad (14ms)
				EditorAssembliesLoaded (0ms)
			ExecutionOrderSort2 (0ms)
			AwakeInstancesAfterBackupRestoration (33ms)
Platform modules already initialized, skipping
Refreshing native plugins compatible for Editor in 3.50 ms, found 6 plugins.
Preloading 0 native plugins for Editor in 0.00 ms.
Unloading 4715 Unused Serialized files (Serialized files now loaded: 0)
System memory in use before: 316.2 MB.
System memory in use after: 316.6 MB.

Unloading 31 unused Assets to reduce memory usage. Loaded Objects now: 5642.
Total: 4.788300 ms (FindLiveObjects: 0.434100 ms CreateObjectMapping: 0.125600 ms MarkObjects: 4.200500 ms  DeleteObjects: 0.027000 ms)

AssetImportParameters requested are different than current active one (requested -> active):
  custom:framework-win-MediaFoundation: 216162199b28c13a410421893ffa2e32 -> 
  custom:video-decoder-ogg-theora: a1e56fd34408186e4bbccfd4996cb3dc -> 
  custom:container-muxer-webm: aa71ff27fc2769a1b78a27578f13a17b -> 
  custom:container-demuxer-webm: 4f35f7cbe854078d1ac9338744f61a02 -> 
  custom:container-demuxer-ogg: 62fdf1f143b41e24485cea50d1cbac27 -> 
  custom:video-encoder-webm-vp8: eb34c28f22e8b96e1ab97ce403110664 -> 
  custom:video-codec-MediaFoundation-h265: 746d11721c4dcdbdad8f713fa42b33f4 -> 
  custom:video-decoder-webm-vp8: 9c59270c3fd7afecdb556c50c9e8de78 -> 
  custom:audio-decoder-ogg-vorbis: bf7c407c2cedff20999df2af8eb42d56 -> 
  custom:audio-encoder-webm-vorbis: bf7c407c2cedff20999df2af8eb42d56 -> 
========================================================================
Received Prepare
Registering precompiled user dll's ...
Registered in 0.018132 seconds.
Begin MonoManager ReloadAssembly
Native extension for WindowsStandalone target not found
Refreshing native plugins compatible for Editor in 3.34 ms, found 6 plugins.
Preloading 0 native plugins for Editor in 0.00 ms.
Mono: successfully reloaded assembly
- Completed reload, in  1.946 seconds
Domain Reload Profiling:
	ReloadAssembly (1947ms)
		BeginReloadAssembly (201ms)
			ExecutionOrderSort (0ms)
			DisableScriptedObjects (12ms)
			BackupInstance (0ms)
			ReleaseScriptingObjects (0ms)
			CreateAndSetChildDomain (71ms)
		EndReloadAssembly (1661ms)
			LoadAssemblies (166ms)
			RebuildTransferFunctionScriptingTraits (0ms)
			SetupTypeCache (640ms)
			ReleaseScriptCaches (3ms)
			RebuildScriptCaches (81ms)
			SetupLoadedEditorAssemblies (571ms)
				LogAssemblyErrors (0ms)
				InitializePlatformSupportModulesInManaged (5ms)
				SetLoadedEditorAssemblies (1ms)
				RefreshPlugins (4ms)
				BeforeProcessingInitializeOnLoad (190ms)
				ProcessInitializeOnLoadAttributes (337ms)
				ProcessInitializeOnLoadMethodAttributes (19ms)
				AfterProcessingInitializeOnLoad (15ms)
				EditorAssembliesLoaded (0ms)
			ExecutionOrderSort2 (0ms)
			AwakeInstancesAfterBackupRestoration (30ms)
Platform modules already initialized, skipping
Refreshing native plugins compatible for Editor in 3.29 ms, found 6 plugins.
Preloading 0 native plugins for Editor in 0.00 ms.
Unloading 4715 Unused Serialized files (Serialized files now loaded: 0)
System memory in use before: 316.0 MB.
System memory in use after: 316.4 MB.

Unloading 31 unused Assets to reduce memory usage. Loaded Objects now: 5644.
Total: 5.820500 ms (FindLiveObjects: 0.471900 ms CreateObjectMapping: 0.127300 ms MarkObjects: 5.191300 ms  DeleteObjects: 0.028400 ms)

AssetImportParameters requested are different than current active one (requested -> active):
  custom:framework-win-MediaFoundation: 216162199b28c13a410421893ffa2e32 -> 
  custom:video-decoder-ogg-theora: a1e56fd34408186e4bbccfd4996cb3dc -> 
  custom:container-muxer-webm: aa71ff27fc2769a1b78a27578f13a17b -> 
  custom:container-demuxer-webm: 4f35f7cbe854078d1ac9338744f61a02 -> 
  custom:container-demuxer-ogg: 62fdf1f143b41e24485cea50d1cbac27 -> 
  custom:video-encoder-webm-vp8: eb34c28f22e8b96e1ab97ce403110664 -> 
  custom:video-codec-MediaFoundation-h265: 746d11721c4dcdbdad8f713fa42b33f4 -> 
  custom:video-decoder-webm-vp8: 9c59270c3fd7afecdb556c50c9e8de78 -> 
  custom:audio-decoder-ogg-vorbis: bf7c407c2cedff20999df2af8eb42d56 -> 
  custom:audio-encoder-webm-vorbis: bf7c407c2cedff20999df2af8eb42d56 -> 
========================================================================
Received Prepare
Registering precompiled user dll's ...
Registered in 0.393057 seconds.
Begin MonoManager ReloadAssembly
Native extension for WindowsStandalone target not found
Refreshing native plugins compatible for Editor in 3.88 ms, found 6 plugins.
Preloading 0 native plugins for Editor in 0.00 ms.
Mono: successfully reloaded assembly
- Completed reload, in  1.691 seconds
Domain Reload Profiling:
	ReloadAssembly (1692ms)
		BeginReloadAssembly (165ms)
			ExecutionOrderSort (0ms)
			DisableScriptedObjects (7ms)
			BackupInstance (0ms)
			ReleaseScriptingObjects (0ms)
			CreateAndSetChildDomain (45ms)
		EndReloadAssembly (1444ms)
			LoadAssemblies (153ms)
			RebuildTransferFunctionScriptingTraits (0ms)
			SetupTypeCache (403ms)
			ReleaseScriptCaches (2ms)
			RebuildScriptCaches (77ms)
			SetupLoadedEditorAssemblies (512ms)
				LogAssemblyErrors (0ms)
				InitializePlatformSupportModulesInManaged (5ms)
				SetLoadedEditorAssemblies (1ms)
				RefreshPlugins (4ms)
				BeforeProcessingInitializeOnLoad (173ms)
				ProcessInitializeOnLoadAttributes (300ms)
				ProcessInitializeOnLoadMethodAttributes (18ms)
				AfterProcessingInitializeOnLoad (12ms)
				EditorAssembliesLoaded (0ms)
			ExecutionOrderSort2 (0ms)
			AwakeInstancesAfterBackupRestoration (26ms)
Platform modules already initialized, skipping
Refreshing native plugins compatible for Editor in 3.28 ms, found 6 plugins.
Preloading 0 native plugins for Editor in 0.00 ms.
Unloading 4715 Unused Serialized files (Serialized files now loaded: 0)
System memory in use before: 316.2 MB.
System memory in use after: 316.6 MB.

Unloading 31 unused Assets to reduce memory usage. Loaded Objects now: 5646.
Total: 5.835900 ms (FindLiveObjects: 0.573400 ms CreateObjectMapping: 0.131600 ms MarkObjects: 5.005700 ms  DeleteObjects: 0.123800 ms)

AssetImportParameters requested are different than current active one (requested -> active):
  custom:framework-win-MediaFoundation: 216162199b28c13a410421893ffa2e32 -> 
  custom:video-decoder-ogg-theora: a1e56fd34408186e4bbccfd4996cb3dc -> 
  custom:container-muxer-webm: aa71ff27fc2769a1b78a27578f13a17b -> 
  custom:container-demuxer-webm: 4f35f7cbe854078d1ac9338744f61a02 -> 
  custom:container-demuxer-ogg: 62fdf1f143b41e24485cea50d1cbac27 -> 
  custom:video-encoder-webm-vp8: eb34c28f22e8b96e1ab97ce403110664 -> 
  custom:video-codec-MediaFoundation-h265: 746d11721c4dcdbdad8f713fa42b33f4 -> 
  custom:video-decoder-webm-vp8: 9c59270c3fd7afecdb556c50c9e8de78 -> 
  custom:audio-decoder-ogg-vorbis: bf7c407c2cedff20999df2af8eb42d56 -> 
  custom:audio-encoder-webm-vorbis: bf7c407c2cedff20999df2af8eb42d56 -> 
========================================================================
Received Import Request.
  Time since last request: 25597.426244 seconds.
  path: Assets/Resources/Character/Sprite/HotDog_Variant.prefab
  artifactKey: Guid(5879da2c47e58954295f4f2e7ac67363) Importer(815301076,1909f56bfc062723c751e8b465ee728b)
Start importing Assets/Resources/Character/Sprite/HotDog_Variant.prefab using Guid(5879da2c47e58954295f4f2e7ac67363) Importer(815301076,1909f56bfc062723c751e8b465ee728b)  -> (artifact id: 'de149865a9bfe71d38b5a7aabf635d99') in 0.274695 seconds 
  Import took 0.287353 seconds .

========================================================================
Received Import Request.
  Time since last request: 454.906384 seconds.
  path: Assets/Resources/Effect/Prefab/Electro_MoveGround.prefab
  artifactKey: Guid(f2871a836eb14ad4fa24d9cffa18fe84) Importer(815301076,1909f56bfc062723c751e8b465ee728b)
Start importing Assets/Resources/Effect/Prefab/Electro_MoveGround.prefab using Guid(f2871a836eb14ad4fa24d9cffa18fe84) Importer(815301076,1909f56bfc062723c751e8b465ee728b)  -> (artifact id: '30fccf80a8f6caeb0e7ad9549e202347') in 0.036320 seconds 
  Import took 0.047803 seconds .

========================================================================
Received Import Request.
  Time since last request: 56.573622 seconds.
  path: Assets/Resources/Effect/Prefab/IceDrillAttack.prefab
  artifactKey: Guid(ba10255e30f89034185baccb4f5cda4d) Importer(815301076,1909f56bfc062723c751e8b465ee728b)
Start importing Assets/Resources/Effect/Prefab/IceDrillAttack.prefab using Guid(ba10255e30f89034185baccb4f5cda4d) Importer(815301076,1909f56bfc062723c751e8b465ee728b)  -> (artifact id: '07c726b2a9b21f00a56ab72ac55c34c5') in 0.040034 seconds 
  Import took 0.050102 seconds .

========================================================================
Received Import Request.
  Time since last request: 49.945981 seconds.
  path: Assets/Resources/Effect/Prefab/PoisonPool.prefab
  artifactKey: Guid(907893e88283f0149aae500550b08f22) Importer(815301076,1909f56bfc062723c751e8b465ee728b)
Start importing Assets/Resources/Effect/Prefab/PoisonPool.prefab using Guid(907893e88283f0149aae500550b08f22) Importer(815301076,1909f56bfc062723c751e8b465ee728b)  -> (artifact id: '2e8235c10444086cccdfa0e0dc3dfd2c') in 0.028526 seconds 
  Import took 0.037817 seconds .

========================================================================
Received Import Request.
  Time since last request: 2.196534 seconds.
  path: Assets/Resources/Effect/Prefab/SlowPool.prefab
  artifactKey: Guid(b015ee8f3f1053a4d8d9ca2031cd8ae6) Importer(815301076,1909f56bfc062723c751e8b465ee728b)
Start importing Assets/Resources/Effect/Prefab/SlowPool.prefab using Guid(b015ee8f3f1053a4d8d9ca2031cd8ae6) Importer(815301076,1909f56bfc062723c751e8b465ee728b)  -> (artifact id: '016557db1d493c8a6c336feae76cbe9c') in 0.017563 seconds 
  Import took 0.028920 seconds .

========================================================================
Received Import Request.
  Time since last request: 19.488474 seconds.
  path: Assets/Resources/Effect/Prefab/Thunder_Ready.prefab
  artifactKey: Guid(cf0769fa4ccf9784185f5c677ee30590) Importer(815301076,1909f56bfc062723c751e8b465ee728b)
Start importing Assets/Resources/Effect/Prefab/Thunder_Ready.prefab using Guid(cf0769fa4ccf9784185f5c677ee30590) Importer(815301076,1909f56bfc062723c751e8b465ee728b)  -> (artifact id: 'd6891c82f11f28dcce03d358e6aa367a') in 0.027688 seconds 
  Import took 0.036669 seconds .

========================================================================
Received Import Request.
  Time since last request: 1.194139 seconds.
  path: Assets/Resources/Effect/Prefab/WindCutter_BossAtk.prefab
  artifactKey: Guid(2a47913c7908f054db52bf943c35ffc9) Importer(815301076,1909f56bfc062723c751e8b465ee728b)
Start importing Assets/Resources/Effect/Prefab/WindCutter_BossAtk.prefab using Guid(2a47913c7908f054db52bf943c35ffc9) Importer(815301076,1909f56bfc062723c751e8b465ee728b)  -> (artifact id: '92021617ab4119bb3dd972a3d32309a3') in 0.022373 seconds 
  Import took 0.032873 seconds .

AssetImportWorkerClient::OnTransportError - code=2 error=End of file
