Using pre-set license
Built from '2020.3/staging' branch; Version is '2020.3.25f1 (9b9180224418) revision 10195328'; Using compiler version '192528614'; Build Type 'Release'
OS: 'Windows 11  (10.0.22621) 64bit Core' Language: 'ko' Physical Memory: 32693 MB
BatchMode: 1, IsHumanControllingUs: 0, StartBugReporterOnCrash: 0, Is64bit: 1, IsPro: 0

COMMAND LINE ARGUMENTS:
C:\Program Files\Unity\Hub\Editor\2020.3.25f1\Editor\Unity.exe
-adb2
-batchMode
-noUpm
-name
AssetImportWorker0
-projectPath
C:/Users/Javis.JAVIS/Documents/GitHub/Elemental Survival
-logFile
Logs/AssetImportWorker0.log
-srvPort
3253
Successfully changed project path to: C:/Users/Javis.JAVIS/Documents/GitHub/Elemental Survival
C:/Users/Javis.JAVIS/Documents/GitHub/Elemental Survival
Using Asset Import Pipeline V2.
Refreshing native plugins compatible for Editor in 454.89 ms, found 6 plugins.
Preloading 0 native plugins for Editor in 0.00 ms.
Initialize engine version: 2020.3.25f1 (9b9180224418)
[Subsystems] Discovering subsystems at path C:/Program Files/Unity/Hub/Editor/2020.3.25f1/Editor/Data/Resources/UnitySubsystems
[Subsystems] Discovering subsystems at path C:/Users/Javis.JAVIS/Documents/GitHub/Elemental Survival/Assets
GfxDevice: creating device client; threaded=0
Direct3D:
    Version:  Direct3D 11.0 [level 11.1]
    Renderer: NVIDIA GeForce RTX 2080 Ti (ID=0x1e07)
    Vendor:   
    VRAM:     11041 MB
    Driver:   31.0.15.2698
Initialize mono
Mono path[0] = 'C:/Program Files/Unity/Hub/Editor/2020.3.25f1/Editor/Data/Managed'
Mono path[1] = 'C:/Program Files/Unity/Hub/Editor/2020.3.25f1/Editor/Data/MonoBleedingEdge/lib/mono/unityjit'
Mono config path = 'C:/Program Files/Unity/Hub/Editor/2020.3.25f1/Editor/Data/MonoBleedingEdge/etc'
Using monoOptions --debugger-agent=transport=dt_socket,embedding=1,server=y,suspend=n,address=127.0.0.1:56072
Begin MonoManager ReloadAssembly
Registering precompiled unity dll's ...
Register platform support module: C:/Program Files/Unity/Hub/Editor/2020.3.25f1/Editor/Data/PlaybackEngines/WindowsStandaloneSupport/UnityEditor.WindowsStandalone.Extensions.dll
Registered in 0.003342 seconds.
Native extension for WindowsStandalone target not found
Refreshing native plugins compatible for Editor in 467.17 ms, found 6 plugins.
Preloading 0 native plugins for Editor in 0.00 ms.
Mono: successfully reloaded assembly
- Completed reload, in  1.124 seconds
Domain Reload Profiling:
	ReloadAssembly (1124ms)
		BeginReloadAssembly (78ms)
			ExecutionOrderSort (0ms)
			DisableScriptedObjects (0ms)
			BackupInstance (0ms)
			ReleaseScriptingObjects (0ms)
			CreateAndSetChildDomain (1ms)
		EndReloadAssembly (956ms)
			LoadAssemblies (74ms)
			RebuildTransferFunctionScriptingTraits (0ms)
			SetupTypeCache (164ms)
			ReleaseScriptCaches (0ms)
			RebuildScriptCaches (40ms)
			SetupLoadedEditorAssemblies (617ms)
				LogAssemblyErrors (0ms)
				InitializePlatformSupportModulesInManaged (5ms)
				SetLoadedEditorAssemblies (0ms)
				RefreshPlugins (467ms)
				BeforeProcessingInitializeOnLoad (15ms)
				ProcessInitializeOnLoadAttributes (96ms)
				ProcessInitializeOnLoadMethodAttributes (34ms)
				AfterProcessingInitializeOnLoad (0ms)
				EditorAssembliesLoaded (0ms)
			ExecutionOrderSort2 (0ms)
			AwakeInstancesAfterBackupRestoration (0ms)
Platform modules already initialized, skipping
Registering precompiled user dll's ...
Registered in 0.019238 seconds.
Begin MonoManager ReloadAssembly
Native extension for WindowsStandalone target not found
Refreshing native plugins compatible for Editor in 455.96 ms, found 6 plugins.
Preloading 0 native plugins for Editor in 0.00 ms.
Mono: successfully reloaded assembly
- Completed reload, in  2.117 seconds
Domain Reload Profiling:
	ReloadAssembly (2118ms)
		BeginReloadAssembly (167ms)
			ExecutionOrderSort (0ms)
			DisableScriptedObjects (6ms)
			BackupInstance (0ms)
			ReleaseScriptingObjects (0ms)
			CreateAndSetChildDomain (19ms)
		EndReloadAssembly (1871ms)
			LoadAssemblies (155ms)
			RebuildTransferFunctionScriptingTraits (0ms)
			SetupTypeCache (422ms)
			ReleaseScriptCaches (1ms)
			RebuildScriptCaches (122ms)
			SetupLoadedEditorAssemblies (1014ms)
				LogAssemblyErrors (0ms)
				InitializePlatformSupportModulesInManaged (4ms)
				SetLoadedEditorAssemblies (0ms)
				RefreshPlugins (456ms)
				BeforeProcessingInitializeOnLoad (169ms)
				ProcessInitializeOnLoadAttributes (344ms)
				ProcessInitializeOnLoadMethodAttributes (28ms)
				AfterProcessingInitializeOnLoad (12ms)
				EditorAssembliesLoaded (0ms)
			ExecutionOrderSort2 (0ms)
			AwakeInstancesAfterBackupRestoration (7ms)
Platform modules already initialized, skipping
========================================================================
Worker process is ready to serve import requests
Launched and connected shader compiler UnityShaderCompiler.exe after 0.07 seconds
Refreshing native plugins compatible for Editor in 3.30 ms, found 6 plugins.
Preloading 0 native plugins for Editor in 0.00 ms.
Unloading 4925 Unused Serialized files (Serialized files now loaded: 0)
System memory in use before: 324.4 MB.
System memory in use after: 324.6 MB.

Unloading 43 unused Assets to reduce memory usage. Loaded Objects now: 5385.
Total: 4.121100 ms (FindLiveObjects: 0.392600 ms CreateObjectMapping: 0.116300 ms MarkObjects: 3.579900 ms  DeleteObjects: 0.031300 ms)

AssetImportParameters requested are different than current active one (requested -> active):
  custom:framework-win-MediaFoundation: 216162199b28c13a410421893ffa2e32 -> 
  custom:video-decoder-ogg-theora: a1e56fd34408186e4bbccfd4996cb3dc -> 
  custom:container-muxer-webm: aa71ff27fc2769a1b78a27578f13a17b -> 
  custom:container-demuxer-webm: 4f35f7cbe854078d1ac9338744f61a02 -> 
  custom:container-demuxer-ogg: 62fdf1f143b41e24485cea50d1cbac27 -> 
  custom:video-encoder-webm-vp8: eb34c28f22e8b96e1ab97ce403110664 -> 
  custom:video-codec-MediaFoundation-h265: e54d7ab0439102e2317fc1e4b246158d -> 
  custom:video-decoder-webm-vp8: 9c59270c3fd7afecdb556c50c9e8de78 -> 
  custom:audio-decoder-ogg-vorbis: bf7c407c2cedff20999df2af8eb42d56 -> 
  custom:audio-encoder-webm-vorbis: bf7c407c2cedff20999df2af8eb42d56 -> 
========================================================================
Received Import Request.
  path: Assets/Resources/Map/Sprite/Tile_Lightning-Sheet 1.png
  artifactKey: Guid(1bd03409f18b17548b7865270782a157) Importer(815301076,1909f56bfc062723c751e8b465ee728b)
Start importing Assets/Resources/Map/Sprite/Tile_Lightning-Sheet 1.png using Guid(1bd03409f18b17548b7865270782a157) Importer(815301076,1909f56bfc062723c751e8b465ee728b)  -> (artifact id: '39d4fb3f52a2845d060fb63ea21faea3') in 0.215444 seconds 
  Import took 0.224314 seconds .

========================================================================
Received Import Request.
  Time since last request: 8.744452 seconds.
  path: Assets/Resources/Map/Sprite/Tile_Water-Sheet.png
  artifactKey: Guid(1bd03409f18b17548b7865270782a157) Importer(815301076,1909f56bfc062723c751e8b465ee728b)
Start importing Assets/Resources/Map/Sprite/Tile_Water-Sheet.png using Guid(1bd03409f18b17548b7865270782a157) Importer(815301076,1909f56bfc062723c751e8b465ee728b)  -> (artifact id: 'db4113c2bd3686912504ee792fcdb0e6') in 0.054938 seconds 
  Import took 0.063920 seconds .

========================================================================
Received Import Request.
  Time since last request: 918.299025 seconds.
  path: Assets/Resources/Map/Sprite/Tile_Water-Sheet.png
  artifactKey: Guid(1bd03409f18b17548b7865270782a157) Importer(815301076,1909f56bfc062723c751e8b465ee728b)
Start importing Assets/Resources/Map/Sprite/Tile_Water-Sheet.png using Guid(1bd03409f18b17548b7865270782a157) Importer(815301076,1909f56bfc062723c751e8b465ee728b)  -> (artifact id: '13f768a466e6d2dfaed6abf7ae657e68') in 0.053993 seconds 
  Import took 0.064331 seconds .

========================================================================
Received Import Request.
  Time since last request: 59.967483 seconds.
  path: Assets/Resources/Map/Sprite/Tile_Water-Sheet.png
  artifactKey: Guid(1bd03409f18b17548b7865270782a157) Importer(815301076,1909f56bfc062723c751e8b465ee728b)
Start importing Assets/Resources/Map/Sprite/Tile_Water-Sheet.png using Guid(1bd03409f18b17548b7865270782a157) Importer(815301076,1909f56bfc062723c751e8b465ee728b)  -> (artifact id: '20c3ece5deeaa3c1c91254188573a611') in 0.024829 seconds 
  Import took 0.033347 seconds .

========================================================================
Received Import Request.
  Time since last request: 19.847298 seconds.
  path: Assets/Resources/Map/Tile/Water/WaterTile.asset
  artifactKey: Guid(999d5f6ee474b3443a4a61db9e931b55) Importer(815301076,1909f56bfc062723c751e8b465ee728b)
Start importing Assets/Resources/Map/Tile/Water/WaterTile.asset using Guid(999d5f6ee474b3443a4a61db9e931b55) Importer(815301076,1909f56bfc062723c751e8b465ee728b)  -> (artifact id: '022512aa7abc94483434baba71606e19') in 0.045028 seconds 
  Import took 0.054095 seconds .

========================================================================
Received Import Request.
  Time since last request: 3.535378 seconds.
  path: Assets/Resources/Map/Tile/Water/WaterAnimTile.asset
  artifactKey: Guid(999d5f6ee474b3443a4a61db9e931b55) Importer(815301076,1909f56bfc062723c751e8b465ee728b)
Start importing Assets/Resources/Map/Tile/Water/WaterAnimTile.asset using Guid(999d5f6ee474b3443a4a61db9e931b55) Importer(815301076,1909f56bfc062723c751e8b465ee728b)  -> (artifact id: '0059e40ba90653a13b2979ca51a279d5') in 0.016112 seconds 
  Import took 0.025245 seconds .

========================================================================
Received Prepare
Registering precompiled user dll's ...
Registered in 0.016032 seconds.
Begin MonoManager ReloadAssembly
Native extension for WindowsStandalone target not found
Refreshing native plugins compatible for Editor in 3.25 ms, found 6 plugins.
Preloading 0 native plugins for Editor in 0.00 ms.
Mono: successfully reloaded assembly
- Completed reload, in  1.554 seconds
Domain Reload Profiling:
	ReloadAssembly (1554ms)
		BeginReloadAssembly (158ms)
			ExecutionOrderSort (0ms)
			DisableScriptedObjects (7ms)
			BackupInstance (0ms)
			ReleaseScriptingObjects (0ms)
			CreateAndSetChildDomain (44ms)
		EndReloadAssembly (1315ms)
			LoadAssemblies (148ms)
			RebuildTransferFunctionScriptingTraits (0ms)
			SetupTypeCache (416ms)
			ReleaseScriptCaches (2ms)
			RebuildScriptCaches (76ms)
			SetupLoadedEditorAssemblies (520ms)
				LogAssemblyErrors (0ms)
				InitializePlatformSupportModulesInManaged (5ms)
				SetLoadedEditorAssemblies (1ms)
				RefreshPlugins (3ms)
				BeforeProcessingInitializeOnLoad (172ms)
				ProcessInitializeOnLoadAttributes (309ms)
				ProcessInitializeOnLoadMethodAttributes (18ms)
				AfterProcessingInitializeOnLoad (13ms)
				EditorAssembliesLoaded (0ms)
			ExecutionOrderSort2 (0ms)
			AwakeInstancesAfterBackupRestoration (15ms)
Platform modules already initialized, skipping
Refreshing native plugins compatible for Editor in 3.00 ms, found 6 plugins.
Preloading 0 native plugins for Editor in 0.00 ms.
Unloading 4709 Unused Serialized files (Serialized files now loaded: 0)
System memory in use before: 310.2 MB.
System memory in use after: 310.5 MB.

Unloading 31 unused Assets to reduce memory usage. Loaded Objects now: 5396.
Total: 4.883200 ms (FindLiveObjects: 0.597100 ms CreateObjectMapping: 0.314500 ms MarkObjects: 3.942100 ms  DeleteObjects: 0.027800 ms)

AssetImportParameters requested are different than current active one (requested -> active):
  custom:framework-win-MediaFoundation: 216162199b28c13a410421893ffa2e32 -> 
  custom:video-decoder-ogg-theora: a1e56fd34408186e4bbccfd4996cb3dc -> 
  custom:container-muxer-webm: aa71ff27fc2769a1b78a27578f13a17b -> 
  custom:container-demuxer-webm: 4f35f7cbe854078d1ac9338744f61a02 -> 
  custom:container-demuxer-ogg: 62fdf1f143b41e24485cea50d1cbac27 -> 
  custom:video-encoder-webm-vp8: eb34c28f22e8b96e1ab97ce403110664 -> 
  custom:video-codec-MediaFoundation-h265: e54d7ab0439102e2317fc1e4b246158d -> 
  custom:video-decoder-webm-vp8: 9c59270c3fd7afecdb556c50c9e8de78 -> 
  custom:audio-decoder-ogg-vorbis: bf7c407c2cedff20999df2af8eb42d56 -> 
  custom:audio-encoder-webm-vorbis: bf7c407c2cedff20999df2af8eb42d56 -> 
========================================================================
Received Prepare
Registering precompiled user dll's ...
Registered in 0.018353 seconds.
Begin MonoManager ReloadAssembly
Native extension for WindowsStandalone target not found
Refreshing native plugins compatible for Editor in 3.23 ms, found 6 plugins.
Preloading 0 native plugins for Editor in 0.00 ms.
Mono: successfully reloaded assembly
- Completed reload, in  1.575 seconds
Domain Reload Profiling:
	ReloadAssembly (1575ms)
		BeginReloadAssembly (162ms)
			ExecutionOrderSort (0ms)
			DisableScriptedObjects (7ms)
			BackupInstance (0ms)
			ReleaseScriptingObjects (0ms)
			CreateAndSetChildDomain (43ms)
		EndReloadAssembly (1328ms)
			LoadAssemblies (145ms)
			RebuildTransferFunctionScriptingTraits (0ms)
			SetupTypeCache (424ms)
			ReleaseScriptCaches (2ms)
			RebuildScriptCaches (76ms)
			SetupLoadedEditorAssemblies (533ms)
				LogAssemblyErrors (0ms)
				InitializePlatformSupportModulesInManaged (5ms)
				SetLoadedEditorAssemblies (1ms)
				RefreshPlugins (3ms)
				BeforeProcessingInitializeOnLoad (174ms)
				ProcessInitializeOnLoadAttributes (315ms)
				ProcessInitializeOnLoadMethodAttributes (21ms)
				AfterProcessingInitializeOnLoad (15ms)
				EditorAssembliesLoaded (0ms)
			ExecutionOrderSort2 (0ms)
			AwakeInstancesAfterBackupRestoration (16ms)
Platform modules already initialized, skipping
Refreshing native plugins compatible for Editor in 2.97 ms, found 6 plugins.
Preloading 0 native plugins for Editor in 0.00 ms.
Unloading 4709 Unused Serialized files (Serialized files now loaded: 0)
System memory in use before: 310.3 MB.
System memory in use after: 310.6 MB.

Unloading 31 unused Assets to reduce memory usage. Loaded Objects now: 5398.
Total: 4.763200 ms (FindLiveObjects: 0.435900 ms CreateObjectMapping: 0.121200 ms MarkObjects: 4.177900 ms  DeleteObjects: 0.026500 ms)

AssetImportParameters requested are different than current active one (requested -> active):
  custom:framework-win-MediaFoundation: 216162199b28c13a410421893ffa2e32 -> 
  custom:video-decoder-ogg-theora: a1e56fd34408186e4bbccfd4996cb3dc -> 
  custom:container-muxer-webm: aa71ff27fc2769a1b78a27578f13a17b -> 
  custom:container-demuxer-webm: 4f35f7cbe854078d1ac9338744f61a02 -> 
  custom:container-demuxer-ogg: 62fdf1f143b41e24485cea50d1cbac27 -> 
  custom:video-encoder-webm-vp8: eb34c28f22e8b96e1ab97ce403110664 -> 
  custom:video-codec-MediaFoundation-h265: e54d7ab0439102e2317fc1e4b246158d -> 
  custom:video-decoder-webm-vp8: 9c59270c3fd7afecdb556c50c9e8de78 -> 
  custom:audio-decoder-ogg-vorbis: bf7c407c2cedff20999df2af8eb42d56 -> 
  custom:audio-encoder-webm-vorbis: bf7c407c2cedff20999df2af8eb42d56 -> 
========================================================================
Received Prepare
Registering precompiled user dll's ...
Registered in 0.016504 seconds.
Begin MonoManager ReloadAssembly
Native extension for WindowsStandalone target not found
Refreshing native plugins compatible for Editor in 3.11 ms, found 6 plugins.
Preloading 0 native plugins for Editor in 0.00 ms.
Mono: successfully reloaded assembly
- Completed reload, in  1.552 seconds
Domain Reload Profiling:
	ReloadAssembly (1553ms)
		BeginReloadAssembly (161ms)
			ExecutionOrderSort (0ms)
			DisableScriptedObjects (7ms)
			BackupInstance (0ms)
			ReleaseScriptingObjects (0ms)
			CreateAndSetChildDomain (43ms)
		EndReloadAssembly (1310ms)
			LoadAssemblies (151ms)
			RebuildTransferFunctionScriptingTraits (0ms)
			SetupTypeCache (398ms)
			ReleaseScriptCaches (2ms)
			RebuildScriptCaches (79ms)
			SetupLoadedEditorAssemblies (533ms)
				LogAssemblyErrors (0ms)
				InitializePlatformSupportModulesInManaged (5ms)
				SetLoadedEditorAssemblies (1ms)
				RefreshPlugins (3ms)
				BeforeProcessingInitializeOnLoad (180ms)
				ProcessInitializeOnLoadAttributes (312ms)
				ProcessInitializeOnLoadMethodAttributes (21ms)
				AfterProcessingInitializeOnLoad (12ms)
				EditorAssembliesLoaded (0ms)
			ExecutionOrderSort2 (0ms)
			AwakeInstancesAfterBackupRestoration (15ms)
Platform modules already initialized, skipping
Refreshing native plugins compatible for Editor in 3.73 ms, found 6 plugins.
Preloading 0 native plugins for Editor in 0.00 ms.
Unloading 4709 Unused Serialized files (Serialized files now loaded: 0)
System memory in use before: 310.4 MB.
System memory in use after: 310.6 MB.

Unloading 31 unused Assets to reduce memory usage. Loaded Objects now: 5400.
Total: 4.962300 ms (FindLiveObjects: 0.414700 ms CreateObjectMapping: 0.129500 ms MarkObjects: 4.390800 ms  DeleteObjects: 0.025300 ms)

AssetImportParameters requested are different than current active one (requested -> active):
  custom:framework-win-MediaFoundation: 216162199b28c13a410421893ffa2e32 -> 
  custom:video-decoder-ogg-theora: a1e56fd34408186e4bbccfd4996cb3dc -> 
  custom:container-muxer-webm: aa71ff27fc2769a1b78a27578f13a17b -> 
  custom:container-demuxer-webm: 4f35f7cbe854078d1ac9338744f61a02 -> 
  custom:container-demuxer-ogg: 62fdf1f143b41e24485cea50d1cbac27 -> 
  custom:video-encoder-webm-vp8: eb34c28f22e8b96e1ab97ce403110664 -> 
  custom:video-codec-MediaFoundation-h265: e54d7ab0439102e2317fc1e4b246158d -> 
  custom:video-decoder-webm-vp8: 9c59270c3fd7afecdb556c50c9e8de78 -> 
  custom:audio-decoder-ogg-vorbis: bf7c407c2cedff20999df2af8eb42d56 -> 
  custom:audio-encoder-webm-vorbis: bf7c407c2cedff20999df2af8eb42d56 -> 
========================================================================
Received Import Request.
  Time since last request: 542.959757 seconds.
  path: Assets/Resources/Map/Sprite/Tile_Water-Sheet.png
  artifactKey: Guid(1bd03409f18b17548b7865270782a157) Importer(815301076,1909f56bfc062723c751e8b465ee728b)
Start importing Assets/Resources/Map/Sprite/Tile_Water-Sheet.png using Guid(1bd03409f18b17548b7865270782a157) Importer(815301076,1909f56bfc062723c751e8b465ee728b)  -> (artifact id: '56a1d1695ecf6d6d7989935054c3f5f4') in 0.066567 seconds 
  Import took 0.076525 seconds .

========================================================================
Received Import Request.
  Time since last request: 4.374143 seconds.
  path: Assets/Resources/Map/Sprite/Tile_Water-Sheet 1.png
  artifactKey: Guid(9b84a71e0960ced49ab641662fea62fc) Importer(815301076,1909f56bfc062723c751e8b465ee728b)
Start importing Assets/Resources/Map/Sprite/Tile_Water-Sheet 1.png using Guid(9b84a71e0960ced49ab641662fea62fc) Importer(815301076,1909f56bfc062723c751e8b465ee728b)  -> (artifact id: 'bc27a6a7957cd71eafdb0b717ec7699b') in 0.021143 seconds 
  Import took 0.029531 seconds .

========================================================================
Received Import Request.
  Time since last request: 7.653019 seconds.
  path: Assets/Resources/Map/Sprite/Tile_Wind-Sheet.png
  artifactKey: Guid(9b84a71e0960ced49ab641662fea62fc) Importer(815301076,1909f56bfc062723c751e8b465ee728b)
Start importing Assets/Resources/Map/Sprite/Tile_Wind-Sheet.png using Guid(9b84a71e0960ced49ab641662fea62fc) Importer(815301076,1909f56bfc062723c751e8b465ee728b)  -> (artifact id: '616d48d753666c728f0aea80b15c5bd1') in 0.030597 seconds 
  Import took 0.039502 seconds .

========================================================================
Received Import Request.
  Time since last request: 1857.858694 seconds.
  path: Assets/TileGen/Resources
  artifactKey: Guid(ef155659b6133fa419a85e2f6b6755a0) Importer(815301076,1909f56bfc062723c751e8b465ee728b)
Start importing Assets/TileGen/Resources using Guid(ef155659b6133fa419a85e2f6b6755a0) Importer(815301076,1909f56bfc062723c751e8b465ee728b)  -> (artifact id: '10d108972c90b756823492df9ad3d470') in 0.004463 seconds 
  Import took 0.013917 seconds .

========================================================================
Received Import Request.
  Time since last request: 0.568840 seconds.
  path: Assets/TileGen/Resources/ExportTilemap
  artifactKey: Guid(6ca1e794c9876664683d929e2f951013) Importer(815301076,1909f56bfc062723c751e8b465ee728b)
Start importing Assets/TileGen/Resources/ExportTilemap using Guid(6ca1e794c9876664683d929e2f951013) Importer(815301076,1909f56bfc062723c751e8b465ee728b)  -> (artifact id: '0b4c873c7cf24b3d8569c0cc334b3929') in 0.004151 seconds 
  Import took 0.012944 seconds .

========================================================================
Received Import Request.
  Time since last request: 0.059807 seconds.
  path: Assets/TileGen/Resources/ExportTilemap/cloud_itspkr31100.png
  artifactKey: Guid(1ca0aaf61b7239546943282e6440115c) Importer(815301076,1909f56bfc062723c751e8b465ee728b)
Start importing Assets/TileGen/Resources/ExportTilemap/cloud_itspkr31100.png using Guid(1ca0aaf61b7239546943282e6440115c) Importer(815301076,1909f56bfc062723c751e8b465ee728b)  -> (artifact id: 'b4cfb130971d1517e5e25d312dc912f2') in 0.284878 seconds 
  Import took 0.294351 seconds .

========================================================================
Received Import Request.
  Time since last request: 0.000276 seconds.
  path: Assets/TileGen/Resources/ExportTilemap/cloud_ruletile.asset
  artifactKey: Guid(b3d0ce392aa7a6940a13fcb88aeb2c94) Importer(815301076,1909f56bfc062723c751e8b465ee728b)
Start importing Assets/TileGen/Resources/ExportTilemap/cloud_ruletile.asset using Guid(b3d0ce392aa7a6940a13fcb88aeb2c94) Importer(815301076,1909f56bfc062723c751e8b465ee728b)  -> (artifact id: '1869111d43d77bdf437e39affc340902') in 0.030761 seconds 
  Import took 0.039498 seconds .

========================================================================
Received Import Request.
  Time since last request: 65.737416 seconds.
  path: Assets/Resources/Map/Tile/Wind/CloudTile.asset
  artifactKey: Guid(b3d0ce392aa7a6940a13fcb88aeb2c94) Importer(815301076,1909f56bfc062723c751e8b465ee728b)
Start importing Assets/Resources/Map/Tile/Wind/CloudTile.asset using Guid(b3d0ce392aa7a6940a13fcb88aeb2c94) Importer(815301076,1909f56bfc062723c751e8b465ee728b)  -> (artifact id: '3a90d74449fd509803caeb2cb0d92dd6') in 0.013823 seconds 
  Import took 0.023718 seconds .

========================================================================
Received Import Request.
  Time since last request: 179.904923 seconds.
  path: Assets/Resources/Map/Sprite/Cloud-Sheet.png
  artifactKey: Guid(1ca0aaf61b7239546943282e6440115c) Importer(815301076,1909f56bfc062723c751e8b465ee728b)
Start importing Assets/Resources/Map/Sprite/Cloud-Sheet.png using Guid(1ca0aaf61b7239546943282e6440115c) Importer(815301076,1909f56bfc062723c751e8b465ee728b)  -> (artifact id: '5b4bb8aa99f4cfdfe5bec3a6fbc5b069') in 0.307315 seconds 
  Import took 0.317577 seconds .

========================================================================
Received Import Request.
  Time since last request: 4.647849 seconds.
  path: Assets/Resources/Map/Sprite/Cloud-Sheet.png
  artifactKey: Guid(1ca0aaf61b7239546943282e6440115c) Importer(815301076,1909f56bfc062723c751e8b465ee728b)
Start importing Assets/Resources/Map/Sprite/Cloud-Sheet.png using Guid(1ca0aaf61b7239546943282e6440115c) Importer(815301076,1909f56bfc062723c751e8b465ee728b)  -> (artifact id: '000b40aaad2ed7430141f27086ec5264') in 0.232868 seconds 
  Import took 0.241962 seconds .

========================================================================
Received Import Request.
  Time since last request: 214.260781 seconds.
  path: Assets/Resources/Map/Tile/Wind/CloudTile.asset
  artifactKey: Guid(b3d0ce392aa7a6940a13fcb88aeb2c94) Importer(815301076,1909f56bfc062723c751e8b465ee728b)
Start importing Assets/Resources/Map/Tile/Wind/CloudTile.asset using Guid(b3d0ce392aa7a6940a13fcb88aeb2c94) Importer(815301076,1909f56bfc062723c751e8b465ee728b)  -> (artifact id: 'f35bc95bbcedc1e2be4a2ab7d9799342') in 0.013066 seconds 
  Import took 0.022460 seconds .

========================================================================
Received Import Request.
  Time since last request: 4.713163 seconds.
  path: Assets/TileGen/Resources/ExportTilemap/Cloud-Sheet.png
  artifactKey: Guid(e1dd2393f4260f440889e099a97a1385) Importer(815301076,1909f56bfc062723c751e8b465ee728b)
Start importing Assets/TileGen/Resources/ExportTilemap/Cloud-Sheet.png using Guid(e1dd2393f4260f440889e099a97a1385) Importer(815301076,1909f56bfc062723c751e8b465ee728b)  -> (artifact id: '681c4ec99adcaaf37287e305945efa43') in 0.246241 seconds 
  Import took 0.256031 seconds .

========================================================================
Received Import Request.
  Time since last request: 146.690167 seconds.
  path: Assets/TileGen/Resources/ExportTilemap/asd_itspkr9100.png
  artifactKey: Guid(e3c82174a1fc3a148bf667ed5074ef4c) Importer(815301076,1909f56bfc062723c751e8b465ee728b)
Start importing Assets/TileGen/Resources/ExportTilemap/asd_itspkr9100.png using Guid(e3c82174a1fc3a148bf667ed5074ef4c) Importer(815301076,1909f56bfc062723c751e8b465ee728b)  -> (artifact id: '2bce9d71e078ae7f4c996cdec2e37584') in 0.240982 seconds 
  Import took 0.251085 seconds .

========================================================================
Received Import Request.
  Time since last request: 0.000260 seconds.
  path: Assets/TileGen/Resources/ExportTilemap/asd_ruletile.asset
  artifactKey: Guid(ac68ab4d1ecea0d44aef219f3580ad44) Importer(815301076,1909f56bfc062723c751e8b465ee728b)
Start importing Assets/TileGen/Resources/ExportTilemap/asd_ruletile.asset using Guid(ac68ab4d1ecea0d44aef219f3580ad44) Importer(815301076,1909f56bfc062723c751e8b465ee728b)  -> (artifact id: '1976c02041697efefaa4a5abfa64e1cb') in 0.014915 seconds 
  Import took 0.023348 seconds .

========================================================================
Received Import Request.
  Time since last request: 9.998495 seconds.
  path: Assets/TileGen/Resources/ExportTilemap/asd_itspkr9100.png
  artifactKey: Guid(e3c82174a1fc3a148bf667ed5074ef4c) Importer(815301076,1909f56bfc062723c751e8b465ee728b)
Start importing Assets/TileGen/Resources/ExportTilemap/asd_itspkr9100.png using Guid(e3c82174a1fc3a148bf667ed5074ef4c) Importer(815301076,1909f56bfc062723c751e8b465ee728b)  -> (artifact id: '247d70d9934c58cf862d969593533ff0') in 0.247909 seconds 
  Import took 0.256711 seconds .

========================================================================
Received Import Request.
  Time since last request: 2608.441221 seconds.
  path: Assets/TileGen/Resources/ExportTilemap/qqqq_itspkr16753.png
  artifactKey: Guid(d161215e75f61704aad1e5a18ee18d65) Importer(815301076,1909f56bfc062723c751e8b465ee728b)
Start importing Assets/TileGen/Resources/ExportTilemap/qqqq_itspkr16753.png using Guid(d161215e75f61704aad1e5a18ee18d65) Importer(815301076,1909f56bfc062723c751e8b465ee728b)  -> (artifact id: '378e49fe176c622e21b0f2a93fdb70fb') in 0.268525 seconds 
  Import took 0.278862 seconds .

========================================================================
Received Import Request.
  Time since last request: 0.000262 seconds.
  path: Assets/TileGen/Resources/ExportTilemap/qqqq_ruletile.asset
  artifactKey: Guid(5869b96a5ae5d79439679fa0c19158ef) Importer(815301076,1909f56bfc062723c751e8b465ee728b)
Start importing Assets/TileGen/Resources/ExportTilemap/qqqq_ruletile.asset using Guid(5869b96a5ae5d79439679fa0c19158ef) Importer(815301076,1909f56bfc062723c751e8b465ee728b)  -> (artifact id: '4d8013f358075d75e2463dc73177e47a') in 0.026302 seconds 
  Import took 0.035452 seconds .

========================================================================
Received Import Request.
  Time since last request: 15.870589 seconds.
  path: Assets/TileGen/Resources/ExportTilemap/qqqq_itspkr16753.png
  artifactKey: Guid(d161215e75f61704aad1e5a18ee18d65) Importer(815301076,1909f56bfc062723c751e8b465ee728b)
Start importing Assets/TileGen/Resources/ExportTilemap/qqqq_itspkr16753.png using Guid(d161215e75f61704aad1e5a18ee18d65) Importer(815301076,1909f56bfc062723c751e8b465ee728b)  -> (artifact id: '2702f32fc97b9065dcf34632742ae4c7') in 0.367490 seconds 
  Import took 0.377792 seconds .

========================================================================
Received Import Request.
  Time since last request: 79.130307 seconds.
  path: Assets/TileGen/Resources/ExportTilemap/Cloud-Sheet.png
  artifactKey: Guid(d161215e75f61704aad1e5a18ee18d65) Importer(815301076,1909f56bfc062723c751e8b465ee728b)
Start importing Assets/TileGen/Resources/ExportTilemap/Cloud-Sheet.png using Guid(d161215e75f61704aad1e5a18ee18d65) Importer(815301076,1909f56bfc062723c751e8b465ee728b)  -> (artifact id: '4ae949ac6643aca8d2c3223e93ed0458') in 0.311746 seconds 
  Import took 0.322304 seconds .

========================================================================
Received Import Request.
  Time since last request: 4.358658 seconds.
  path: Assets/TileGen/Resources/ExportTilemap/CloudTile.asset
  artifactKey: Guid(5869b96a5ae5d79439679fa0c19158ef) Importer(815301076,1909f56bfc062723c751e8b465ee728b)
Start importing Assets/TileGen/Resources/ExportTilemap/CloudTile.asset using Guid(5869b96a5ae5d79439679fa0c19158ef) Importer(815301076,1909f56bfc062723c751e8b465ee728b)  -> (artifact id: '5f0839398acd667c5b178dc2be2804fb') in 0.012408 seconds 
  Import took 0.021292 seconds .

========================================================================
Received Import Request.
  Time since last request: 68.837533 seconds.
  path: Assets/Resources/Map/Sprite/Tile_Wind-Sheet.png
  artifactKey: Guid(9b84a71e0960ced49ab641662fea62fc) Importer(815301076,1909f56bfc062723c751e8b465ee728b)
Start importing Assets/Resources/Map/Sprite/Tile_Wind-Sheet.png using Guid(9b84a71e0960ced49ab641662fea62fc) Importer(815301076,1909f56bfc062723c751e8b465ee728b)  -> (artifact id: '3cc8e302712e16e969ad2e50c2b959e3') in 0.026713 seconds 
  Import took 0.036558 seconds .

========================================================================
Received Import Request.
  Time since last request: 14.821274 seconds.
  path: Assets/Resources/Map/Tile/Wind/SkyTile.asset
  artifactKey: Guid(d25bc4e3f5806bd4da4a54ca03839e0d) Importer(815301076,1909f56bfc062723c751e8b465ee728b)
Start importing Assets/Resources/Map/Tile/Wind/SkyTile.asset using Guid(d25bc4e3f5806bd4da4a54ca03839e0d) Importer(815301076,1909f56bfc062723c751e8b465ee728b)  -> (artifact id: 'c728d0f5a187d2f4dcbfe01e6f3d911d') in 0.018320 seconds 
  Import took 0.028884 seconds .

========================================================================
Received Import Request.
  Time since last request: 102.503338 seconds.
  path: Assets/Resources/Map/Tile/Wind/SkyTile 1.asset
  artifactKey: Guid(b8b60ed52c6703846a2136287fc9b2ec) Importer(815301076,1909f56bfc062723c751e8b465ee728b)
Start importing Assets/Resources/Map/Tile/Wind/SkyTile 1.asset using Guid(b8b60ed52c6703846a2136287fc9b2ec) Importer(815301076,1909f56bfc062723c751e8b465ee728b)  -> (artifact id: '7ab1b643e0902d2252fc13e279caf380') in 0.017787 seconds 
  Import took 0.027246 seconds .

========================================================================
Received Import Request.
  Time since last request: 0.000304 seconds.
  path: Assets/Resources/Map/Tile/Wind/SkyTile.asset
  artifactKey: Guid(d25bc4e3f5806bd4da4a54ca03839e0d) Importer(815301076,1909f56bfc062723c751e8b465ee728b)
Start importing Assets/Resources/Map/Tile/Wind/SkyTile.asset using Guid(d25bc4e3f5806bd4da4a54ca03839e0d) Importer(815301076,1909f56bfc062723c751e8b465ee728b)  -> (artifact id: '3e722205e38d6262c82d5d9fe9b91f8e') in 0.011718 seconds 
  Import took 0.020872 seconds .

========================================================================
Received Import Request.
  Time since last request: 3.297021 seconds.
  path: Assets/Resources/Map/Tile/Wind/EmptyTile.asset
  artifactKey: Guid(b8b60ed52c6703846a2136287fc9b2ec) Importer(815301076,1909f56bfc062723c751e8b465ee728b)
Start importing Assets/Resources/Map/Tile/Wind/EmptyTile.asset using Guid(b8b60ed52c6703846a2136287fc9b2ec) Importer(815301076,1909f56bfc062723c751e8b465ee728b)  -> (artifact id: '7af73155360e2a9b1e05fd5519c8ff41') in 0.016351 seconds 
  Import took 0.025767 seconds .

========================================================================
Received Import Request.
  Time since last request: 15.139921 seconds.
  path: Assets/Resources/Map/Tile/Lightning/MetalEmptyTile.asset
  artifactKey: Guid(735e9a8dd4dcce841a0ef6a266b63aec) Importer(815301076,1909f56bfc062723c751e8b465ee728b)
Start importing Assets/Resources/Map/Tile/Lightning/MetalEmptyTile.asset using Guid(735e9a8dd4dcce841a0ef6a266b63aec) Importer(815301076,1909f56bfc062723c751e8b465ee728b)  -> (artifact id: 'df189c36587b0226e25a4f38eb179dbd') in 0.026079 seconds 
  Import took 0.036139 seconds .

========================================================================
Received Import Request.
  Time since last request: 0.000302 seconds.
  path: Assets/Resources/Map/Tile/Lightning/MetalShineTile.asset
  artifactKey: Guid(c925950e23c752941944f6c12039f037) Importer(815301076,1909f56bfc062723c751e8b465ee728b)
Start importing Assets/Resources/Map/Tile/Lightning/MetalShineTile.asset using Guid(c925950e23c752941944f6c12039f037) Importer(815301076,1909f56bfc062723c751e8b465ee728b)  -> (artifact id: 'd2655eb9efc088953266d1345bd8cb4c') in 0.019767 seconds 
  Import took 0.030624 seconds .

========================================================================
Received Import Request.
  Time since last request: 0.000289 seconds.
  path: Assets/Resources/Map/Tile/Lightning/MetalRustyTile.asset
  artifactKey: Guid(1001286125d080e4da58d983f4f1067e) Importer(815301076,1909f56bfc062723c751e8b465ee728b)
Start importing Assets/Resources/Map/Tile/Lightning/MetalRustyTile.asset using Guid(1001286125d080e4da58d983f4f1067e) Importer(815301076,1909f56bfc062723c751e8b465ee728b)  -> (artifact id: '6010bfaf283962c220cfeaaf5247da4f') in 0.021600 seconds 
  Import took 0.032267 seconds .

========================================================================
Received Import Request.
  Time since last request: 0.000364 seconds.
  path: Assets/Resources/Map/Tile/Lightning/MetalQuarterTile.asset
  artifactKey: Guid(a99cc5c862a538c478a897234129829d) Importer(815301076,1909f56bfc062723c751e8b465ee728b)
Start importing Assets/Resources/Map/Tile/Lightning/MetalQuarterTile.asset using Guid(a99cc5c862a538c478a897234129829d) Importer(815301076,1909f56bfc062723c751e8b465ee728b)  -> (artifact id: 'cf1f34eaa7b74b4d8130650ddd07c6bb') in 0.020984 seconds 
  Import took 0.031171 seconds .

========================================================================
Received Import Request.
  Time since last request: 0.000248 seconds.
  path: Assets/Resources/Map/Tile/Lightning/WireTile.asset
  artifactKey: Guid(3e537953b97b6d14fbb91ab1bb4d9d3f) Importer(815301076,1909f56bfc062723c751e8b465ee728b)
Start importing Assets/Resources/Map/Tile/Lightning/WireTile.asset using Guid(3e537953b97b6d14fbb91ab1bb4d9d3f) Importer(815301076,1909f56bfc062723c751e8b465ee728b)  -> (artifact id: 'a808d3c3d441b9f809ee533721c0f502') in 0.020464 seconds 
  Import took 0.031900 seconds .

========================================================================
Received Import Request.
  Time since last request: 0.000331 seconds.
  path: Assets/Resources/Map/Tile/Lightning/MetalTile.asset
  artifactKey: Guid(ad9283f6e39a6204495d8f81868c871e) Importer(815301076,1909f56bfc062723c751e8b465ee728b)
Start importing Assets/Resources/Map/Tile/Lightning/MetalTile.asset using Guid(ad9283f6e39a6204495d8f81868c871e) Importer(815301076,1909f56bfc062723c751e8b465ee728b)  -> (artifact id: '65584948d6ac735d69ae2aad32a76744') in 0.018634 seconds 
  Import took 0.029017 seconds .

========================================================================
Received Import Request.
  Time since last request: 0.000320 seconds.
  path: Assets/Resources/Map/Tile/Lightning/WarningTile.asset
  artifactKey: Guid(ec2d73c58479eac40be116d5f0bcb904) Importer(815301076,1909f56bfc062723c751e8b465ee728b)
Start importing Assets/Resources/Map/Tile/Lightning/WarningTile.asset using Guid(ec2d73c58479eac40be116d5f0bcb904) Importer(815301076,1909f56bfc062723c751e8b465ee728b)  -> (artifact id: '19dcda2c9a242261a7f7612732f4d614') in 0.022273 seconds 
  Import took 0.032658 seconds .

========================================================================
Received Import Request.
  Time since last request: 0.000262 seconds.
  path: Assets/Resources/Map/Tile/Lightning/MetalFramedTile.asset
  artifactKey: Guid(5081eabe5c459a4499c75aa1cc3e4fad) Importer(815301076,1909f56bfc062723c751e8b465ee728b)
Start importing Assets/Resources/Map/Tile/Lightning/MetalFramedTile.asset using Guid(5081eabe5c459a4499c75aa1cc3e4fad) Importer(815301076,1909f56bfc062723c751e8b465ee728b)  -> (artifact id: '97aae4b9597b7285a456e25ed1968754') in 0.016352 seconds 
  Import took 0.027136 seconds .

========================================================================
Received Import Request.
  Time since last request: 0.000357 seconds.
  path: Assets/Resources/Map/Tile/Lightning/VentTile.asset
  artifactKey: Guid(d0ad069432e9efb409f1db57859328ea) Importer(815301076,1909f56bfc062723c751e8b465ee728b)
Start importing Assets/Resources/Map/Tile/Lightning/VentTile.asset using Guid(d0ad069432e9efb409f1db57859328ea) Importer(815301076,1909f56bfc062723c751e8b465ee728b)  -> (artifact id: '553e1d6ffd6fa75cfbe363fc41289cfe') in 0.018601 seconds 
  Import took 0.028256 seconds .

========================================================================
Received Import Request.
  Time since last request: 0.000267 seconds.
  path: Assets/Resources/Map/Tile/Lightning/MetalJailTile.asset
  artifactKey: Guid(dfd7ce18b2f408647b7f4662ef0757cb) Importer(815301076,1909f56bfc062723c751e8b465ee728b)
Start importing Assets/Resources/Map/Tile/Lightning/MetalJailTile.asset using Guid(dfd7ce18b2f408647b7f4662ef0757cb) Importer(815301076,1909f56bfc062723c751e8b465ee728b)  -> (artifact id: '58b069415854fa7465dd0657b834f117') in 0.019325 seconds 
  Import took 0.028497 seconds .

========================================================================
Received Import Request.
  Time since last request: 28.730777 seconds.
  path: Assets/MyAssets/Simple Scroll-Snap/Examples/Example 3 (Slot Machine)/Sprites/Slot Machine.png
  artifactKey: Guid(232e9b2a3f0b65d4791a5a6a1f638dd5) Importer(815301076,1909f56bfc062723c751e8b465ee728b)
Start importing Assets/MyAssets/Simple Scroll-Snap/Examples/Example 3 (Slot Machine)/Sprites/Slot Machine.png using Guid(232e9b2a3f0b65d4791a5a6a1f638dd5) Importer(815301076,1909f56bfc062723c751e8b465ee728b)  -> (artifact id: '09eea229931ddaae3e8ac33b3aa6d12f') in 0.103450 seconds 
  Import took 0.116468 seconds .

========================================================================
Received Import Request.
  Time since last request: 0.000289 seconds.
  path: Assets/MyAssets/[Texture] UI TexturePack/Icons/Heart.png
  artifactKey: Guid(54af60d343d3e3b458ad7e97dd60dd04) Importer(815301076,1909f56bfc062723c751e8b465ee728b)
Start importing Assets/MyAssets/[Texture] UI TexturePack/Icons/Heart.png using Guid(54af60d343d3e3b458ad7e97dd60dd04) Importer(815301076,1909f56bfc062723c751e8b465ee728b)  -> (artifact id: '26e523259559b877b4b3596cf9466511') in 0.030366 seconds 
  Import took 0.041324 seconds .

========================================================================
Received Import Request.
  Time since last request: 0.000335 seconds.
  path: Assets/MyAssets/[Texture] UI TexturePack/Icons/Healthbar.png
  artifactKey: Guid(1b289ca454f3cdf4ca785ab70305a4ad) Importer(815301076,1909f56bfc062723c751e8b465ee728b)
Start importing Assets/MyAssets/[Texture] UI TexturePack/Icons/Healthbar.png using Guid(1b289ca454f3cdf4ca785ab70305a4ad) Importer(815301076,1909f56bfc062723c751e8b465ee728b)  -> (artifact id: '41718b133dccb1bbb43439cacf3c3d53') in 0.034464 seconds 
  Import took 0.046579 seconds .

========================================================================
Received Prepare
Registering precompiled user dll's ...
Registered in 0.326704 seconds.
Begin MonoManager ReloadAssembly
Native extension for WindowsStandalone target not found
Refreshing native plugins compatible for Editor in 3.08 ms, found 6 plugins.
Preloading 0 native plugins for Editor in 0.00 ms.
Mono: successfully reloaded assembly
- Completed reload, in  1.615 seconds
Domain Reload Profiling:
	ReloadAssembly (1615ms)
		BeginReloadAssembly (159ms)
			ExecutionOrderSort (0ms)
			DisableScriptedObjects (8ms)
			BackupInstance (0ms)
			ReleaseScriptingObjects (0ms)
			CreateAndSetChildDomain (46ms)
		EndReloadAssembly (1363ms)
			LoadAssemblies (159ms)
			RebuildTransferFunctionScriptingTraits (0ms)
			SetupTypeCache (417ms)
			ReleaseScriptCaches (2ms)
			RebuildScriptCaches (86ms)
			SetupLoadedEditorAssemblies (522ms)
				LogAssemblyErrors (0ms)
				InitializePlatformSupportModulesInManaged (5ms)
				SetLoadedEditorAssemblies (1ms)
				RefreshPlugins (3ms)
				BeforeProcessingInitializeOnLoad (175ms)
				ProcessInitializeOnLoadAttributes (306ms)
				ProcessInitializeOnLoadMethodAttributes (20ms)
				AfterProcessingInitializeOnLoad (12ms)
				EditorAssembliesLoaded (0ms)
			ExecutionOrderSort2 (0ms)
			AwakeInstancesAfterBackupRestoration (15ms)
Platform modules already initialized, skipping
Refreshing native plugins compatible for Editor in 3.22 ms, found 6 plugins.
Preloading 0 native plugins for Editor in 0.00 ms.
Unloading 4709 Unused Serialized files (Serialized files now loaded: 0)
System memory in use before: 310.5 MB.
System memory in use after: 310.8 MB.

Unloading 31 unused Assets to reduce memory usage. Loaded Objects now: 5410.
Total: 4.201000 ms (FindLiveObjects: 0.386000 ms CreateObjectMapping: 0.118400 ms MarkObjects: 3.674700 ms  DeleteObjects: 0.020700 ms)

AssetImportParameters requested are different than current active one (requested -> active):
  custom:framework-win-MediaFoundation: 216162199b28c13a410421893ffa2e32 -> 
  custom:video-decoder-ogg-theora: a1e56fd34408186e4bbccfd4996cb3dc -> 
  custom:container-muxer-webm: aa71ff27fc2769a1b78a27578f13a17b -> 
  custom:container-demuxer-webm: 4f35f7cbe854078d1ac9338744f61a02 -> 
  custom:container-demuxer-ogg: 62fdf1f143b41e24485cea50d1cbac27 -> 
  custom:video-encoder-webm-vp8: eb34c28f22e8b96e1ab97ce403110664 -> 
  custom:video-codec-MediaFoundation-h265: e54d7ab0439102e2317fc1e4b246158d -> 
  custom:video-decoder-webm-vp8: 9c59270c3fd7afecdb556c50c9e8de78 -> 
  custom:audio-decoder-ogg-vorbis: bf7c407c2cedff20999df2af8eb42d56 -> 
  custom:audio-encoder-webm-vorbis: bf7c407c2cedff20999df2af8eb42d56 -> 
========================================================================
Received Prepare
Registering precompiled user dll's ...
Registered in 0.017512 seconds.
Begin MonoManager ReloadAssembly
Native extension for WindowsStandalone target not found
Refreshing native plugins compatible for Editor in 3.87 ms, found 6 plugins.
Preloading 0 native plugins for Editor in 0.00 ms.
Mono: successfully reloaded assembly
- Completed reload, in  1.558 seconds
Domain Reload Profiling:
	ReloadAssembly (1560ms)
		BeginReloadAssembly (163ms)
			ExecutionOrderSort (0ms)
			DisableScriptedObjects (7ms)
			BackupInstance (0ms)
			ReleaseScriptingObjects (0ms)
			CreateAndSetChildDomain (46ms)
		EndReloadAssembly (1318ms)
			LoadAssemblies (149ms)
			RebuildTransferFunctionScriptingTraits (0ms)
			SetupTypeCache (410ms)
			ReleaseScriptCaches (2ms)
			RebuildScriptCaches (79ms)
			SetupLoadedEditorAssemblies (524ms)
				LogAssemblyErrors (0ms)
				InitializePlatformSupportModulesInManaged (5ms)
				SetLoadedEditorAssemblies (1ms)
				RefreshPlugins (4ms)
				BeforeProcessingInitializeOnLoad (176ms)
				ProcessInitializeOnLoadAttributes (307ms)
				ProcessInitializeOnLoadMethodAttributes (19ms)
				AfterProcessingInitializeOnLoad (13ms)
				EditorAssembliesLoaded (0ms)
			ExecutionOrderSort2 (0ms)
			AwakeInstancesAfterBackupRestoration (15ms)
Platform modules already initialized, skipping
Refreshing native plugins compatible for Editor in 3.28 ms, found 6 plugins.
Preloading 0 native plugins for Editor in 0.00 ms.
Unloading 4709 Unused Serialized files (Serialized files now loaded: 0)
System memory in use before: 310.3 MB.
System memory in use after: 310.6 MB.

Unloading 31 unused Assets to reduce memory usage. Loaded Objects now: 5412.
Total: 4.728400 ms (FindLiveObjects: 0.427200 ms CreateObjectMapping: 0.132600 ms MarkObjects: 4.144200 ms  DeleteObjects: 0.023100 ms)

AssetImportParameters requested are different than current active one (requested -> active):
  custom:framework-win-MediaFoundation: 216162199b28c13a410421893ffa2e32 -> 
  custom:video-decoder-ogg-theora: a1e56fd34408186e4bbccfd4996cb3dc -> 
  custom:container-muxer-webm: aa71ff27fc2769a1b78a27578f13a17b -> 
  custom:container-demuxer-webm: 4f35f7cbe854078d1ac9338744f61a02 -> 
  custom:container-demuxer-ogg: 62fdf1f143b41e24485cea50d1cbac27 -> 
  custom:video-encoder-webm-vp8: eb34c28f22e8b96e1ab97ce403110664 -> 
  custom:video-codec-MediaFoundation-h265: e54d7ab0439102e2317fc1e4b246158d -> 
  custom:video-decoder-webm-vp8: 9c59270c3fd7afecdb556c50c9e8de78 -> 
  custom:audio-decoder-ogg-vorbis: bf7c407c2cedff20999df2af8eb42d56 -> 
  custom:audio-encoder-webm-vorbis: bf7c407c2cedff20999df2af8eb42d56 -> 
========================================================================
Received Import Request.
  Time since last request: 794.380808 seconds.
  path: Assets/Resources/Map/Prefab/TileMap.prefab
  artifactKey: Guid(05ca8e0a51be6b34993eb1748bae4780) Importer(815301076,1909f56bfc062723c751e8b465ee728b)
Start importing Assets/Resources/Map/Prefab/TileMap.prefab using Guid(05ca8e0a51be6b34993eb1748bae4780) Importer(815301076,1909f56bfc062723c751e8b465ee728b)  -> (artifact id: '9ddbb4d8bd75c50c440b4f5bb0bd4bae') in 0.367353 seconds 
  Import took 0.379481 seconds .

========================================================================
Received Import Request.
  Time since last request: 203.731658 seconds.
  path: Assets/Resources/Character/Prefab/Quad_Prefab.prefab
  artifactKey: Guid(95f494c3c92dd4a4bad1987fbbf15e8d) Importer(815301076,1909f56bfc062723c751e8b465ee728b)
Start importing Assets/Resources/Character/Prefab/Quad_Prefab.prefab using Guid(95f494c3c92dd4a4bad1987fbbf15e8d) Importer(815301076,1909f56bfc062723c751e8b465ee728b)  -> (artifact id: 'aae3b5fc21da3b136c4e8f9cae25a0fc') in 0.269883 seconds 
  Import took 0.408650 seconds .

========================================================================
Received Prepare
Registering precompiled user dll's ...
Registered in 0.017940 seconds.
Begin MonoManager ReloadAssembly
Native extension for WindowsStandalone target not found
Refreshing native plugins compatible for Editor in 3.49 ms, found 6 plugins.
Preloading 0 native plugins for Editor in 0.00 ms.
Mono: successfully reloaded assembly
- Completed reload, in  1.686 seconds
Domain Reload Profiling:
	ReloadAssembly (1686ms)
		BeginReloadAssembly (197ms)
			ExecutionOrderSort (0ms)
			DisableScriptedObjects (11ms)
			BackupInstance (0ms)
			ReleaseScriptingObjects (0ms)
			CreateAndSetChildDomain (53ms)
		EndReloadAssembly (1403ms)
			LoadAssemblies (162ms)
			RebuildTransferFunctionScriptingTraits (0ms)
			SetupTypeCache (434ms)
			ReleaseScriptCaches (2ms)
			RebuildScriptCaches (84ms)
			SetupLoadedEditorAssemblies (531ms)
				LogAssemblyErrors (0ms)
				InitializePlatformSupportModulesInManaged (5ms)
				SetLoadedEditorAssemblies (1ms)
				RefreshPlugins (4ms)
				BeforeProcessingInitializeOnLoad (179ms)
				ProcessInitializeOnLoadAttributes (311ms)
				ProcessInitializeOnLoadMethodAttributes (20ms)
				AfterProcessingInitializeOnLoad (12ms)
				EditorAssembliesLoaded (0ms)
			ExecutionOrderSort2 (0ms)
			AwakeInstancesAfterBackupRestoration (23ms)
Platform modules already initialized, skipping
Refreshing native plugins compatible for Editor in 4.95 ms, found 6 plugins.
Preloading 0 native plugins for Editor in 0.00 ms.
Unloading 4709 Unused Serialized files (Serialized files now loaded: 0)
System memory in use before: 313.9 MB.
System memory in use after: 314.3 MB.

Unloading 33 unused Assets to reduce memory usage. Loaded Objects now: 5482.
Total: 6.099000 ms (FindLiveObjects: 0.444700 ms CreateObjectMapping: 0.124100 ms MarkObjects: 5.497700 ms  DeleteObjects: 0.030300 ms)

AssetImportParameters requested are different than current active one (requested -> active):
  custom:framework-win-MediaFoundation: 216162199b28c13a410421893ffa2e32 -> 
  custom:video-decoder-ogg-theora: a1e56fd34408186e4bbccfd4996cb3dc -> 
  custom:container-muxer-webm: aa71ff27fc2769a1b78a27578f13a17b -> 
  custom:container-demuxer-webm: 4f35f7cbe854078d1ac9338744f61a02 -> 
  custom:container-demuxer-ogg: 62fdf1f143b41e24485cea50d1cbac27 -> 
  custom:video-encoder-webm-vp8: eb34c28f22e8b96e1ab97ce403110664 -> 
  custom:video-codec-MediaFoundation-h265: e54d7ab0439102e2317fc1e4b246158d -> 
  custom:video-decoder-webm-vp8: 9c59270c3fd7afecdb556c50c9e8de78 -> 
  custom:audio-decoder-ogg-vorbis: bf7c407c2cedff20999df2af8eb42d56 -> 
  custom:audio-encoder-webm-vorbis: bf7c407c2cedff20999df2af8eb42d56 -> 
========================================================================
Received Import Request.
  Time since last request: 642.434986 seconds.
  path: Assets/Resources/Map/Prefab/EarthTileMap.prefab
  artifactKey: Guid(05ca8e0a51be6b34993eb1748bae4780) Importer(815301076,1909f56bfc062723c751e8b465ee728b)
Start importing Assets/Resources/Map/Prefab/EarthTileMap.prefab using Guid(05ca8e0a51be6b34993eb1748bae4780) Importer(815301076,1909f56bfc062723c751e8b465ee728b)  -> (artifact id: 'a006736b1d038684e5b9dfcf22df3e7f') in 0.294787 seconds 
  Import took 0.305531 seconds .

========================================================================
Received Import Request.
  Time since last request: 35.642498 seconds.
  path: Assets/Resources/Map/Prefab/EarthTileMap 1.prefab
  artifactKey: Guid(025ec7cfa49024f4c9cdff719f8d34a9) Importer(815301076,1909f56bfc062723c751e8b465ee728b)
Start importing Assets/Resources/Map/Prefab/EarthTileMap 1.prefab using Guid(025ec7cfa49024f4c9cdff719f8d34a9) Importer(815301076,1909f56bfc062723c751e8b465ee728b)  -> (artifact id: '54ed58ca223e435fe3b2ed1496f9e596') in 0.058356 seconds 
  Import took 0.068153 seconds .

========================================================================
Received Import Request.
  Time since last request: 6.112200 seconds.
  path: Assets/Resources/Map/Prefab/WindTileMap.prefab
  artifactKey: Guid(025ec7cfa49024f4c9cdff719f8d34a9) Importer(815301076,1909f56bfc062723c751e8b465ee728b)
Start importing Assets/Resources/Map/Prefab/WindTileMap.prefab using Guid(025ec7cfa49024f4c9cdff719f8d34a9) Importer(815301076,1909f56bfc062723c751e8b465ee728b)  -> (artifact id: 'a74796c4cfc878aaed031a49812ab6c8') in 0.057550 seconds 
  Import took 0.067760 seconds .

========================================================================
Received Import Request.
  Time since last request: 12.865387 seconds.
  path: Assets/Resources/Map/Prefab/TileSet_Earth.prefab
  artifactKey: Guid(05ca8e0a51be6b34993eb1748bae4780) Importer(815301076,1909f56bfc062723c751e8b465ee728b)
Start importing Assets/Resources/Map/Prefab/TileSet_Earth.prefab using Guid(05ca8e0a51be6b34993eb1748bae4780) Importer(815301076,1909f56bfc062723c751e8b465ee728b)  -> (artifact id: '97e593f05863ce45b9ff8fd7fb7280e7') in 0.056843 seconds 
  Import took 0.068245 seconds .

========================================================================
Received Import Request.
  Time since last request: 7.921065 seconds.
  path: Assets/Resources/Map/Prefab/TileSet_Wind.prefab
  artifactKey: Guid(025ec7cfa49024f4c9cdff719f8d34a9) Importer(815301076,1909f56bfc062723c751e8b465ee728b)
Start importing Assets/Resources/Map/Prefab/TileSet_Wind.prefab using Guid(025ec7cfa49024f4c9cdff719f8d34a9) Importer(815301076,1909f56bfc062723c751e8b465ee728b)  -> (artifact id: '2ee62b13ba735857d48160190484190e') in 0.078665 seconds 
  Import took 0.088221 seconds .

========================================================================
Received Import Request.
  Time since last request: 37.075793 seconds.
  path: Assets/Resources/Map/Prefab/TileSet_Wind.prefab
  artifactKey: Guid(025ec7cfa49024f4c9cdff719f8d34a9) Importer(815301076,1909f56bfc062723c751e8b465ee728b)
Start importing Assets/Resources/Map/Prefab/TileSet_Wind.prefab using Guid(025ec7cfa49024f4c9cdff719f8d34a9) Importer(815301076,1909f56bfc062723c751e8b465ee728b)  -> (artifact id: '7bbf5919f40192591d30dd73dbe2d8b3') in 0.053764 seconds 
  Import took 0.064208 seconds .

========================================================================
Received Import Request.
  Time since last request: 1.226663 seconds.
  path: Assets/Resources/Map/Prefab/TileSet_Wind.prefab
  artifactKey: Guid(025ec7cfa49024f4c9cdff719f8d34a9) Importer(815301076,1909f56bfc062723c751e8b465ee728b)
Start importing Assets/Resources/Map/Prefab/TileSet_Wind.prefab using Guid(025ec7cfa49024f4c9cdff719f8d34a9) Importer(815301076,1909f56bfc062723c751e8b465ee728b)  -> (artifact id: 'e08519d6125f512052f9bfbc6074cac8') in 0.056348 seconds 
  Import took 0.065474 seconds .

========================================================================
Received Import Request.
  Time since last request: 13.583524 seconds.
  path: Assets/Resources/Map/Prefab/TileSet_Earth.prefab
  artifactKey: Guid(05ca8e0a51be6b34993eb1748bae4780) Importer(815301076,1909f56bfc062723c751e8b465ee728b)
Start importing Assets/Resources/Map/Prefab/TileSet_Earth.prefab using Guid(05ca8e0a51be6b34993eb1748bae4780) Importer(815301076,1909f56bfc062723c751e8b465ee728b)  -> (artifact id: 'f05192021e0b19de834291753674a672') in 0.057608 seconds 
  Import took 0.069618 seconds .

========================================================================
Received Prepare
Registering precompiled user dll's ...
Registered in 0.019124 seconds.
Begin MonoManager ReloadAssembly
Native extension for WindowsStandalone target not found
Refreshing native plugins compatible for Editor in 5.25 ms, found 6 plugins.
Preloading 0 native plugins for Editor in 0.00 ms.
Mono: successfully reloaded assembly
- Completed reload, in  1.619 seconds
Domain Reload Profiling:
	ReloadAssembly (1620ms)
		BeginReloadAssembly (172ms)
			ExecutionOrderSort (0ms)
			DisableScriptedObjects (10ms)
			BackupInstance (0ms)
			ReleaseScriptingObjects (0ms)
			CreateAndSetChildDomain (51ms)
		EndReloadAssembly (1355ms)
			LoadAssemblies (161ms)
			RebuildTransferFunctionScriptingTraits (0ms)
			SetupTypeCache (400ms)
			ReleaseScriptCaches (2ms)
			RebuildScriptCaches (79ms)
			SetupLoadedEditorAssemblies (532ms)
				LogAssemblyErrors (0ms)
				InitializePlatformSupportModulesInManaged (5ms)
				SetLoadedEditorAssemblies (1ms)
				RefreshPlugins (5ms)
				BeforeProcessingInitializeOnLoad (179ms)
				ProcessInitializeOnLoadAttributes (310ms)
				ProcessInitializeOnLoadMethodAttributes (19ms)
				AfterProcessingInitializeOnLoad (13ms)
				EditorAssembliesLoaded (0ms)
			ExecutionOrderSort2 (0ms)
			AwakeInstancesAfterBackupRestoration (24ms)
Platform modules already initialized, skipping
Refreshing native plugins compatible for Editor in 3.14 ms, found 6 plugins.
Preloading 0 native plugins for Editor in 0.00 ms.
Unloading 4709 Unused Serialized files (Serialized files now loaded: 0)
System memory in use before: 313.9 MB.
System memory in use after: 314.4 MB.

Unloading 31 unused Assets to reduce memory usage. Loaded Objects now: 5520.
Total: 4.396300 ms (FindLiveObjects: 0.417300 ms CreateObjectMapping: 0.123300 ms MarkObjects: 3.833700 ms  DeleteObjects: 0.020900 ms)

AssetImportParameters requested are different than current active one (requested -> active):
  custom:framework-win-MediaFoundation: 216162199b28c13a410421893ffa2e32 -> 
  custom:video-decoder-ogg-theora: a1e56fd34408186e4bbccfd4996cb3dc -> 
  custom:container-muxer-webm: aa71ff27fc2769a1b78a27578f13a17b -> 
  custom:container-demuxer-webm: 4f35f7cbe854078d1ac9338744f61a02 -> 
  custom:container-demuxer-ogg: 62fdf1f143b41e24485cea50d1cbac27 -> 
  custom:video-encoder-webm-vp8: eb34c28f22e8b96e1ab97ce403110664 -> 
  custom:video-codec-MediaFoundation-h265: e54d7ab0439102e2317fc1e4b246158d -> 
  custom:video-decoder-webm-vp8: 9c59270c3fd7afecdb556c50c9e8de78 -> 
  custom:audio-decoder-ogg-vorbis: bf7c407c2cedff20999df2af8eb42d56 -> 
  custom:audio-encoder-webm-vorbis: bf7c407c2cedff20999df2af8eb42d56 -> 
========================================================================
Received Prepare
Registering precompiled user dll's ...
Registered in 0.016741 seconds.
Begin MonoManager ReloadAssembly
Native extension for WindowsStandalone target not found
Refreshing native plugins compatible for Editor in 3.19 ms, found 6 plugins.
Preloading 0 native plugins for Editor in 0.00 ms.
Mono: successfully reloaded assembly
- Completed reload, in  1.668 seconds
Domain Reload Profiling:
	ReloadAssembly (1669ms)
		BeginReloadAssembly (176ms)
			ExecutionOrderSort (0ms)
			DisableScriptedObjects (8ms)
			BackupInstance (0ms)
			ReleaseScriptingObjects (0ms)
			CreateAndSetChildDomain (47ms)
		EndReloadAssembly (1400ms)
			LoadAssemblies (166ms)
			RebuildTransferFunctionScriptingTraits (0ms)
			SetupTypeCache (430ms)
			ReleaseScriptCaches (2ms)
			RebuildScriptCaches (81ms)
			SetupLoadedEditorAssemblies (520ms)
				LogAssemblyErrors (0ms)
				InitializePlatformSupportModulesInManaged (5ms)
				SetLoadedEditorAssemblies (1ms)
				RefreshPlugins (3ms)
				BeforeProcessingInitializeOnLoad (174ms)
				ProcessInitializeOnLoadAttributes (305ms)
				ProcessInitializeOnLoadMethodAttributes (18ms)
				AfterProcessingInitializeOnLoad (13ms)
				EditorAssembliesLoaded (0ms)
			ExecutionOrderSort2 (0ms)
			AwakeInstancesAfterBackupRestoration (23ms)
Platform modules already initialized, skipping
Refreshing native plugins compatible for Editor in 3.83 ms, found 6 plugins.
Preloading 0 native plugins for Editor in 0.00 ms.
Unloading 4709 Unused Serialized files (Serialized files now loaded: 0)
System memory in use before: 314.0 MB.
System memory in use after: 314.4 MB.

Unloading 31 unused Assets to reduce memory usage. Loaded Objects now: 5522.
Total: 4.494800 ms (FindLiveObjects: 0.430600 ms CreateObjectMapping: 0.124600 ms MarkObjects: 3.913600 ms  DeleteObjects: 0.024500 ms)

AssetImportParameters requested are different than current active one (requested -> active):
  custom:framework-win-MediaFoundation: 216162199b28c13a410421893ffa2e32 -> 
  custom:video-decoder-ogg-theora: a1e56fd34408186e4bbccfd4996cb3dc -> 
  custom:container-muxer-webm: aa71ff27fc2769a1b78a27578f13a17b -> 
  custom:container-demuxer-webm: 4f35f7cbe854078d1ac9338744f61a02 -> 
  custom:container-demuxer-ogg: 62fdf1f143b41e24485cea50d1cbac27 -> 
  custom:video-encoder-webm-vp8: eb34c28f22e8b96e1ab97ce403110664 -> 
  custom:video-codec-MediaFoundation-h265: e54d7ab0439102e2317fc1e4b246158d -> 
  custom:video-decoder-webm-vp8: 9c59270c3fd7afecdb556c50c9e8de78 -> 
  custom:audio-decoder-ogg-vorbis: bf7c407c2cedff20999df2af8eb42d56 -> 
  custom:audio-encoder-webm-vorbis: bf7c407c2cedff20999df2af8eb42d56 -> 
========================================================================
Received Prepare
Registering precompiled user dll's ...
Registered in 0.017183 seconds.
Begin MonoManager ReloadAssembly
Native extension for WindowsStandalone target not found
Refreshing native plugins compatible for Editor in 3.40 ms, found 6 plugins.
Preloading 0 native plugins for Editor in 0.00 ms.
Mono: successfully reloaded assembly
- Completed reload, in  1.656 seconds
Domain Reload Profiling:
	ReloadAssembly (1657ms)
		BeginReloadAssembly (176ms)
			ExecutionOrderSort (0ms)
			DisableScriptedObjects (7ms)
			BackupInstance (0ms)
			ReleaseScriptingObjects (0ms)
			CreateAndSetChildDomain (40ms)
		EndReloadAssembly (1395ms)
			LoadAssemblies (160ms)
			RebuildTransferFunctionScriptingTraits (0ms)
			SetupTypeCache (421ms)
			ReleaseScriptCaches (2ms)
			RebuildScriptCaches (83ms)
			SetupLoadedEditorAssemblies (544ms)
				LogAssemblyErrors (0ms)
				InitializePlatformSupportModulesInManaged (5ms)
				SetLoadedEditorAssemblies (1ms)
				RefreshPlugins (4ms)
				BeforeProcessingInitializeOnLoad (181ms)
				ProcessInitializeOnLoadAttributes (319ms)
				ProcessInitializeOnLoadMethodAttributes (20ms)
				AfterProcessingInitializeOnLoad (15ms)
				EditorAssembliesLoaded (0ms)
			ExecutionOrderSort2 (0ms)
			AwakeInstancesAfterBackupRestoration (24ms)
Platform modules already initialized, skipping
Refreshing native plugins compatible for Editor in 4.39 ms, found 6 plugins.
Preloading 0 native plugins for Editor in 0.00 ms.
Unloading 4709 Unused Serialized files (Serialized files now loaded: 0)
System memory in use before: 314.0 MB.
System memory in use after: 314.4 MB.

Unloading 31 unused Assets to reduce memory usage. Loaded Objects now: 5524.
Total: 4.979700 ms (FindLiveObjects: 0.436800 ms CreateObjectMapping: 0.124900 ms MarkObjects: 4.390600 ms  DeleteObjects: 0.026400 ms)

AssetImportParameters requested are different than current active one (requested -> active):
  custom:framework-win-MediaFoundation: 216162199b28c13a410421893ffa2e32 -> 
  custom:video-decoder-ogg-theora: a1e56fd34408186e4bbccfd4996cb3dc -> 
  custom:container-muxer-webm: aa71ff27fc2769a1b78a27578f13a17b -> 
  custom:container-demuxer-webm: 4f35f7cbe854078d1ac9338744f61a02 -> 
  custom:container-demuxer-ogg: 62fdf1f143b41e24485cea50d1cbac27 -> 
  custom:video-encoder-webm-vp8: eb34c28f22e8b96e1ab97ce403110664 -> 
  custom:video-codec-MediaFoundation-h265: e54d7ab0439102e2317fc1e4b246158d -> 
  custom:video-decoder-webm-vp8: 9c59270c3fd7afecdb556c50c9e8de78 -> 
  custom:audio-decoder-ogg-vorbis: bf7c407c2cedff20999df2af8eb42d56 -> 
  custom:audio-encoder-webm-vorbis: bf7c407c2cedff20999df2af8eb42d56 -> 
========================================================================
Received Prepare
Registering precompiled user dll's ...
Registered in 0.016948 seconds.
Begin MonoManager ReloadAssembly
Native extension for WindowsStandalone target not found
Refreshing native plugins compatible for Editor in 2.96 ms, found 6 plugins.
Preloading 0 native plugins for Editor in 0.00 ms.
Mono: successfully reloaded assembly
- Completed reload, in  1.628 seconds
Domain Reload Profiling:
	ReloadAssembly (1628ms)
		BeginReloadAssembly (175ms)
			ExecutionOrderSort (0ms)
			DisableScriptedObjects (7ms)
			BackupInstance (0ms)
			ReleaseScriptingObjects (0ms)
			CreateAndSetChildDomain (52ms)
		EndReloadAssembly (1374ms)
			LoadAssemblies (151ms)
			RebuildTransferFunctionScriptingTraits (0ms)
			SetupTypeCache (414ms)
			ReleaseScriptCaches (2ms)
			RebuildScriptCaches (83ms)
			SetupLoadedEditorAssemblies (523ms)
				LogAssemblyErrors (0ms)
				InitializePlatformSupportModulesInManaged (4ms)
				SetLoadedEditorAssemblies (1ms)
				RefreshPlugins (3ms)
				BeforeProcessingInitializeOnLoad (173ms)
				ProcessInitializeOnLoadAttributes (310ms)
				ProcessInitializeOnLoadMethodAttributes (19ms)
				AfterProcessingInitializeOnLoad (13ms)
				EditorAssembliesLoaded (0ms)
			ExecutionOrderSort2 (0ms)
			AwakeInstancesAfterBackupRestoration (23ms)
Platform modules already initialized, skipping
Refreshing native plugins compatible for Editor in 4.02 ms, found 6 plugins.
Preloading 0 native plugins for Editor in 0.00 ms.
Unloading 4709 Unused Serialized files (Serialized files now loaded: 0)
System memory in use before: 313.8 MB.
System memory in use after: 314.2 MB.

Unloading 31 unused Assets to reduce memory usage. Loaded Objects now: 5526.
Total: 5.867900 ms (FindLiveObjects: 0.450700 ms CreateObjectMapping: 0.129800 ms MarkObjects: 5.256000 ms  DeleteObjects: 0.029700 ms)

AssetImportParameters requested are different than current active one (requested -> active):
  custom:framework-win-MediaFoundation: 216162199b28c13a410421893ffa2e32 -> 
  custom:video-decoder-ogg-theora: a1e56fd34408186e4bbccfd4996cb3dc -> 
  custom:container-muxer-webm: aa71ff27fc2769a1b78a27578f13a17b -> 
  custom:container-demuxer-webm: 4f35f7cbe854078d1ac9338744f61a02 -> 
  custom:container-demuxer-ogg: 62fdf1f143b41e24485cea50d1cbac27 -> 
  custom:video-encoder-webm-vp8: eb34c28f22e8b96e1ab97ce403110664 -> 
  custom:video-codec-MediaFoundation-h265: e54d7ab0439102e2317fc1e4b246158d -> 
  custom:video-decoder-webm-vp8: 9c59270c3fd7afecdb556c50c9e8de78 -> 
  custom:audio-decoder-ogg-vorbis: bf7c407c2cedff20999df2af8eb42d56 -> 
  custom:audio-encoder-webm-vorbis: bf7c407c2cedff20999df2af8eb42d56 -> 
========================================================================
Received Prepare
Registering precompiled user dll's ...
Registered in 0.017233 seconds.
Begin MonoManager ReloadAssembly
Native extension for WindowsStandalone target not found
Refreshing native plugins compatible for Editor in 3.56 ms, found 6 plugins.
Preloading 0 native plugins for Editor in 0.00 ms.
Mono: successfully reloaded assembly
- Completed reload, in  1.603 seconds
Domain Reload Profiling:
	ReloadAssembly (1604ms)
		BeginReloadAssembly (171ms)
			ExecutionOrderSort (0ms)
			DisableScriptedObjects (8ms)
			BackupInstance (0ms)
			ReleaseScriptingObjects (0ms)
			CreateAndSetChildDomain (42ms)
		EndReloadAssembly (1346ms)
			LoadAssemblies (150ms)
			RebuildTransferFunctionScriptingTraits (0ms)
			SetupTypeCache (404ms)
			ReleaseScriptCaches (2ms)
			RebuildScriptCaches (77ms)
			SetupLoadedEditorAssemblies (529ms)
				LogAssemblyErrors (0ms)
				InitializePlatformSupportModulesInManaged (5ms)
				SetLoadedEditorAssemblies (1ms)
				RefreshPlugins (4ms)
				BeforeProcessingInitializeOnLoad (177ms)
				ProcessInitializeOnLoadAttributes (309ms)
				ProcessInitializeOnLoadMethodAttributes (19ms)
				AfterProcessingInitializeOnLoad (14ms)
				EditorAssembliesLoaded (0ms)
			ExecutionOrderSort2 (0ms)
			AwakeInstancesAfterBackupRestoration (27ms)
Platform modules already initialized, skipping
Refreshing native plugins compatible for Editor in 3.03 ms, found 6 plugins.
Preloading 0 native plugins for Editor in 0.00 ms.
Unloading 4709 Unused Serialized files (Serialized files now loaded: 0)
System memory in use before: 314.0 MB.
System memory in use after: 314.4 MB.

Unloading 31 unused Assets to reduce memory usage. Loaded Objects now: 5528.
Total: 4.471800 ms (FindLiveObjects: 0.450100 ms CreateObjectMapping: 0.126700 ms MarkObjects: 3.871100 ms  DeleteObjects: 0.023100 ms)

AssetImportParameters requested are different than current active one (requested -> active):
  custom:framework-win-MediaFoundation: 216162199b28c13a410421893ffa2e32 -> 
  custom:video-decoder-ogg-theora: a1e56fd34408186e4bbccfd4996cb3dc -> 
  custom:container-muxer-webm: aa71ff27fc2769a1b78a27578f13a17b -> 
  custom:container-demuxer-webm: 4f35f7cbe854078d1ac9338744f61a02 -> 
  custom:container-demuxer-ogg: 62fdf1f143b41e24485cea50d1cbac27 -> 
  custom:video-encoder-webm-vp8: eb34c28f22e8b96e1ab97ce403110664 -> 
  custom:video-codec-MediaFoundation-h265: e54d7ab0439102e2317fc1e4b246158d -> 
  custom:video-decoder-webm-vp8: 9c59270c3fd7afecdb556c50c9e8de78 -> 
  custom:audio-decoder-ogg-vorbis: bf7c407c2cedff20999df2af8eb42d56 -> 
  custom:audio-encoder-webm-vorbis: bf7c407c2cedff20999df2af8eb42d56 -> 
========================================================================
Received Import Request.
  Time since last request: 759.137448 seconds.
  path: Assets/Resources/Map/Prefab/Stone6.prefab
  artifactKey: Guid(92f4687f2e0d3d14dae331d28c630998) Importer(815301076,1909f56bfc062723c751e8b465ee728b)
Start importing Assets/Resources/Map/Prefab/Stone6.prefab using Guid(92f4687f2e0d3d14dae331d28c630998) Importer(815301076,1909f56bfc062723c751e8b465ee728b)  -> (artifact id: '3428c2c21f95526c041e332774903ead') in 0.252892 seconds 
  Import took 0.263501 seconds .

========================================================================
Received Prepare
Registering precompiled user dll's ...
Registered in 0.017140 seconds.
Begin MonoManager ReloadAssembly
Native extension for WindowsStandalone target not found
Refreshing native plugins compatible for Editor in 2.94 ms, found 6 plugins.
Preloading 0 native plugins for Editor in 0.00 ms.
Mono: successfully reloaded assembly
- Completed reload, in  1.653 seconds
Domain Reload Profiling:
	ReloadAssembly (1654ms)
		BeginReloadAssembly (179ms)
			ExecutionOrderSort (0ms)
			DisableScriptedObjects (10ms)
			BackupInstance (0ms)
			ReleaseScriptingObjects (0ms)
			CreateAndSetChildDomain (50ms)
		EndReloadAssembly (1385ms)
			LoadAssemblies (157ms)
			RebuildTransferFunctionScriptingTraits (0ms)
			SetupTypeCache (434ms)
			ReleaseScriptCaches (2ms)
			RebuildScriptCaches (78ms)
			SetupLoadedEditorAssemblies (519ms)
				LogAssemblyErrors (0ms)
				InitializePlatformSupportModulesInManaged (5ms)
				SetLoadedEditorAssemblies (1ms)
				RefreshPlugins (3ms)
				BeforeProcessingInitializeOnLoad (172ms)
				ProcessInitializeOnLoadAttributes (306ms)
				ProcessInitializeOnLoadMethodAttributes (19ms)
				AfterProcessingInitializeOnLoad (13ms)
				EditorAssembliesLoaded (0ms)
			ExecutionOrderSort2 (0ms)
			AwakeInstancesAfterBackupRestoration (25ms)
Platform modules already initialized, skipping
Refreshing native plugins compatible for Editor in 4.52 ms, found 6 plugins.
Preloading 0 native plugins for Editor in 0.00 ms.
Unloading 4709 Unused Serialized files (Serialized files now loaded: 0)
System memory in use before: 314.1 MB.
System memory in use after: 314.5 MB.

Unloading 31 unused Assets to reduce memory usage. Loaded Objects now: 5566.
Total: 5.439600 ms (FindLiveObjects: 0.513100 ms CreateObjectMapping: 0.168700 ms MarkObjects: 4.729000 ms  DeleteObjects: 0.026700 ms)

AssetImportParameters requested are different than current active one (requested -> active):
  custom:framework-win-MediaFoundation: 216162199b28c13a410421893ffa2e32 -> 
  custom:video-decoder-ogg-theora: a1e56fd34408186e4bbccfd4996cb3dc -> 
  custom:container-muxer-webm: aa71ff27fc2769a1b78a27578f13a17b -> 
  custom:container-demuxer-webm: 4f35f7cbe854078d1ac9338744f61a02 -> 
  custom:container-demuxer-ogg: 62fdf1f143b41e24485cea50d1cbac27 -> 
  custom:video-encoder-webm-vp8: eb34c28f22e8b96e1ab97ce403110664 -> 
  custom:video-codec-MediaFoundation-h265: e54d7ab0439102e2317fc1e4b246158d -> 
  custom:video-decoder-webm-vp8: 9c59270c3fd7afecdb556c50c9e8de78 -> 
  custom:audio-decoder-ogg-vorbis: bf7c407c2cedff20999df2af8eb42d56 -> 
  custom:audio-encoder-webm-vorbis: bf7c407c2cedff20999df2af8eb42d56 -> 
========================================================================
Received Prepare
Registering precompiled user dll's ...
Registered in 0.017669 seconds.
Begin MonoManager ReloadAssembly
Native extension for WindowsStandalone target not found
Refreshing native plugins compatible for Editor in 5.85 ms, found 6 plugins.
Preloading 0 native plugins for Editor in 0.00 ms.
Mono: successfully reloaded assembly
- Completed reload, in  1.628 seconds
Domain Reload Profiling:
	ReloadAssembly (1629ms)
		BeginReloadAssembly (161ms)
			ExecutionOrderSort (0ms)
			DisableScriptedObjects (8ms)
			BackupInstance (0ms)
			ReleaseScriptingObjects (0ms)
			CreateAndSetChildDomain (42ms)
		EndReloadAssembly (1385ms)
			LoadAssemblies (150ms)
			RebuildTransferFunctionScriptingTraits (0ms)
			SetupTypeCache (411ms)
			ReleaseScriptCaches (2ms)
			RebuildScriptCaches (79ms)
			SetupLoadedEditorAssemblies (551ms)
				LogAssemblyErrors (0ms)
				InitializePlatformSupportModulesInManaged (6ms)
				SetLoadedEditorAssemblies (1ms)
				RefreshPlugins (6ms)
				BeforeProcessingInitializeOnLoad (177ms)
				ProcessInitializeOnLoadAttributes (328ms)
				ProcessInitializeOnLoadMethodAttributes (19ms)
				AfterProcessingInitializeOnLoad (13ms)
				EditorAssembliesLoaded (0ms)
			ExecutionOrderSort2 (0ms)
			AwakeInstancesAfterBackupRestoration (26ms)
Platform modules already initialized, skipping
Refreshing native plugins compatible for Editor in 2.99 ms, found 6 plugins.
Preloading 0 native plugins for Editor in 0.00 ms.
Unloading 4709 Unused Serialized files (Serialized files now loaded: 0)
System memory in use before: 314.1 MB.
System memory in use after: 314.6 MB.

Unloading 31 unused Assets to reduce memory usage. Loaded Objects now: 5568.
Total: 5.206700 ms (FindLiveObjects: 0.422600 ms CreateObjectMapping: 0.123500 ms MarkObjects: 4.632400 ms  DeleteObjects: 0.026700 ms)

AssetImportParameters requested are different than current active one (requested -> active):
  custom:framework-win-MediaFoundation: 216162199b28c13a410421893ffa2e32 -> 
  custom:video-decoder-ogg-theora: a1e56fd34408186e4bbccfd4996cb3dc -> 
  custom:container-muxer-webm: aa71ff27fc2769a1b78a27578f13a17b -> 
  custom:container-demuxer-webm: 4f35f7cbe854078d1ac9338744f61a02 -> 
  custom:container-demuxer-ogg: 62fdf1f143b41e24485cea50d1cbac27 -> 
  custom:video-encoder-webm-vp8: eb34c28f22e8b96e1ab97ce403110664 -> 
  custom:video-codec-MediaFoundation-h265: e54d7ab0439102e2317fc1e4b246158d -> 
  custom:video-decoder-webm-vp8: 9c59270c3fd7afecdb556c50c9e8de78 -> 
  custom:audio-decoder-ogg-vorbis: bf7c407c2cedff20999df2af8eb42d56 -> 
  custom:audio-encoder-webm-vorbis: bf7c407c2cedff20999df2af8eb42d56 -> 
========================================================================
Received Prepare
Registering precompiled user dll's ...
Registered in 0.016564 seconds.
Begin MonoManager ReloadAssembly
Native extension for WindowsStandalone target not found
Refreshing native plugins compatible for Editor in 3.49 ms, found 6 plugins.
Preloading 0 native plugins for Editor in 0.00 ms.
Mono: successfully reloaded assembly
- Completed reload, in  1.608 seconds
Domain Reload Profiling:
	ReloadAssembly (1608ms)
		BeginReloadAssembly (173ms)
			ExecutionOrderSort (0ms)
			DisableScriptedObjects (9ms)
			BackupInstance (0ms)
			ReleaseScriptingObjects (0ms)
			CreateAndSetChildDomain (42ms)
		EndReloadAssembly (1356ms)
			LoadAssemblies (148ms)
			RebuildTransferFunctionScriptingTraits (0ms)
			SetupTypeCache (402ms)
			ReleaseScriptCaches (2ms)
			RebuildScriptCaches (80ms)
			SetupLoadedEditorAssemblies (539ms)
				LogAssemblyErrors (0ms)
				InitializePlatformSupportModulesInManaged (5ms)
				SetLoadedEditorAssemblies (1ms)
				RefreshPlugins (4ms)
				BeforeProcessingInitializeOnLoad (175ms)
				ProcessInitializeOnLoadAttributes (322ms)
				ProcessInitializeOnLoadMethodAttributes (20ms)
				AfterProcessingInitializeOnLoad (13ms)
				EditorAssembliesLoaded (0ms)
			ExecutionOrderSort2 (0ms)
			AwakeInstancesAfterBackupRestoration (26ms)
Platform modules already initialized, skipping
Refreshing native plugins compatible for Editor in 3.09 ms, found 6 plugins.
Preloading 0 native plugins for Editor in 0.00 ms.
Unloading 4709 Unused Serialized files (Serialized files now loaded: 0)
System memory in use before: 314.1 MB.
System memory in use after: 314.6 MB.

Unloading 31 unused Assets to reduce memory usage. Loaded Objects now: 5570.
Total: 5.533800 ms (FindLiveObjects: 0.431900 ms CreateObjectMapping: 0.125600 ms MarkObjects: 4.949100 ms  DeleteObjects: 0.025500 ms)

AssetImportParameters requested are different than current active one (requested -> active):
  custom:framework-win-MediaFoundation: 216162199b28c13a410421893ffa2e32 -> 
  custom:video-decoder-ogg-theora: a1e56fd34408186e4bbccfd4996cb3dc -> 
  custom:container-muxer-webm: aa71ff27fc2769a1b78a27578f13a17b -> 
  custom:container-demuxer-webm: 4f35f7cbe854078d1ac9338744f61a02 -> 
  custom:container-demuxer-ogg: 62fdf1f143b41e24485cea50d1cbac27 -> 
  custom:video-encoder-webm-vp8: eb34c28f22e8b96e1ab97ce403110664 -> 
  custom:video-codec-MediaFoundation-h265: e54d7ab0439102e2317fc1e4b246158d -> 
  custom:video-decoder-webm-vp8: 9c59270c3fd7afecdb556c50c9e8de78 -> 
  custom:audio-decoder-ogg-vorbis: bf7c407c2cedff20999df2af8eb42d56 -> 
  custom:audio-encoder-webm-vorbis: bf7c407c2cedff20999df2af8eb42d56 -> 
========================================================================
Received Import Request.
  Time since last request: 589.499506 seconds.
  path: Assets/Resources/Map/Prefab/AutoTile.prefab
  artifactKey: Guid(b7fc89748c5c0ae41bcce9449de4bb6d) Importer(815301076,1909f56bfc062723c751e8b465ee728b)
Start importing Assets/Resources/Map/Prefab/AutoTile.prefab using Guid(b7fc89748c5c0ae41bcce9449de4bb6d) Importer(815301076,1909f56bfc062723c751e8b465ee728b)  -> (artifact id: '1c6defca5081426d8e84899d2f529cf1') in 0.355640 seconds 
  Import took 0.367022 seconds .

========================================================================
Received Import Request.
  Time since last request: 0.000294 seconds.
  path: Assets/Resources/Map/Prefab/Stone5.prefab
  artifactKey: Guid(7f37b82a7eb5e50478566697da2967e6) Importer(815301076,1909f56bfc062723c751e8b465ee728b)
Start importing Assets/Resources/Map/Prefab/Stone5.prefab using Guid(7f37b82a7eb5e50478566697da2967e6) Importer(815301076,1909f56bfc062723c751e8b465ee728b)  -> (artifact id: '5c9f03e3090aa79fdbeac202e0fbefd2') in 0.021701 seconds 
  Import took 0.030986 seconds .

========================================================================
Received Import Request.
  Time since last request: 0.000370 seconds.
  path: Assets/Resources/Map/Prefab/OpenedMetalTile.prefab
  artifactKey: Guid(a6b51c55071e06d4093c4ca913e865d9) Importer(815301076,1909f56bfc062723c751e8b465ee728b)
Start importing Assets/Resources/Map/Prefab/OpenedMetalTile.prefab using Guid(a6b51c55071e06d4093c4ca913e865d9) Importer(815301076,1909f56bfc062723c751e8b465ee728b)  -> (artifact id: 'b64f75782aeb6cc01d4c8845bccac7d2') in 0.017842 seconds 
  Import took 0.027962 seconds .

========================================================================
Received Import Request.
  Time since last request: 0.000327 seconds.
  path: Assets/Resources/Map/Prefab/TileSet_Earth.prefab
  artifactKey: Guid(05ca8e0a51be6b34993eb1748bae4780) Importer(815301076,1909f56bfc062723c751e8b465ee728b)
Start importing Assets/Resources/Map/Prefab/TileSet_Earth.prefab using Guid(05ca8e0a51be6b34993eb1748bae4780) Importer(815301076,1909f56bfc062723c751e8b465ee728b)  -> (artifact id: 'b843a4d1075a45c5043f41859d4276e6') in 0.074007 seconds 
  Import took 0.083540 seconds .

========================================================================
Received Import Request.
  Time since last request: 0.000281 seconds.
  path: Assets/Resources/Map/Prefab/Crystal (0).prefab
  artifactKey: Guid(34ba20d74da2eb4419c2adb5e69e4222) Importer(815301076,1909f56bfc062723c751e8b465ee728b)
Start importing Assets/Resources/Map/Prefab/Crystal (0).prefab using Guid(34ba20d74da2eb4419c2adb5e69e4222) Importer(815301076,1909f56bfc062723c751e8b465ee728b)  -> (artifact id: 'affcb5892181bd260639e93590ab8c94') in 0.050214 seconds 
  Import took 0.058594 seconds .

========================================================================
Received Import Request.
  Time since last request: 0.000299 seconds.
  path: Assets/Resources/Map/Prefab/Stone3.prefab
  artifactKey: Guid(175d55ed71513fb46b66dcdd7a945143) Importer(815301076,1909f56bfc062723c751e8b465ee728b)
Start importing Assets/Resources/Map/Prefab/Stone3.prefab using Guid(175d55ed71513fb46b66dcdd7a945143) Importer(815301076,1909f56bfc062723c751e8b465ee728b)  -> (artifact id: '638cfdcf60ec035119db04e501058893') in 0.016314 seconds 
  Import took 0.024948 seconds .

========================================================================
Received Import Request.
  Time since last request: 0.000323 seconds.
  path: Assets/Resources/Map/Prefab/Crystal (2).prefab
  artifactKey: Guid(954cedbc9a6294646b34ced4ea9f9067) Importer(815301076,1909f56bfc062723c751e8b465ee728b)
Start importing Assets/Resources/Map/Prefab/Crystal (2).prefab using Guid(954cedbc9a6294646b34ced4ea9f9067) Importer(815301076,1909f56bfc062723c751e8b465ee728b)  -> (artifact id: '2fe8398d66bb291abaffb4b02fd5ef50') in 0.020055 seconds 
  Import took 0.032006 seconds .

========================================================================
Received Import Request.
  Time since last request: 0.000260 seconds.
  path: Assets/Resources/Map/Prefab/TileSet_Wind.prefab
  artifactKey: Guid(025ec7cfa49024f4c9cdff719f8d34a9) Importer(815301076,1909f56bfc062723c751e8b465ee728b)
Start importing Assets/Resources/Map/Prefab/TileSet_Wind.prefab using Guid(025ec7cfa49024f4c9cdff719f8d34a9) Importer(815301076,1909f56bfc062723c751e8b465ee728b)  -> (artifact id: 'a05014b75f90b3402313c6d23a3c8594') in 0.051125 seconds 
  Import took 0.061220 seconds .

========================================================================
Received Import Request.
  Time since last request: 0.000343 seconds.
  path: Assets/Resources/Map/Prefab/StreetLight (0).prefab
  artifactKey: Guid(3aeffd63ea071d64a97e57619f24695f) Importer(815301076,1909f56bfc062723c751e8b465ee728b)
Start importing Assets/Resources/Map/Prefab/StreetLight (0).prefab using Guid(3aeffd63ea071d64a97e57619f24695f) Importer(815301076,1909f56bfc062723c751e8b465ee728b)  -> (artifact id: '22db07ac4a04ccc3c3946db6147b3196') in 0.044503 seconds 
  Import took 0.054941 seconds .

========================================================================
Received Import Request.
  Time since last request: 0.000307 seconds.
  path: Assets/Resources/Map/Prefab/Tree.prefab
  artifactKey: Guid(640048ef69b1e8549aad7e8fdef72c31) Importer(815301076,1909f56bfc062723c751e8b465ee728b)
Start importing Assets/Resources/Map/Prefab/Tree.prefab using Guid(640048ef69b1e8549aad7e8fdef72c31) Importer(815301076,1909f56bfc062723c751e8b465ee728b)  -> (artifact id: '3704e68f0eb362af3cbc3278df572494') in 0.022139 seconds 
  Import took 0.031756 seconds .

========================================================================
Received Import Request.
  Time since last request: 0.000263 seconds.
  path: Assets/Resources/Map/Prefab/Crystal (1).prefab
  artifactKey: Guid(10b148a1925bb4649af7d1db1aa02be6) Importer(815301076,1909f56bfc062723c751e8b465ee728b)
Start importing Assets/Resources/Map/Prefab/Crystal (1).prefab using Guid(10b148a1925bb4649af7d1db1aa02be6) Importer(815301076,1909f56bfc062723c751e8b465ee728b)  -> (artifact id: 'ac040e29065a63c42baa1a05d9d0d5d2') in 0.019462 seconds 
  Import took 0.029835 seconds .

========================================================================
Received Import Request.
  Time since last request: 0.000333 seconds.
  path: Assets/Resources/Map/Prefab/Crystal_Prop (0).prefab
  artifactKey: Guid(8210c994deaff3044983b5370e97b945) Importer(815301076,1909f56bfc062723c751e8b465ee728b)
Start importing Assets/Resources/Map/Prefab/Crystal_Prop (0).prefab using Guid(8210c994deaff3044983b5370e97b945) Importer(815301076,1909f56bfc062723c751e8b465ee728b)  -> (artifact id: 'de7ed798639e654c0ad6dd271d7146fc') in 0.021781 seconds 
  Import took 0.030880 seconds .

========================================================================
Received Import Request.
  Time since last request: 0.000336 seconds.
  path: Assets/Resources/Map/Prefab/Pole.prefab
  artifactKey: Guid(0b1f3597c52c9ec4bace85f04dff8af5) Importer(815301076,1909f56bfc062723c751e8b465ee728b)
Start importing Assets/Resources/Map/Prefab/Pole.prefab using Guid(0b1f3597c52c9ec4bace85f04dff8af5) Importer(815301076,1909f56bfc062723c751e8b465ee728b)  -> (artifact id: 'c01065328d5e50ad2a39f91e131c577a') in 0.040658 seconds 
  Import took 0.051021 seconds .

========================================================================
Received Import Request.
  Time since last request: 0.000295 seconds.
  path: Assets/Resources/Map/Prefab/Stone2.prefab
  artifactKey: Guid(c2daa88ef3636444ab371c23c3a1011a) Importer(815301076,1909f56bfc062723c751e8b465ee728b)
Start importing Assets/Resources/Map/Prefab/Stone2.prefab using Guid(c2daa88ef3636444ab371c23c3a1011a) Importer(815301076,1909f56bfc062723c751e8b465ee728b)  -> (artifact id: 'dc0febb42c08b08c07e2f98f4b0486ff') in 0.018198 seconds 
  Import took 0.028279 seconds .

========================================================================
Received Import Request.
  Time since last request: 0.000318 seconds.
  path: Assets/Resources/Map/Prefab/Bush.prefab
  artifactKey: Guid(6fed0a9b32510734c8dc53311cb1590e) Importer(815301076,1909f56bfc062723c751e8b465ee728b)
Start importing Assets/Resources/Map/Prefab/Bush.prefab using Guid(6fed0a9b32510734c8dc53311cb1590e) Importer(815301076,1909f56bfc062723c751e8b465ee728b)  -> (artifact id: '79b37c925e435f2f159ab822f1aa9e6c') in 0.022614 seconds 
  Import took 0.033018 seconds .

========================================================================
Received Import Request.
  Time since last request: 0.000316 seconds.
  path: Assets/Resources/Map/Prefab/Crystal_Prop (1).prefab
  artifactKey: Guid(cbebb704a1fbed14f98f24901df9ac80) Importer(815301076,1909f56bfc062723c751e8b465ee728b)
Start importing Assets/Resources/Map/Prefab/Crystal_Prop (1).prefab using Guid(cbebb704a1fbed14f98f24901df9ac80) Importer(815301076,1909f56bfc062723c751e8b465ee728b)  -> (artifact id: 'c0bf2c992d0231da2c7647eb18b0ccbb') in 0.024131 seconds 
  Import took 0.033444 seconds .

========================================================================
Received Import Request.
  Time since last request: 0.000327 seconds.
  path: Assets/Resources/Map/Prefab/Stone4.prefab
  artifactKey: Guid(11a67d75cd7afd7488289f89a8c62653) Importer(815301076,1909f56bfc062723c751e8b465ee728b)
Start importing Assets/Resources/Map/Prefab/Stone4.prefab using Guid(11a67d75cd7afd7488289f89a8c62653) Importer(815301076,1909f56bfc062723c751e8b465ee728b)  -> (artifact id: '8e12cd1a1cbe22c9c9728ded223b085f') in 0.018087 seconds 
  Import took 0.029299 seconds .

========================================================================
Received Import Request.
  Time since last request: 0.000270 seconds.
  path: Assets/Resources/Map/Prefab/Stone1.prefab
  artifactKey: Guid(5db263824a81e094497311d88fb29e35) Importer(815301076,1909f56bfc062723c751e8b465ee728b)
Start importing Assets/Resources/Map/Prefab/Stone1.prefab using Guid(5db263824a81e094497311d88fb29e35) Importer(815301076,1909f56bfc062723c751e8b465ee728b)  -> (artifact id: 'c4d1e8656cba65a2f0366266705123ce') in 0.018934 seconds 
  Import took 0.028955 seconds .

========================================================================
Received Import Request.
  Time since last request: 0.000378 seconds.
  path: Assets/Resources/Map/Prefab/Stone7.prefab
  artifactKey: Guid(ca29170e6be199d4bb5c29f22ca82dc1) Importer(815301076,1909f56bfc062723c751e8b465ee728b)
Start importing Assets/Resources/Map/Prefab/Stone7.prefab using Guid(ca29170e6be199d4bb5c29f22ca82dc1) Importer(815301076,1909f56bfc062723c751e8b465ee728b)  -> (artifact id: '10705c779b4bb0683d01e80f939242c8') in 0.017088 seconds 
  Import took 0.026955 seconds .

========================================================================
Received Import Request.
  Time since last request: 0.000359 seconds.
  path: Assets/Resources/Map/Prefab/StreetLight (2).prefab
  artifactKey: Guid(0c4ca3f96f5d4c448a0732b4fa3263d8) Importer(815301076,1909f56bfc062723c751e8b465ee728b)
Start importing Assets/Resources/Map/Prefab/StreetLight (2).prefab using Guid(0c4ca3f96f5d4c448a0732b4fa3263d8) Importer(815301076,1909f56bfc062723c751e8b465ee728b)  -> (artifact id: 'c943fc7cbc57e971d7415b15723d50c2') in 0.019145 seconds 
  Import took 0.028815 seconds .

========================================================================
Received Import Request.
  Time since last request: 0.000429 seconds.
  path: Assets/Resources/Map/Prefab/StreetLight (1).prefab
  artifactKey: Guid(a1f64529a9408d64bad5b6a05106237a) Importer(815301076,1909f56bfc062723c751e8b465ee728b)
Start importing Assets/Resources/Map/Prefab/StreetLight (1).prefab using Guid(a1f64529a9408d64bad5b6a05106237a) Importer(815301076,1909f56bfc062723c751e8b465ee728b)  -> (artifact id: '3b75fff85788f14256dad4fbd5dbe207') in 0.019329 seconds 
  Import took 0.029430 seconds .

========================================================================
Received Import Request.
  Time since last request: 0.000262 seconds.
  path: Assets/Resources/Map/Prefab/Crystal (4).prefab
  artifactKey: Guid(8b67f5c32889adc459a5e97cab032812) Importer(815301076,1909f56bfc062723c751e8b465ee728b)
Start importing Assets/Resources/Map/Prefab/Crystal (4).prefab using Guid(8b67f5c32889adc459a5e97cab032812) Importer(815301076,1909f56bfc062723c751e8b465ee728b)  -> (artifact id: 'eaa029573eb67f1f2943ac0db4a8f8f7') in 0.019997 seconds 
  Import took 0.031159 seconds .

========================================================================
Received Import Request.
  Time since last request: 0.000268 seconds.
  path: Assets/Resources/Map/Prefab/Crystal (3).prefab
  artifactKey: Guid(83356123bd1aa7c4faac7e7327052eb3) Importer(815301076,1909f56bfc062723c751e8b465ee728b)
Start importing Assets/Resources/Map/Prefab/Crystal (3).prefab using Guid(83356123bd1aa7c4faac7e7327052eb3) Importer(815301076,1909f56bfc062723c751e8b465ee728b)  -> (artifact id: '8b3d6ee154a15a91a42a5ab25f0caf34') in 0.019127 seconds 
  Import took 0.029097 seconds .

========================================================================
Received Import Request.
  Time since last request: 0.000537 seconds.
  path: Assets/Resources/Map/Prefab/Crystal_Prop (2).prefab
  artifactKey: Guid(ea70336186ec916498b547de00c94c9b) Importer(815301076,1909f56bfc062723c751e8b465ee728b)
Start importing Assets/Resources/Map/Prefab/Crystal_Prop (2).prefab using Guid(ea70336186ec916498b547de00c94c9b) Importer(815301076,1909f56bfc062723c751e8b465ee728b)  -> (artifact id: '6ea073033e25128ec04407adfc436c4c') in 0.020559 seconds 
  Import took 0.031501 seconds .

========================================================================
Received Import Request.
  Time since last request: 11.315788 seconds.
  path: Assets/Resources/Map/Prefab/TileSet_Earth.prefab
  artifactKey: Guid(05ca8e0a51be6b34993eb1748bae4780) Importer(815301076,1909f56bfc062723c751e8b465ee728b)
Start importing Assets/Resources/Map/Prefab/TileSet_Earth.prefab using Guid(05ca8e0a51be6b34993eb1748bae4780) Importer(815301076,1909f56bfc062723c751e8b465ee728b)  -> (artifact id: '8f8155375de0765697fa69206b2edfa8') in 0.053527 seconds 
  Import took 0.062998 seconds .

AssetImportWorkerClient::OnTransportError - code=2 error=End of file
